CRITICAL - 2022-11-10 14:11:50 --> Call to a member function getName() on array
#0 /var/www/html/app/Models/FileModel.php(62): App\Models\FileModel::singleUpload(Array)
#1 /var/www/html/vendor/codeigniter4/framework/system/CodeIgniter.php(832): App\Models\FileModel->editorUpLoad()
#2 /var/www/html/vendor/codeigniter4/framework/system/CodeIgniter.php(419): CodeIgniter\CodeIgniter->runController(Object(App\Models\FileModel))
#3 /var/www/html/vendor/codeigniter4/framework/system/CodeIgniter.php(326): CodeIgniter\CodeIgniter->handleRequest(NULL, Object(Config\Cache), false)
#4 /var/www/html/public/index.php(9): CodeIgniter\CodeIgniter->run()
#5 {main}
ERROR - 2022-11-10 16:59:36 --> Table 'origin.co_adminMenu' doesn't exist in engine
CRITICAL - 2022-11-10 16:59:36 --> Call to a member function getResult() on bool
#0 /var/www/html/vendor/codeigniter4/framework/system/BaseModel.php(584): CodeIgniter\Model->doFindAll(0, 0)
#1 /var/www/html/app/Models/Menu/AdminMenu.php(11): CodeIgniter\BaseModel->findAll()
#2 /var/www/html/app/Config/Routes.php(29): App\Models\Menu\AdminMenu->__construct(true)
#3 /var/www/html/vendor/codeigniter4/framework/system/Router/RouteCollection.php(607): CodeIgniter\CodeIgniter->Config\{closure}(Object(CodeIgniter\Router\RouteCollection))
#4 /var/www/html/app/Config/Routes.php(32): CodeIgniter\Router\RouteCollection->group('admin', Array, Object(Closure))
#5 /var/www/html/vendor/codeigniter4/framework/system/CodeIgniter.php(713): require('/var/www/html/a...')
#6 /var/www/html/vendor/codeigniter4/framework/system/CodeIgniter.php(368): CodeIgniter\CodeIgniter->tryToRouteIt(Object(CodeIgniter\Router\RouteCollection))
#7 /var/www/html/vendor/codeigniter4/framework/system/CodeIgniter.php(326): CodeIgniter\CodeIgniter->handleRequest(NULL, Object(Config\Cache), false)
#8 /var/www/html/public/index.php(9): CodeIgniter\CodeIgniter->run()
#9 {main}
ERROR - 2022-11-10 16:59:37 --> Table 'origin.co_adminMenu' doesn't exist in engine
CRITICAL - 2022-11-10 16:59:37 --> Call to a member function getResult() on bool
#0 /var/www/html/vendor/codeigniter4/framework/system/BaseModel.php(584): CodeIgniter\Model->doFindAll(0, 0)
#1 /var/www/html/app/Models/Menu/AdminMenu.php(11): CodeIgniter\BaseModel->findAll()
#2 /var/www/html/app/Config/Routes.php(29): App\Models\Menu\AdminMenu->__construct(true)
#3 /var/www/html/vendor/codeigniter4/framework/system/Router/RouteCollection.php(607): CodeIgniter\CodeIgniter->Config\{closure}(Object(CodeIgniter\Router\RouteCollection))
#4 /var/www/html/app/Config/Routes.php(32): CodeIgniter\Router\RouteCollection->group('admin', Array, Object(Closure))
#5 /var/www/html/vendor/codeigniter4/framework/system/CodeIgniter.php(713): require('/var/www/html/a...')
#6 /var/www/html/vendor/codeigniter4/framework/system/CodeIgniter.php(368): CodeIgniter\CodeIgniter->tryToRouteIt(Object(CodeIgniter\Router\RouteCollection))
#7 /var/www/html/vendor/codeigniter4/framework/system/CodeIgniter.php(326): CodeIgniter\CodeIgniter->handleRequest(NULL, Object(Config\Cache), false)
#8 /var/www/html/public/index.php(9): CodeIgniter\CodeIgniter->run()
#9 {main}
ERROR - 2022-11-10 16:59:49 --> Table 'origin.co_adminMenu' doesn't exist in engine
CRITICAL - 2022-11-10 16:59:49 --> Table 'origin.co_adminMenu' doesn't exist in engine
#0 /var/www/html/vendor/codeigniter4/framework/system/Database/MySQLi/Connection.php(292): mysqli->query('SELECT *\nFROM `...', 0)
#1 /var/www/html/vendor/codeigniter4/framework/system/Database/BaseConnection.php(670): CodeIgniter\Database\MySQLi\Connection->execute('SELECT *\nFROM `...')
#2 /var/www/html/vendor/codeigniter4/framework/system/Database/BaseConnection.php(598): CodeIgniter\Database\BaseConnection->simpleQuery('SELECT *\nFROM `...')
#3 /var/www/html/vendor/codeigniter4/framework/system/Database/BaseBuilder.php(1455): CodeIgniter\Database\BaseConnection->query('SELECT *\nFROM `...', Array, false)
#4 /var/www/html/vendor/codeigniter4/framework/system/Model.php(183): CodeIgniter\Database\BaseBuilder->get()
#5 /var/www/html/vendor/codeigniter4/framework/system/BaseModel.php(584): CodeIgniter\Model->doFindAll(0, 0)
#6 /var/www/html/app/Models/Menu/AdminMenu.php(11): CodeIgniter\BaseModel->findAll()
#7 /var/www/html/app/Config/Routes.php(29): App\Models\Menu\AdminMenu->__construct(true)
#8 /var/www/html/vendor/codeigniter4/framework/system/Router/RouteCollection.php(607): CodeIgniter\CodeIgniter->Config\{closure}(Object(CodeIgniter\Router\RouteCollection))
#9 /var/www/html/app/Config/Routes.php(32): CodeIgniter\Router\RouteCollection->group('admin', Array, Object(Closure))
#10 /var/www/html/vendor/codeigniter4/framework/system/CodeIgniter.php(713): require('/var/www/html/a...')
#11 /var/www/html/vendor/codeigniter4/framework/system/CodeIgniter.php(368): CodeIgniter\CodeIgniter->tryToRouteIt(Object(CodeIgniter\Router\RouteCollection))
#12 /var/www/html/vendor/codeigniter4/framework/system/CodeIgniter.php(326): CodeIgniter\CodeIgniter->handleRequest(NULL, Object(Config\Cache), false)
#13 /var/www/html/public/index.php(9): CodeIgniter\CodeIgniter->run()
#14 {main}
ERROR - 2022-11-10 16:59:50 --> Table 'origin.co_adminMenu' doesn't exist in engine
CRITICAL - 2022-11-10 16:59:50 --> Table 'origin.co_adminMenu' doesn't exist in engine
#0 /var/www/html/vendor/codeigniter4/framework/system/Database/MySQLi/Connection.php(292): mysqli->query('SELECT *\nFROM `...', 0)
#1 /var/www/html/vendor/codeigniter4/framework/system/Database/BaseConnection.php(670): CodeIgniter\Database\MySQLi\Connection->execute('SELECT *\nFROM `...')
#2 /var/www/html/vendor/codeigniter4/framework/system/Database/BaseConnection.php(598): CodeIgniter\Database\BaseConnection->simpleQuery('SELECT *\nFROM `...')
#3 /var/www/html/vendor/codeigniter4/framework/system/Database/BaseBuilder.php(1455): CodeIgniter\Database\BaseConnection->query('SELECT *\nFROM `...', Array, false)
#4 /var/www/html/vendor/codeigniter4/framework/system/Model.php(183): CodeIgniter\Database\BaseBuilder->get()
#5 /var/www/html/vendor/codeigniter4/framework/system/BaseModel.php(584): CodeIgniter\Model->doFindAll(0, 0)
#6 /var/www/html/app/Models/Menu/AdminMenu.php(11): CodeIgniter\BaseModel->findAll()
#7 /var/www/html/app/Config/Routes.php(29): App\Models\Menu\AdminMenu->__construct(true)
#8 /var/www/html/vendor/codeigniter4/framework/system/Router/RouteCollection.php(607): CodeIgniter\CodeIgniter->Config\{closure}(Object(CodeIgniter\Router\RouteCollection))
#9 /var/www/html/app/Config/Routes.php(32): CodeIgniter\Router\RouteCollection->group('admin', Array, Object(Closure))
#10 /var/www/html/vendor/codeigniter4/framework/system/CodeIgniter.php(713): require('/var/www/html/a...')
#11 /var/www/html/vendor/codeigniter4/framework/system/CodeIgniter.php(368): CodeIgniter\CodeIgniter->tryToRouteIt(Object(CodeIgniter\Router\RouteCollection))
#12 /var/www/html/vendor/codeigniter4/framework/system/CodeIgniter.php(326): CodeIgniter\CodeIgniter->handleRequest(NULL, Object(Config\Cache), false)
#13 /var/www/html/public/index.php(9): CodeIgniter\CodeIgniter->run()
#14 {main}
ERROR - 2022-11-10 17:00:51 --> Table 'origin.co_adminMenu' doesn't exist in engine
CRITICAL - 2022-11-10 17:00:51 --> Table 'origin.co_adminMenu' doesn't exist in engine
#0 /var/www/html/vendor/codeigniter4/framework/system/Database/MySQLi/Connection.php(292): mysqli->query('SELECT *\nFROM `...', 0)
#1 /var/www/html/vendor/codeigniter4/framework/system/Database/BaseConnection.php(670): CodeIgniter\Database\MySQLi\Connection->execute('SELECT *\nFROM `...')
#2 /var/www/html/vendor/codeigniter4/framework/system/Database/BaseConnection.php(598): CodeIgniter\Database\BaseConnection->simpleQuery('SELECT *\nFROM `...')
#3 /var/www/html/vendor/codeigniter4/framework/system/Database/BaseBuilder.php(1455): CodeIgniter\Database\BaseConnection->query('SELECT *\nFROM `...', Array, false)
#4 /var/www/html/vendor/codeigniter4/framework/system/Model.php(183): CodeIgniter\Database\BaseBuilder->get()
#5 /var/www/html/vendor/codeigniter4/framework/system/BaseModel.php(584): CodeIgniter\Model->doFindAll(0, 0)
#6 /var/www/html/app/Models/Menu/AdminMenu.php(11): CodeIgniter\BaseModel->findAll()
#7 /var/www/html/app/Config/Routes.php(29): App\Models\Menu\AdminMenu->__construct(true)
#8 /var/www/html/vendor/codeigniter4/framework/system/Router/RouteCollection.php(607): CodeIgniter\CodeIgniter->Config\{closure}(Object(CodeIgniter\Router\RouteCollection))
#9 /var/www/html/app/Config/Routes.php(32): CodeIgniter\Router\RouteCollection->group('admin', Array, Object(Closure))
#10 /var/www/html/vendor/codeigniter4/framework/system/CodeIgniter.php(713): require('/var/www/html/a...')
#11 /var/www/html/vendor/codeigniter4/framework/system/CodeIgniter.php(368): CodeIgniter\CodeIgniter->tryToRouteIt(Object(CodeIgniter\Router\RouteCollection))
#12 /var/www/html/vendor/codeigniter4/framework/system/CodeIgniter.php(326): CodeIgniter\CodeIgniter->handleRequest(NULL, Object(Config\Cache), false)
#13 /var/www/html/public/index.php(9): CodeIgniter\CodeIgniter->run()
#14 {main}
ERROR - 2022-11-10 17:00:51 --> Table 'origin.co_adminMenu' doesn't exist in engine
CRITICAL - 2022-11-10 17:00:51 --> Table 'origin.co_adminMenu' doesn't exist in engine
#0 /var/www/html/vendor/codeigniter4/framework/system/Database/MySQLi/Connection.php(292): mysqli->query('SELECT *\nFROM `...', 0)
#1 /var/www/html/vendor/codeigniter4/framework/system/Database/BaseConnection.php(670): CodeIgniter\Database\MySQLi\Connection->execute('SELECT *\nFROM `...')
#2 /var/www/html/vendor/codeigniter4/framework/system/Database/BaseConnection.php(598): CodeIgniter\Database\BaseConnection->simpleQuery('SELECT *\nFROM `...')
#3 /var/www/html/vendor/codeigniter4/framework/system/Database/BaseBuilder.php(1455): CodeIgniter\Database\BaseConnection->query('SELECT *\nFROM `...', Array, false)
#4 /var/www/html/vendor/codeigniter4/framework/system/Model.php(183): CodeIgniter\Database\BaseBuilder->get()
#5 /var/www/html/vendor/codeigniter4/framework/system/BaseModel.php(584): CodeIgniter\Model->doFindAll(0, 0)
#6 /var/www/html/app/Models/Menu/AdminMenu.php(11): CodeIgniter\BaseModel->findAll()
#7 /var/www/html/app/Config/Routes.php(29): App\Models\Menu\AdminMenu->__construct(true)
#8 /var/www/html/vendor/codeigniter4/framework/system/Router/RouteCollection.php(607): CodeIgniter\CodeIgniter->Config\{closure}(Object(CodeIgniter\Router\RouteCollection))
#9 /var/www/html/app/Config/Routes.php(32): CodeIgniter\Router\RouteCollection->group('admin', Array, Object(Closure))
#10 /var/www/html/vendor/codeigniter4/framework/system/CodeIgniter.php(713): require('/var/www/html/a...')
#11 /var/www/html/vendor/codeigniter4/framework/system/CodeIgniter.php(368): CodeIgniter\CodeIgniter->tryToRouteIt(Object(CodeIgniter\Router\RouteCollection))
#12 /var/www/html/vendor/codeigniter4/framework/system/CodeIgniter.php(326): CodeIgniter\CodeIgniter->handleRequest(NULL, Object(Config\Cache), false)
#13 /var/www/html/public/index.php(9): CodeIgniter\CodeIgniter->run()
#14 {main}
ERROR - 2022-11-10 17:03:44 --> Table 'origin.co_adminMenu' doesn't exist in engine
CRITICAL - 2022-11-10 17:03:44 --> Table 'origin.co_adminMenu' doesn't exist in engine
#0 /var/www/html/vendor/codeigniter4/framework/system/Database/MySQLi/Connection.php(292): mysqli->query('SELECT *\nFROM `...', 0)
#1 /var/www/html/vendor/codeigniter4/framework/system/Database/BaseConnection.php(670): CodeIgniter\Database\MySQLi\Connection->execute('SELECT *\nFROM `...')
#2 /var/www/html/vendor/codeigniter4/framework/system/Database/BaseConnection.php(598): CodeIgniter\Database\BaseConnection->simpleQuery('SELECT *\nFROM `...')
#3 /var/www/html/vendor/codeigniter4/framework/system/Database/BaseBuilder.php(1455): CodeIgniter\Database\BaseConnection->query('SELECT *\nFROM `...', Array, false)
#4 /var/www/html/vendor/codeigniter4/framework/system/Model.php(183): CodeIgniter\Database\BaseBuilder->get()
#5 /var/www/html/vendor/codeigniter4/framework/system/BaseModel.php(584): CodeIgniter\Model->doFindAll(0, 0)
#6 /var/www/html/app/Models/Menu/AdminMenu.php(11): CodeIgniter\BaseModel->findAll()
#7 /var/www/html/app/Config/Routes.php(29): App\Models\Menu\AdminMenu->__construct(true)
#8 /var/www/html/vendor/codeigniter4/framework/system/Router/RouteCollection.php(607): CodeIgniter\CodeIgniter->Config\{closure}(Object(CodeIgniter\Router\RouteCollection))
#9 /var/www/html/app/Config/Routes.php(32): CodeIgniter\Router\RouteCollection->group('admin', Array, Object(Closure))
#10 /var/www/html/vendor/codeigniter4/framework/system/CodeIgniter.php(713): require('/var/www/html/a...')
#11 /var/www/html/vendor/codeigniter4/framework/system/CodeIgniter.php(368): CodeIgniter\CodeIgniter->tryToRouteIt(Object(CodeIgniter\Router\RouteCollection))
#12 /var/www/html/vendor/codeigniter4/framework/system/CodeIgniter.php(326): CodeIgniter\CodeIgniter->handleRequest(NULL, Object(Config\Cache), false)
#13 /var/www/html/public/index.php(9): CodeIgniter\CodeIgniter->run()
#14 {main}
ERROR - 2022-11-10 17:03:44 --> Table 'origin.co_adminMenu' doesn't exist in engine
CRITICAL - 2022-11-10 17:03:44 --> Table 'origin.co_adminMenu' doesn't exist in engine
#0 /var/www/html/vendor/codeigniter4/framework/system/Database/MySQLi/Connection.php(292): mysqli->query('SELECT *\nFROM `...', 0)
#1 /var/www/html/vendor/codeigniter4/framework/system/Database/BaseConnection.php(670): CodeIgniter\Database\MySQLi\Connection->execute('SELECT *\nFROM `...')
#2 /var/www/html/vendor/codeigniter4/framework/system/Database/BaseConnection.php(598): CodeIgniter\Database\BaseConnection->simpleQuery('SELECT *\nFROM `...')
#3 /var/www/html/vendor/codeigniter4/framework/system/Database/BaseBuilder.php(1455): CodeIgniter\Database\BaseConnection->query('SELECT *\nFROM `...', Array, false)
#4 /var/www/html/vendor/codeigniter4/framework/system/Model.php(183): CodeIgniter\Database\BaseBuilder->get()
#5 /var/www/html/vendor/codeigniter4/framework/system/BaseModel.php(584): CodeIgniter\Model->doFindAll(0, 0)
#6 /var/www/html/app/Models/Menu/AdminMenu.php(11): CodeIgniter\BaseModel->findAll()
#7 /var/www/html/app/Config/Routes.php(29): App\Models\Menu\AdminMenu->__construct(true)
#8 /var/www/html/vendor/codeigniter4/framework/system/Router/RouteCollection.php(607): CodeIgniter\CodeIgniter->Config\{closure}(Object(CodeIgniter\Router\RouteCollection))
#9 /var/www/html/app/Config/Routes.php(32): CodeIgniter\Router\RouteCollection->group('admin', Array, Object(Closure))
#10 /var/www/html/vendor/codeigniter4/framework/system/CodeIgniter.php(713): require('/var/www/html/a...')
#11 /var/www/html/vendor/codeigniter4/framework/system/CodeIgniter.php(368): CodeIgniter\CodeIgniter->tryToRouteIt(Object(CodeIgniter\Router\RouteCollection))
#12 /var/www/html/vendor/codeigniter4/framework/system/CodeIgniter.php(326): CodeIgniter\CodeIgniter->handleRequest(NULL, Object(Config\Cache), false)
#13 /var/www/html/public/index.php(9): CodeIgniter\CodeIgniter->run()
#14 {main}
ERROR - 2022-11-10 17:04:05 --> Table 'origin.co_adminMenu' doesn't exist in engine
CRITICAL - 2022-11-10 17:04:05 --> Table 'origin.co_adminMenu' doesn't exist in engine
#0 /var/www/html/vendor/codeigniter4/framework/system/Database/MySQLi/Connection.php(292): mysqli->query('SELECT *\nFROM `...', 0)
#1 /var/www/html/vendor/codeigniter4/framework/system/Database/BaseConnection.php(670): CodeIgniter\Database\MySQLi\Connection->execute('SELECT *\nFROM `...')
#2 /var/www/html/vendor/codeigniter4/framework/system/Database/BaseConnection.php(598): CodeIgniter\Database\BaseConnection->simpleQuery('SELECT *\nFROM `...')
#3 /var/www/html/vendor/codeigniter4/framework/system/Database/BaseBuilder.php(1455): CodeIgniter\Database\BaseConnection->query('SELECT *\nFROM `...', Array, false)
#4 /var/www/html/vendor/codeigniter4/framework/system/Model.php(183): CodeIgniter\Database\BaseBuilder->get()
#5 /var/www/html/vendor/codeigniter4/framework/system/BaseModel.php(584): CodeIgniter\Model->doFindAll(0, 0)
#6 /var/www/html/app/Models/Menu/AdminMenu.php(11): CodeIgniter\BaseModel->findAll()
#7 /var/www/html/app/Config/Routes.php(29): App\Models\Menu\AdminMenu->__construct(true)
#8 /var/www/html/vendor/codeigniter4/framework/system/Router/RouteCollection.php(607): CodeIgniter\CodeIgniter->Config\{closure}(Object(CodeIgniter\Router\RouteCollection))
#9 /var/www/html/app/Config/Routes.php(32): CodeIgniter\Router\RouteCollection->group('admin', Array, Object(Closure))
#10 /var/www/html/vendor/codeigniter4/framework/system/CodeIgniter.php(713): require('/var/www/html/a...')
#11 /var/www/html/vendor/codeigniter4/framework/system/CodeIgniter.php(368): CodeIgniter\CodeIgniter->tryToRouteIt(Object(CodeIgniter\Router\RouteCollection))
#12 /var/www/html/vendor/codeigniter4/framework/system/CodeIgniter.php(326): CodeIgniter\CodeIgniter->handleRequest(NULL, Object(Config\Cache), false)
#13 /var/www/html/public/index.php(9): CodeIgniter\CodeIgniter->run()
#14 {main}
ERROR - 2022-11-10 17:04:05 --> Table 'origin.co_adminMenu' doesn't exist in engine
CRITICAL - 2022-11-10 17:04:05 --> Table 'origin.co_adminMenu' doesn't exist in engine
#0 /var/www/html/vendor/codeigniter4/framework/system/Database/MySQLi/Connection.php(292): mysqli->query('SELECT *\nFROM `...', 0)
#1 /var/www/html/vendor/codeigniter4/framework/system/Database/BaseConnection.php(670): CodeIgniter\Database\MySQLi\Connection->execute('SELECT *\nFROM `...')
#2 /var/www/html/vendor/codeigniter4/framework/system/Database/BaseConnection.php(598): CodeIgniter\Database\BaseConnection->simpleQuery('SELECT *\nFROM `...')
#3 /var/www/html/vendor/codeigniter4/framework/system/Database/BaseBuilder.php(1455): CodeIgniter\Database\BaseConnection->query('SELECT *\nFROM `...', Array, false)
#4 /var/www/html/vendor/codeigniter4/framework/system/Model.php(183): CodeIgniter\Database\BaseBuilder->get()
#5 /var/www/html/vendor/codeigniter4/framework/system/BaseModel.php(584): CodeIgniter\Model->doFindAll(0, 0)
#6 /var/www/html/app/Models/Menu/AdminMenu.php(11): CodeIgniter\BaseModel->findAll()
#7 /var/www/html/app/Config/Routes.php(29): App\Models\Menu\AdminMenu->__construct(true)
#8 /var/www/html/vendor/codeigniter4/framework/system/Router/RouteCollection.php(607): CodeIgniter\CodeIgniter->Config\{closure}(Object(CodeIgniter\Router\RouteCollection))
#9 /var/www/html/app/Config/Routes.php(32): CodeIgniter\Router\RouteCollection->group('admin', Array, Object(Closure))
#10 /var/www/html/vendor/codeigniter4/framework/system/CodeIgniter.php(713): require('/var/www/html/a...')
#11 /var/www/html/vendor/codeigniter4/framework/system/CodeIgniter.php(368): CodeIgniter\CodeIgniter->tryToRouteIt(Object(CodeIgniter\Router\RouteCollection))
#12 /var/www/html/vendor/codeigniter4/framework/system/CodeIgniter.php(326): CodeIgniter\CodeIgniter->handleRequest(NULL, Object(Config\Cache), false)
#13 /var/www/html/public/index.php(9): CodeIgniter\CodeIgniter->run()
#14 {main}
ERROR - 2022-11-10 17:04:06 --> Table 'origin.co_adminMenu' doesn't exist in engine
CRITICAL - 2022-11-10 17:04:06 --> Table 'origin.co_adminMenu' doesn't exist in engine
#0 /var/www/html/vendor/codeigniter4/framework/system/Database/MySQLi/Connection.php(292): mysqli->query('SELECT *\nFROM `...', 0)
#1 /var/www/html/vendor/codeigniter4/framework/system/Database/BaseConnection.php(670): CodeIgniter\Database\MySQLi\Connection->execute('SELECT *\nFROM `...')
#2 /var/www/html/vendor/codeigniter4/framework/system/Database/BaseConnection.php(598): CodeIgniter\Database\BaseConnection->simpleQuery('SELECT *\nFROM `...')
#3 /var/www/html/vendor/codeigniter4/framework/system/Database/BaseBuilder.php(1455): CodeIgniter\Database\BaseConnection->query('SELECT *\nFROM `...', Array, false)
#4 /var/www/html/vendor/codeigniter4/framework/system/Model.php(183): CodeIgniter\Database\BaseBuilder->get()
#5 /var/www/html/vendor/codeigniter4/framework/system/BaseModel.php(584): CodeIgniter\Model->doFindAll(0, 0)
#6 /var/www/html/app/Models/Menu/AdminMenu.php(11): CodeIgniter\BaseModel->findAll()
#7 /var/www/html/app/Config/Routes.php(29): App\Models\Menu\AdminMenu->__construct(true)
#8 /var/www/html/vendor/codeigniter4/framework/system/Router/RouteCollection.php(607): CodeIgniter\CodeIgniter->Config\{closure}(Object(CodeIgniter\Router\RouteCollection))
#9 /var/www/html/app/Config/Routes.php(32): CodeIgniter\Router\RouteCollection->group('admin', Array, Object(Closure))
#10 /var/www/html/vendor/codeigniter4/framework/system/CodeIgniter.php(713): require('/var/www/html/a...')
#11 /var/www/html/vendor/codeigniter4/framework/system/CodeIgniter.php(368): CodeIgniter\CodeIgniter->tryToRouteIt(Object(CodeIgniter\Router\RouteCollection))
#12 /var/www/html/vendor/codeigniter4/framework/system/CodeIgniter.php(326): CodeIgniter\CodeIgniter->handleRequest(NULL, Object(Config\Cache), false)
#13 /var/www/html/public/index.php(9): CodeIgniter\CodeIgniter->run()
#14 {main}
ERROR - 2022-11-10 17:04:06 --> Table 'origin.co_adminMenu' doesn't exist in engine
CRITICAL - 2022-11-10 17:04:06 --> Table 'origin.co_adminMenu' doesn't exist in engine
#0 /var/www/html/vendor/codeigniter4/framework/system/Database/MySQLi/Connection.php(292): mysqli->query('SELECT *\nFROM `...', 0)
#1 /var/www/html/vendor/codeigniter4/framework/system/Database/BaseConnection.php(670): CodeIgniter\Database\MySQLi\Connection->execute('SELECT *\nFROM `...')
#2 /var/www/html/vendor/codeigniter4/framework/system/Database/BaseConnection.php(598): CodeIgniter\Database\BaseConnection->simpleQuery('SELECT *\nFROM `...')
#3 /var/www/html/vendor/codeigniter4/framework/system/Database/BaseBuilder.php(1455): CodeIgniter\Database\BaseConnection->query('SELECT *\nFROM `...', Array, false)
#4 /var/www/html/vendor/codeigniter4/framework/system/Model.php(183): CodeIgniter\Database\BaseBuilder->get()
#5 /var/www/html/vendor/codeigniter4/framework/system/BaseModel.php(584): CodeIgniter\Model->doFindAll(0, 0)
#6 /var/www/html/app/Models/Menu/AdminMenu.php(11): CodeIgniter\BaseModel->findAll()
#7 /var/www/html/app/Config/Routes.php(29): App\Models\Menu\AdminMenu->__construct(true)
#8 /var/www/html/vendor/codeigniter4/framework/system/Router/RouteCollection.php(607): CodeIgniter\CodeIgniter->Config\{closure}(Object(CodeIgniter\Router\RouteCollection))
#9 /var/www/html/app/Config/Routes.php(32): CodeIgniter\Router\RouteCollection->group('admin', Array, Object(Closure))
#10 /var/www/html/vendor/codeigniter4/framework/system/CodeIgniter.php(713): require('/var/www/html/a...')
#11 /var/www/html/vendor/codeigniter4/framework/system/CodeIgniter.php(368): CodeIgniter\CodeIgniter->tryToRouteIt(Object(CodeIgniter\Router\RouteCollection))
#12 /var/www/html/vendor/codeigniter4/framework/system/CodeIgniter.php(326): CodeIgniter\CodeIgniter->handleRequest(NULL, Object(Config\Cache), false)
#13 /var/www/html/public/index.php(9): CodeIgniter\CodeIgniter->run()
#14 {main}
ERROR - 2022-11-10 17:04:07 --> Table 'origin.co_adminMenu' doesn't exist in engine
CRITICAL - 2022-11-10 17:04:07 --> Table 'origin.co_adminMenu' doesn't exist in engine
#0 /var/www/html/vendor/codeigniter4/framework/system/Database/MySQLi/Connection.php(292): mysqli->query('SELECT *\nFROM `...', 0)
#1 /var/www/html/vendor/codeigniter4/framework/system/Database/BaseConnection.php(670): CodeIgniter\Database\MySQLi\Connection->execute('SELECT *\nFROM `...')
#2 /var/www/html/vendor/codeigniter4/framework/system/Database/BaseConnection.php(598): CodeIgniter\Database\BaseConnection->simpleQuery('SELECT *\nFROM `...')
#3 /var/www/html/vendor/codeigniter4/framework/system/Database/BaseBuilder.php(1455): CodeIgniter\Database\BaseConnection->query('SELECT *\nFROM `...', Array, false)
#4 /var/www/html/vendor/codeigniter4/framework/system/Model.php(183): CodeIgniter\Database\BaseBuilder->get()
#5 /var/www/html/vendor/codeigniter4/framework/system/BaseModel.php(584): CodeIgniter\Model->doFindAll(0, 0)
#6 /var/www/html/app/Models/Menu/AdminMenu.php(11): CodeIgniter\BaseModel->findAll()
#7 /var/www/html/app/Config/Routes.php(29): App\Models\Menu\AdminMenu->__construct(true)
#8 /var/www/html/vendor/codeigniter4/framework/system/Router/RouteCollection.php(607): CodeIgniter\CodeIgniter->Config\{closure}(Object(CodeIgniter\Router\RouteCollection))
#9 /var/www/html/app/Config/Routes.php(32): CodeIgniter\Router\RouteCollection->group('admin', Array, Object(Closure))
#10 /var/www/html/vendor/codeigniter4/framework/system/CodeIgniter.php(713): require('/var/www/html/a...')
#11 /var/www/html/vendor/codeigniter4/framework/system/CodeIgniter.php(368): CodeIgniter\CodeIgniter->tryToRouteIt(Object(CodeIgniter\Router\RouteCollection))
#12 /var/www/html/vendor/codeigniter4/framework/system/CodeIgniter.php(326): CodeIgniter\CodeIgniter->handleRequest(NULL, Object(Config\Cache), false)
#13 /var/www/html/public/index.php(9): CodeIgniter\CodeIgniter->run()
#14 {main}
ERROR - 2022-11-10 17:04:07 --> Table 'origin.co_adminMenu' doesn't exist in engine
CRITICAL - 2022-11-10 17:04:07 --> Table 'origin.co_adminMenu' doesn't exist in engine
#0 /var/www/html/vendor/codeigniter4/framework/system/Database/MySQLi/Connection.php(292): mysqli->query('SELECT *\nFROM `...', 0)
#1 /var/www/html/vendor/codeigniter4/framework/system/Database/BaseConnection.php(670): CodeIgniter\Database\MySQLi\Connection->execute('SELECT *\nFROM `...')
#2 /var/www/html/vendor/codeigniter4/framework/system/Database/BaseConnection.php(598): CodeIgniter\Database\BaseConnection->simpleQuery('SELECT *\nFROM `...')
#3 /var/www/html/vendor/codeigniter4/framework/system/Database/BaseBuilder.php(1455): CodeIgniter\Database\BaseConnection->query('SELECT *\nFROM `...', Array, false)
#4 /var/www/html/vendor/codeigniter4/framework/system/Model.php(183): CodeIgniter\Database\BaseBuilder->get()
#5 /var/www/html/vendor/codeigniter4/framework/system/BaseModel.php(584): CodeIgniter\Model->doFindAll(0, 0)
#6 /var/www/html/app/Models/Menu/AdminMenu.php(11): CodeIgniter\BaseModel->findAll()
#7 /var/www/html/app/Config/Routes.php(29): App\Models\Menu\AdminMenu->__construct(true)
#8 /var/www/html/vendor/codeigniter4/framework/system/Router/RouteCollection.php(607): CodeIgniter\CodeIgniter->Config\{closure}(Object(CodeIgniter\Router\RouteCollection))
#9 /var/www/html/app/Config/Routes.php(32): CodeIgniter\Router\RouteCollection->group('admin', Array, Object(Closure))
#10 /var/www/html/vendor/codeigniter4/framework/system/CodeIgniter.php(713): require('/var/www/html/a...')
#11 /var/www/html/vendor/codeigniter4/framework/system/CodeIgniter.php(368): CodeIgniter\CodeIgniter->tryToRouteIt(Object(CodeIgniter\Router\RouteCollection))
#12 /var/www/html/vendor/codeigniter4/framework/system/CodeIgniter.php(326): CodeIgniter\CodeIgniter->handleRequest(NULL, Object(Config\Cache), false)
#13 /var/www/html/public/index.php(9): CodeIgniter\CodeIgniter->run()
#14 {main}
ERROR - 2022-11-10 17:04:07 --> Table 'origin.co_adminMenu' doesn't exist in engine
CRITICAL - 2022-11-10 17:04:07 --> Table 'origin.co_adminMenu' doesn't exist in engine
#0 /var/www/html/vendor/codeigniter4/framework/system/Database/MySQLi/Connection.php(292): mysqli->query('SELECT *\nFROM `...', 0)
#1 /var/www/html/vendor/codeigniter4/framework/system/Database/BaseConnection.php(670): CodeIgniter\Database\MySQLi\Connection->execute('SELECT *\nFROM `...')
#2 /var/www/html/vendor/codeigniter4/framework/system/Database/BaseConnection.php(598): CodeIgniter\Database\BaseConnection->simpleQuery('SELECT *\nFROM `...')
#3 /var/www/html/vendor/codeigniter4/framework/system/Database/BaseBuilder.php(1455): CodeIgniter\Database\BaseConnection->query('SELECT *\nFROM `...', Array, false)
#4 /var/www/html/vendor/codeigniter4/framework/system/Model.php(183): CodeIgniter\Database\BaseBuilder->get()
#5 /var/www/html/vendor/codeigniter4/framework/system/BaseModel.php(584): CodeIgniter\Model->doFindAll(0, 0)
#6 /var/www/html/app/Models/Menu/AdminMenu.php(11): CodeIgniter\BaseModel->findAll()
#7 /var/www/html/app/Config/Routes.php(29): App\Models\Menu\AdminMenu->__construct(true)
#8 /var/www/html/vendor/codeigniter4/framework/system/Router/RouteCollection.php(607): CodeIgniter\CodeIgniter->Config\{closure}(Object(CodeIgniter\Router\RouteCollection))
#9 /var/www/html/app/Config/Routes.php(32): CodeIgniter\Router\RouteCollection->group('admin', Array, Object(Closure))
#10 /var/www/html/vendor/codeigniter4/framework/system/CodeIgniter.php(713): require('/var/www/html/a...')
#11 /var/www/html/vendor/codeigniter4/framework/system/CodeIgniter.php(368): CodeIgniter\CodeIgniter->tryToRouteIt(Object(CodeIgniter\Router\RouteCollection))
#12 /var/www/html/vendor/codeigniter4/framework/system/CodeIgniter.php(326): CodeIgniter\CodeIgniter->handleRequest(NULL, Object(Config\Cache), false)
#13 /var/www/html/public/index.php(9): CodeIgniter\CodeIgniter->run()
#14 {main}
ERROR - 2022-11-10 17:04:07 --> Table 'origin.co_adminMenu' doesn't exist in engine
CRITICAL - 2022-11-10 17:04:07 --> Table 'origin.co_adminMenu' doesn't exist in engine
#0 /var/www/html/vendor/codeigniter4/framework/system/Database/MySQLi/Connection.php(292): mysqli->query('SELECT *\nFROM `...', 0)
#1 /var/www/html/vendor/codeigniter4/framework/system/Database/BaseConnection.php(670): CodeIgniter\Database\MySQLi\Connection->execute('SELECT *\nFROM `...')
#2 /var/www/html/vendor/codeigniter4/framework/system/Database/BaseConnection.php(598): CodeIgniter\Database\BaseConnection->simpleQuery('SELECT *\nFROM `...')
#3 /var/www/html/vendor/codeigniter4/framework/system/Database/BaseBuilder.php(1455): CodeIgniter\Database\BaseConnection->query('SELECT *\nFROM `...', Array, false)
#4 /var/www/html/vendor/codeigniter4/framework/system/Model.php(183): CodeIgniter\Database\BaseBuilder->get()
#5 /var/www/html/vendor/codeigniter4/framework/system/BaseModel.php(584): CodeIgniter\Model->doFindAll(0, 0)
#6 /var/www/html/app/Models/Menu/AdminMenu.php(11): CodeIgniter\BaseModel->findAll()
#7 /var/www/html/app/Config/Routes.php(29): App\Models\Menu\AdminMenu->__construct(true)
#8 /var/www/html/vendor/codeigniter4/framework/system/Router/RouteCollection.php(607): CodeIgniter\CodeIgniter->Config\{closure}(Object(CodeIgniter\Router\RouteCollection))
#9 /var/www/html/app/Config/Routes.php(32): CodeIgniter\Router\RouteCollection->group('admin', Array, Object(Closure))
#10 /var/www/html/vendor/codeigniter4/framework/system/CodeIgniter.php(713): require('/var/www/html/a...')
#11 /var/www/html/vendor/codeigniter4/framework/system/CodeIgniter.php(368): CodeIgniter\CodeIgniter->tryToRouteIt(Object(CodeIgniter\Router\RouteCollection))
#12 /var/www/html/vendor/codeigniter4/framework/system/CodeIgniter.php(326): CodeIgniter\CodeIgniter->handleRequest(NULL, Object(Config\Cache), false)
#13 /var/www/html/public/index.php(9): CodeIgniter\CodeIgniter->run()
#14 {main}
ERROR - 2022-11-10 17:04:08 --> Table 'origin.co_adminMenu' doesn't exist in engine
CRITICAL - 2022-11-10 17:04:08 --> Table 'origin.co_adminMenu' doesn't exist in engine
#0 /var/www/html/vendor/codeigniter4/framework/system/Database/MySQLi/Connection.php(292): mysqli->query('SELECT *\nFROM `...', 0)
#1 /var/www/html/vendor/codeigniter4/framework/system/Database/BaseConnection.php(670): CodeIgniter\Database\MySQLi\Connection->execute('SELECT *\nFROM `...')
#2 /var/www/html/vendor/codeigniter4/framework/system/Database/BaseConnection.php(598): CodeIgniter\Database\BaseConnection->simpleQuery('SELECT *\nFROM `...')
#3 /var/www/html/vendor/codeigniter4/framework/system/Database/BaseBuilder.php(1455): CodeIgniter\Database\BaseConnection->query('SELECT *\nFROM `...', Array, false)
#4 /var/www/html/vendor/codeigniter4/framework/system/Model.php(183): CodeIgniter\Database\BaseBuilder->get()
#5 /var/www/html/vendor/codeigniter4/framework/system/BaseModel.php(584): CodeIgniter\Model->doFindAll(0, 0)
#6 /var/www/html/app/Models/Menu/AdminMenu.php(11): CodeIgniter\BaseModel->findAll()
#7 /var/www/html/app/Config/Routes.php(29): App\Models\Menu\AdminMenu->__construct(true)
#8 /var/www/html/vendor/codeigniter4/framework/system/Router/RouteCollection.php(607): CodeIgniter\CodeIgniter->Config\{closure}(Object(CodeIgniter\Router\RouteCollection))
#9 /var/www/html/app/Config/Routes.php(32): CodeIgniter\Router\RouteCollection->group('admin', Array, Object(Closure))
#10 /var/www/html/vendor/codeigniter4/framework/system/CodeIgniter.php(713): require('/var/www/html/a...')
#11 /var/www/html/vendor/codeigniter4/framework/system/CodeIgniter.php(368): CodeIgniter\CodeIgniter->tryToRouteIt(Object(CodeIgniter\Router\RouteCollection))
#12 /var/www/html/vendor/codeigniter4/framework/system/CodeIgniter.php(326): CodeIgniter\CodeIgniter->handleRequest(NULL, Object(Config\Cache), false)
#13 /var/www/html/public/index.php(9): CodeIgniter\CodeIgniter->run()
#14 {main}
ERROR - 2022-11-10 17:04:08 --> Table 'origin.co_adminMenu' doesn't exist in engine
CRITICAL - 2022-11-10 17:04:08 --> Table 'origin.co_adminMenu' doesn't exist in engine
#0 /var/www/html/vendor/codeigniter4/framework/system/Database/MySQLi/Connection.php(292): mysqli->query('SELECT *\nFROM `...', 0)
#1 /var/www/html/vendor/codeigniter4/framework/system/Database/BaseConnection.php(670): CodeIgniter\Database\MySQLi\Connection->execute('SELECT *\nFROM `...')
#2 /var/www/html/vendor/codeigniter4/framework/system/Database/BaseConnection.php(598): CodeIgniter\Database\BaseConnection->simpleQuery('SELECT *\nFROM `...')
#3 /var/www/html/vendor/codeigniter4/framework/system/Database/BaseBuilder.php(1455): CodeIgniter\Database\BaseConnection->query('SELECT *\nFROM `...', Array, false)
#4 /var/www/html/vendor/codeigniter4/framework/system/Model.php(183): CodeIgniter\Database\BaseBuilder->get()
#5 /var/www/html/vendor/codeigniter4/framework/system/BaseModel.php(584): CodeIgniter\Model->doFindAll(0, 0)
#6 /var/www/html/app/Models/Menu/AdminMenu.php(11): CodeIgniter\BaseModel->findAll()
#7 /var/www/html/app/Config/Routes.php(29): App\Models\Menu\AdminMenu->__construct(true)
#8 /var/www/html/vendor/codeigniter4/framework/system/Router/RouteCollection.php(607): CodeIgniter\CodeIgniter->Config\{closure}(Object(CodeIgniter\Router\RouteCollection))
#9 /var/www/html/app/Config/Routes.php(32): CodeIgniter\Router\RouteCollection->group('admin', Array, Object(Closure))
#10 /var/www/html/vendor/codeigniter4/framework/system/CodeIgniter.php(713): require('/var/www/html/a...')
#11 /var/www/html/vendor/codeigniter4/framework/system/CodeIgniter.php(368): CodeIgniter\CodeIgniter->tryToRouteIt(Object(CodeIgniter\Router\RouteCollection))
#12 /var/www/html/vendor/codeigniter4/framework/system/CodeIgniter.php(326): CodeIgniter\CodeIgniter->handleRequest(NULL, Object(Config\Cache), false)
#13 /var/www/html/public/index.php(9): CodeIgniter\CodeIgniter->run()
#14 {main}
ERROR - 2022-11-10 17:04:08 --> Table 'origin.co_adminMenu' doesn't exist in engine
CRITICAL - 2022-11-10 17:04:08 --> Table 'origin.co_adminMenu' doesn't exist in engine
#0 /var/www/html/vendor/codeigniter4/framework/system/Database/MySQLi/Connection.php(292): mysqli->query('SELECT *\nFROM `...', 0)
#1 /var/www/html/vendor/codeigniter4/framework/system/Database/BaseConnection.php(670): CodeIgniter\Database\MySQLi\Connection->execute('SELECT *\nFROM `...')
#2 /var/www/html/vendor/codeigniter4/framework/system/Database/BaseConnection.php(598): CodeIgniter\Database\BaseConnection->simpleQuery('SELECT *\nFROM `...')
#3 /var/www/html/vendor/codeigniter4/framework/system/Database/BaseBuilder.php(1455): CodeIgniter\Database\BaseConnection->query('SELECT *\nFROM `...', Array, false)
#4 /var/www/html/vendor/codeigniter4/framework/system/Model.php(183): CodeIgniter\Database\BaseBuilder->get()
#5 /var/www/html/vendor/codeigniter4/framework/system/BaseModel.php(584): CodeIgniter\Model->doFindAll(0, 0)
#6 /var/www/html/app/Models/Menu/AdminMenu.php(11): CodeIgniter\BaseModel->findAll()
#7 /var/www/html/app/Config/Routes.php(29): App\Models\Menu\AdminMenu->__construct(true)
#8 /var/www/html/vendor/codeigniter4/framework/system/Router/RouteCollection.php(607): CodeIgniter\CodeIgniter->Config\{closure}(Object(CodeIgniter\Router\RouteCollection))
#9 /var/www/html/app/Config/Routes.php(32): CodeIgniter\Router\RouteCollection->group('admin', Array, Object(Closure))
#10 /var/www/html/vendor/codeigniter4/framework/system/CodeIgniter.php(713): require('/var/www/html/a...')
#11 /var/www/html/vendor/codeigniter4/framework/system/CodeIgniter.php(368): CodeIgniter\CodeIgniter->tryToRouteIt(Object(CodeIgniter\Router\RouteCollection))
#12 /var/www/html/vendor/codeigniter4/framework/system/CodeIgniter.php(326): CodeIgniter\CodeIgniter->handleRequest(NULL, Object(Config\Cache), false)
#13 /var/www/html/public/index.php(9): CodeIgniter\CodeIgniter->run()
#14 {main}
ERROR - 2022-11-10 17:04:08 --> Table 'origin.co_adminMenu' doesn't exist in engine
CRITICAL - 2022-11-10 17:04:08 --> Table 'origin.co_adminMenu' doesn't exist in engine
#0 /var/www/html/vendor/codeigniter4/framework/system/Database/MySQLi/Connection.php(292): mysqli->query('SELECT *\nFROM `...', 0)
#1 /var/www/html/vendor/codeigniter4/framework/system/Database/BaseConnection.php(670): CodeIgniter\Database\MySQLi\Connection->execute('SELECT *\nFROM `...')
#2 /var/www/html/vendor/codeigniter4/framework/system/Database/BaseConnection.php(598): CodeIgniter\Database\BaseConnection->simpleQuery('SELECT *\nFROM `...')
#3 /var/www/html/vendor/codeigniter4/framework/system/Database/BaseBuilder.php(1455): CodeIgniter\Database\BaseConnection->query('SELECT *\nFROM `...', Array, false)
#4 /var/www/html/vendor/codeigniter4/framework/system/Model.php(183): CodeIgniter\Database\BaseBuilder->get()
#5 /var/www/html/vendor/codeigniter4/framework/system/BaseModel.php(584): CodeIgniter\Model->doFindAll(0, 0)
#6 /var/www/html/app/Models/Menu/AdminMenu.php(11): CodeIgniter\BaseModel->findAll()
#7 /var/www/html/app/Config/Routes.php(29): App\Models\Menu\AdminMenu->__construct(true)
#8 /var/www/html/vendor/codeigniter4/framework/system/Router/RouteCollection.php(607): CodeIgniter\CodeIgniter->Config\{closure}(Object(CodeIgniter\Router\RouteCollection))
#9 /var/www/html/app/Config/Routes.php(32): CodeIgniter\Router\RouteCollection->group('admin', Array, Object(Closure))
#10 /var/www/html/vendor/codeigniter4/framework/system/CodeIgniter.php(713): require('/var/www/html/a...')
#11 /var/www/html/vendor/codeigniter4/framework/system/CodeIgniter.php(368): CodeIgniter\CodeIgniter->tryToRouteIt(Object(CodeIgniter\Router\RouteCollection))
#12 /var/www/html/vendor/codeigniter4/framework/system/CodeIgniter.php(326): CodeIgniter\CodeIgniter->handleRequest(NULL, Object(Config\Cache), false)
#13 /var/www/html/public/index.php(9): CodeIgniter\CodeIgniter->run()
#14 {main}
ERROR - 2022-11-10 17:04:08 --> Table 'origin.co_adminMenu' doesn't exist in engine
CRITICAL - 2022-11-10 17:04:08 --> Table 'origin.co_adminMenu' doesn't exist in engine
#0 /var/www/html/vendor/codeigniter4/framework/system/Database/MySQLi/Connection.php(292): mysqli->query('SELECT *\nFROM `...', 0)
#1 /var/www/html/vendor/codeigniter4/framework/system/Database/BaseConnection.php(670): CodeIgniter\Database\MySQLi\Connection->execute('SELECT *\nFROM `...')
#2 /var/www/html/vendor/codeigniter4/framework/system/Database/BaseConnection.php(598): CodeIgniter\Database\BaseConnection->simpleQuery('SELECT *\nFROM `...')
#3 /var/www/html/vendor/codeigniter4/framework/system/Database/BaseBuilder.php(1455): CodeIgniter\Database\BaseConnection->query('SELECT *\nFROM `...', Array, false)
#4 /var/www/html/vendor/codeigniter4/framework/system/Model.php(183): CodeIgniter\Database\BaseBuilder->get()
#5 /var/www/html/vendor/codeigniter4/framework/system/BaseModel.php(584): CodeIgniter\Model->doFindAll(0, 0)
#6 /var/www/html/app/Models/Menu/AdminMenu.php(11): CodeIgniter\BaseModel->findAll()
#7 /var/www/html/app/Config/Routes.php(29): App\Models\Menu\AdminMenu->__construct(true)
#8 /var/www/html/vendor/codeigniter4/framework/system/Router/RouteCollection.php(607): CodeIgniter\CodeIgniter->Config\{closure}(Object(CodeIgniter\Router\RouteCollection))
#9 /var/www/html/app/Config/Routes.php(32): CodeIgniter\Router\RouteCollection->group('admin', Array, Object(Closure))
#10 /var/www/html/vendor/codeigniter4/framework/system/CodeIgniter.php(713): require('/var/www/html/a...')
#11 /var/www/html/vendor/codeigniter4/framework/system/CodeIgniter.php(368): CodeIgniter\CodeIgniter->tryToRouteIt(Object(CodeIgniter\Router\RouteCollection))
#12 /var/www/html/vendor/codeigniter4/framework/system/CodeIgniter.php(326): CodeIgniter\CodeIgniter->handleRequest(NULL, Object(Config\Cache), false)
#13 /var/www/html/public/index.php(9): CodeIgniter\CodeIgniter->run()
#14 {main}
ERROR - 2022-11-10 17:04:08 --> Table 'origin.co_adminMenu' doesn't exist in engine
CRITICAL - 2022-11-10 17:04:08 --> Table 'origin.co_adminMenu' doesn't exist in engine
#0 /var/www/html/vendor/codeigniter4/framework/system/Database/MySQLi/Connection.php(292): mysqli->query('SELECT *\nFROM `...', 0)
#1 /var/www/html/vendor/codeigniter4/framework/system/Database/BaseConnection.php(670): CodeIgniter\Database\MySQLi\Connection->execute('SELECT *\nFROM `...')
#2 /var/www/html/vendor/codeigniter4/framework/system/Database/BaseConnection.php(598): CodeIgniter\Database\BaseConnection->simpleQuery('SELECT *\nFROM `...')
#3 /var/www/html/vendor/codeigniter4/framework/system/Database/BaseBuilder.php(1455): CodeIgniter\Database\BaseConnection->query('SELECT *\nFROM `...', Array, false)
#4 /var/www/html/vendor/codeigniter4/framework/system/Model.php(183): CodeIgniter\Database\BaseBuilder->get()
#5 /var/www/html/vendor/codeigniter4/framework/system/BaseModel.php(584): CodeIgniter\Model->doFindAll(0, 0)
#6 /var/www/html/app/Models/Menu/AdminMenu.php(11): CodeIgniter\BaseModel->findAll()
#7 /var/www/html/app/Config/Routes.php(29): App\Models\Menu\AdminMenu->__construct(true)
#8 /var/www/html/vendor/codeigniter4/framework/system/Router/RouteCollection.php(607): CodeIgniter\CodeIgniter->Config\{closure}(Object(CodeIgniter\Router\RouteCollection))
#9 /var/www/html/app/Config/Routes.php(32): CodeIgniter\Router\RouteCollection->group('admin', Array, Object(Closure))
#10 /var/www/html/vendor/codeigniter4/framework/system/CodeIgniter.php(713): require('/var/www/html/a...')
#11 /var/www/html/vendor/codeigniter4/framework/system/CodeIgniter.php(368): CodeIgniter\CodeIgniter->tryToRouteIt(Object(CodeIgniter\Router\RouteCollection))
#12 /var/www/html/vendor/codeigniter4/framework/system/CodeIgniter.php(326): CodeIgniter\CodeIgniter->handleRequest(NULL, Object(Config\Cache), false)
#13 /var/www/html/public/index.php(9): CodeIgniter\CodeIgniter->run()
#14 {main}
ERROR - 2022-11-10 17:04:08 --> Table 'origin.co_adminMenu' doesn't exist in engine
CRITICAL - 2022-11-10 17:04:08 --> Table 'origin.co_adminMenu' doesn't exist in engine
#0 /var/www/html/vendor/codeigniter4/framework/system/Database/MySQLi/Connection.php(292): mysqli->query('SELECT *\nFROM `...', 0)
#1 /var/www/html/vendor/codeigniter4/framework/system/Database/BaseConnection.php(670): CodeIgniter\Database\MySQLi\Connection->execute('SELECT *\nFROM `...')
#2 /var/www/html/vendor/codeigniter4/framework/system/Database/BaseConnection.php(598): CodeIgniter\Database\BaseConnection->simpleQuery('SELECT *\nFROM `...')
#3 /var/www/html/vendor/codeigniter4/framework/system/Database/BaseBuilder.php(1455): CodeIgniter\Database\BaseConnection->query('SELECT *\nFROM `...', Array, false)
#4 /var/www/html/vendor/codeigniter4/framework/system/Model.php(183): CodeIgniter\Database\BaseBuilder->get()
#5 /var/www/html/vendor/codeigniter4/framework/system/BaseModel.php(584): CodeIgniter\Model->doFindAll(0, 0)
#6 /var/www/html/app/Models/Menu/AdminMenu.php(11): CodeIgniter\BaseModel->findAll()
#7 /var/www/html/app/Config/Routes.php(29): App\Models\Menu\AdminMenu->__construct(true)
#8 /var/www/html/vendor/codeigniter4/framework/system/Router/RouteCollection.php(607): CodeIgniter\CodeIgniter->Config\{closure}(Object(CodeIgniter\Router\RouteCollection))
#9 /var/www/html/app/Config/Routes.php(32): CodeIgniter\Router\RouteCollection->group('admin', Array, Object(Closure))
#10 /var/www/html/vendor/codeigniter4/framework/system/CodeIgniter.php(713): require('/var/www/html/a...')
#11 /var/www/html/vendor/codeigniter4/framework/system/CodeIgniter.php(368): CodeIgniter\CodeIgniter->tryToRouteIt(Object(CodeIgniter\Router\RouteCollection))
#12 /var/www/html/vendor/codeigniter4/framework/system/CodeIgniter.php(326): CodeIgniter\CodeIgniter->handleRequest(NULL, Object(Config\Cache), false)
#13 /var/www/html/public/index.php(9): CodeIgniter\CodeIgniter->run()
#14 {main}
ERROR - 2022-11-10 17:04:08 --> Table 'origin.co_adminMenu' doesn't exist in engine
CRITICAL - 2022-11-10 17:04:08 --> Table 'origin.co_adminMenu' doesn't exist in engine
#0 /var/www/html/vendor/codeigniter4/framework/system/Database/MySQLi/Connection.php(292): mysqli->query('SELECT *\nFROM `...', 0)
#1 /var/www/html/vendor/codeigniter4/framework/system/Database/BaseConnection.php(670): CodeIgniter\Database\MySQLi\Connection->execute('SELECT *\nFROM `...')
#2 /var/www/html/vendor/codeigniter4/framework/system/Database/BaseConnection.php(598): CodeIgniter\Database\BaseConnection->simpleQuery('SELECT *\nFROM `...')
#3 /var/www/html/vendor/codeigniter4/framework/system/Database/BaseBuilder.php(1455): CodeIgniter\Database\BaseConnection->query('SELECT *\nFROM `...', Array, false)
#4 /var/www/html/vendor/codeigniter4/framework/system/Model.php(183): CodeIgniter\Database\BaseBuilder->get()
#5 /var/www/html/vendor/codeigniter4/framework/system/BaseModel.php(584): CodeIgniter\Model->doFindAll(0, 0)
#6 /var/www/html/app/Models/Menu/AdminMenu.php(11): CodeIgniter\BaseModel->findAll()
#7 /var/www/html/app/Config/Routes.php(29): App\Models\Menu\AdminMenu->__construct(true)
#8 /var/www/html/vendor/codeigniter4/framework/system/Router/RouteCollection.php(607): CodeIgniter\CodeIgniter->Config\{closure}(Object(CodeIgniter\Router\RouteCollection))
#9 /var/www/html/app/Config/Routes.php(32): CodeIgniter\Router\RouteCollection->group('admin', Array, Object(Closure))
#10 /var/www/html/vendor/codeigniter4/framework/system/CodeIgniter.php(713): require('/var/www/html/a...')
#11 /var/www/html/vendor/codeigniter4/framework/system/CodeIgniter.php(368): CodeIgniter\CodeIgniter->tryToRouteIt(Object(CodeIgniter\Router\RouteCollection))
#12 /var/www/html/vendor/codeigniter4/framework/system/CodeIgniter.php(326): CodeIgniter\CodeIgniter->handleRequest(NULL, Object(Config\Cache), false)
#13 /var/www/html/public/index.php(9): CodeIgniter\CodeIgniter->run()
#14 {main}
ERROR - 2022-11-10 17:04:09 --> Table 'origin.co_adminMenu' doesn't exist in engine
CRITICAL - 2022-11-10 17:04:09 --> Table 'origin.co_adminMenu' doesn't exist in engine
#0 /var/www/html/vendor/codeigniter4/framework/system/Database/MySQLi/Connection.php(292): mysqli->query('SELECT *\nFROM `...', 0)
#1 /var/www/html/vendor/codeigniter4/framework/system/Database/BaseConnection.php(670): CodeIgniter\Database\MySQLi\Connection->execute('SELECT *\nFROM `...')
#2 /var/www/html/vendor/codeigniter4/framework/system/Database/BaseConnection.php(598): CodeIgniter\Database\BaseConnection->simpleQuery('SELECT *\nFROM `...')
#3 /var/www/html/vendor/codeigniter4/framework/system/Database/BaseBuilder.php(1455): CodeIgniter\Database\BaseConnection->query('SELECT *\nFROM `...', Array, false)
#4 /var/www/html/vendor/codeigniter4/framework/system/Model.php(183): CodeIgniter\Database\BaseBuilder->get()
#5 /var/www/html/vendor/codeigniter4/framework/system/BaseModel.php(584): CodeIgniter\Model->doFindAll(0, 0)
#6 /var/www/html/app/Models/Menu/AdminMenu.php(11): CodeIgniter\BaseModel->findAll()
#7 /var/www/html/app/Config/Routes.php(29): App\Models\Menu\AdminMenu->__construct(true)
#8 /var/www/html/vendor/codeigniter4/framework/system/Router/RouteCollection.php(607): CodeIgniter\CodeIgniter->Config\{closure}(Object(CodeIgniter\Router\RouteCollection))
#9 /var/www/html/app/Config/Routes.php(32): CodeIgniter\Router\RouteCollection->group('admin', Array, Object(Closure))
#10 /var/www/html/vendor/codeigniter4/framework/system/CodeIgniter.php(713): require('/var/www/html/a...')
#11 /var/www/html/vendor/codeigniter4/framework/system/CodeIgniter.php(368): CodeIgniter\CodeIgniter->tryToRouteIt(Object(CodeIgniter\Router\RouteCollection))
#12 /var/www/html/vendor/codeigniter4/framework/system/CodeIgniter.php(326): CodeIgniter\CodeIgniter->handleRequest(NULL, Object(Config\Cache), false)
#13 /var/www/html/public/index.php(9): CodeIgniter\CodeIgniter->run()
#14 {main}
ERROR - 2022-11-10 17:04:09 --> Table 'origin.co_adminMenu' doesn't exist in engine
CRITICAL - 2022-11-10 17:04:09 --> Table 'origin.co_adminMenu' doesn't exist in engine
#0 /var/www/html/vendor/codeigniter4/framework/system/Database/MySQLi/Connection.php(292): mysqli->query('SELECT *\nFROM `...', 0)
#1 /var/www/html/vendor/codeigniter4/framework/system/Database/BaseConnection.php(670): CodeIgniter\Database\MySQLi\Connection->execute('SELECT *\nFROM `...')
#2 /var/www/html/vendor/codeigniter4/framework/system/Database/BaseConnection.php(598): CodeIgniter\Database\BaseConnection->simpleQuery('SELECT *\nFROM `...')
#3 /var/www/html/vendor/codeigniter4/framework/system/Database/BaseBuilder.php(1455): CodeIgniter\Database\BaseConnection->query('SELECT *\nFROM `...', Array, false)
#4 /var/www/html/vendor/codeigniter4/framework/system/Model.php(183): CodeIgniter\Database\BaseBuilder->get()
#5 /var/www/html/vendor/codeigniter4/framework/system/BaseModel.php(584): CodeIgniter\Model->doFindAll(0, 0)
#6 /var/www/html/app/Models/Menu/AdminMenu.php(11): CodeIgniter\BaseModel->findAll()
#7 /var/www/html/app/Config/Routes.php(29): App\Models\Menu\AdminMenu->__construct(true)
#8 /var/www/html/vendor/codeigniter4/framework/system/Router/RouteCollection.php(607): CodeIgniter\CodeIgniter->Config\{closure}(Object(CodeIgniter\Router\RouteCollection))
#9 /var/www/html/app/Config/Routes.php(32): CodeIgniter\Router\RouteCollection->group('admin', Array, Object(Closure))
#10 /var/www/html/vendor/codeigniter4/framework/system/CodeIgniter.php(713): require('/var/www/html/a...')
#11 /var/www/html/vendor/codeigniter4/framework/system/CodeIgniter.php(368): CodeIgniter\CodeIgniter->tryToRouteIt(Object(CodeIgniter\Router\RouteCollection))
#12 /var/www/html/vendor/codeigniter4/framework/system/CodeIgniter.php(326): CodeIgniter\CodeIgniter->handleRequest(NULL, Object(Config\Cache), false)
#13 /var/www/html/public/index.php(9): CodeIgniter\CodeIgniter->run()
#14 {main}
ERROR - 2022-11-10 17:05:06 --> Table 'origin.co_adminMenu' doesn't exist in engine
CRITICAL - 2022-11-10 17:05:06 --> Table 'origin.co_adminMenu' doesn't exist in engine
#0 /var/www/html/vendor/codeigniter4/framework/system/Database/MySQLi/Connection.php(292): mysqli->query('SELECT *\nFROM `...', 0)
#1 /var/www/html/vendor/codeigniter4/framework/system/Database/BaseConnection.php(670): CodeIgniter\Database\MySQLi\Connection->execute('SELECT *\nFROM `...')
#2 /var/www/html/vendor/codeigniter4/framework/system/Database/BaseConnection.php(598): CodeIgniter\Database\BaseConnection->simpleQuery('SELECT *\nFROM `...')
#3 /var/www/html/vendor/codeigniter4/framework/system/Database/BaseBuilder.php(1455): CodeIgniter\Database\BaseConnection->query('SELECT *\nFROM `...', Array, false)
#4 /var/www/html/vendor/codeigniter4/framework/system/Model.php(183): CodeIgniter\Database\BaseBuilder->get()
#5 /var/www/html/vendor/codeigniter4/framework/system/BaseModel.php(584): CodeIgniter\Model->doFindAll(0, 0)
#6 /var/www/html/app/Models/Menu/AdminMenu.php(11): CodeIgniter\BaseModel->findAll()
#7 /var/www/html/app/Config/Routes.php(29): App\Models\Menu\AdminMenu->__construct(true)
#8 /var/www/html/vendor/codeigniter4/framework/system/Router/RouteCollection.php(607): CodeIgniter\CodeIgniter->Config\{closure}(Object(CodeIgniter\Router\RouteCollection))
#9 /var/www/html/app/Config/Routes.php(32): CodeIgniter\Router\RouteCollection->group('admin', Array, Object(Closure))
#10 /var/www/html/vendor/codeigniter4/framework/system/CodeIgniter.php(713): require('/var/www/html/a...')
#11 /var/www/html/vendor/codeigniter4/framework/system/CodeIgniter.php(368): CodeIgniter\CodeIgniter->tryToRouteIt(Object(CodeIgniter\Router\RouteCollection))
#12 /var/www/html/vendor/codeigniter4/framework/system/CodeIgniter.php(326): CodeIgniter\CodeIgniter->handleRequest(NULL, Object(Config\Cache), false)
#13 /var/www/html/public/index.php(9): CodeIgniter\CodeIgniter->run()
#14 {main}
ERROR - 2022-11-10 17:05:07 --> Table 'origin.co_adminMenu' doesn't exist in engine
CRITICAL - 2022-11-10 17:05:07 --> Table 'origin.co_adminMenu' doesn't exist in engine
#0 /var/www/html/vendor/codeigniter4/framework/system/Database/MySQLi/Connection.php(292): mysqli->query('SELECT *\nFROM `...', 0)
#1 /var/www/html/vendor/codeigniter4/framework/system/Database/BaseConnection.php(670): CodeIgniter\Database\MySQLi\Connection->execute('SELECT *\nFROM `...')
#2 /var/www/html/vendor/codeigniter4/framework/system/Database/BaseConnection.php(598): CodeIgniter\Database\BaseConnection->simpleQuery('SELECT *\nFROM `...')
#3 /var/www/html/vendor/codeigniter4/framework/system/Database/BaseBuilder.php(1455): CodeIgniter\Database\BaseConnection->query('SELECT *\nFROM `...', Array, false)
#4 /var/www/html/vendor/codeigniter4/framework/system/Model.php(183): CodeIgniter\Database\BaseBuilder->get()
#5 /var/www/html/vendor/codeigniter4/framework/system/BaseModel.php(584): CodeIgniter\Model->doFindAll(0, 0)
#6 /var/www/html/app/Models/Menu/AdminMenu.php(11): CodeIgniter\BaseModel->findAll()
#7 /var/www/html/app/Config/Routes.php(29): App\Models\Menu\AdminMenu->__construct(true)
#8 /var/www/html/vendor/codeigniter4/framework/system/Router/RouteCollection.php(607): CodeIgniter\CodeIgniter->Config\{closure}(Object(CodeIgniter\Router\RouteCollection))
#9 /var/www/html/app/Config/Routes.php(32): CodeIgniter\Router\RouteCollection->group('admin', Array, Object(Closure))
#10 /var/www/html/vendor/codeigniter4/framework/system/CodeIgniter.php(713): require('/var/www/html/a...')
#11 /var/www/html/vendor/codeigniter4/framework/system/CodeIgniter.php(368): CodeIgniter\CodeIgniter->tryToRouteIt(Object(CodeIgniter\Router\RouteCollection))
#12 /var/www/html/vendor/codeigniter4/framework/system/CodeIgniter.php(326): CodeIgniter\CodeIgniter->handleRequest(NULL, Object(Config\Cache), false)
#13 /var/www/html/public/index.php(9): CodeIgniter\CodeIgniter->run()
#14 {main}
ERROR - 2022-11-10 17:05:08 --> Table 'origin.co_adminMenu' doesn't exist in engine
CRITICAL - 2022-11-10 17:05:08 --> Table 'origin.co_adminMenu' doesn't exist in engine
#0 /var/www/html/vendor/codeigniter4/framework/system/Database/MySQLi/Connection.php(292): mysqli->query('SELECT *\nFROM `...', 0)
#1 /var/www/html/vendor/codeigniter4/framework/system/Database/BaseConnection.php(670): CodeIgniter\Database\MySQLi\Connection->execute('SELECT *\nFROM `...')
#2 /var/www/html/vendor/codeigniter4/framework/system/Database/BaseConnection.php(598): CodeIgniter\Database\BaseConnection->simpleQuery('SELECT *\nFROM `...')
#3 /var/www/html/vendor/codeigniter4/framework/system/Database/BaseBuilder.php(1455): CodeIgniter\Database\BaseConnection->query('SELECT *\nFROM `...', Array, false)
#4 /var/www/html/vendor/codeigniter4/framework/system/Model.php(183): CodeIgniter\Database\BaseBuilder->get()
#5 /var/www/html/vendor/codeigniter4/framework/system/BaseModel.php(584): CodeIgniter\Model->doFindAll(0, 0)
#6 /var/www/html/app/Models/Menu/AdminMenu.php(11): CodeIgniter\BaseModel->findAll()
#7 /var/www/html/app/Config/Routes.php(29): App\Models\Menu\AdminMenu->__construct(true)
#8 /var/www/html/vendor/codeigniter4/framework/system/Router/RouteCollection.php(607): CodeIgniter\CodeIgniter->Config\{closure}(Object(CodeIgniter\Router\RouteCollection))
#9 /var/www/html/app/Config/Routes.php(32): CodeIgniter\Router\RouteCollection->group('admin', Array, Object(Closure))
#10 /var/www/html/vendor/codeigniter4/framework/system/CodeIgniter.php(713): require('/var/www/html/a...')
#11 /var/www/html/vendor/codeigniter4/framework/system/CodeIgniter.php(368): CodeIgniter\CodeIgniter->tryToRouteIt(Object(CodeIgniter\Router\RouteCollection))
#12 /var/www/html/vendor/codeigniter4/framework/system/CodeIgniter.php(326): CodeIgniter\CodeIgniter->handleRequest(NULL, Object(Config\Cache), false)
#13 /var/www/html/public/index.php(9): CodeIgniter\CodeIgniter->run()
#14 {main}
ERROR - 2022-11-10 17:05:08 --> Table 'origin.co_adminMenu' doesn't exist in engine
CRITICAL - 2022-11-10 17:05:08 --> Table 'origin.co_adminMenu' doesn't exist in engine
#0 /var/www/html/vendor/codeigniter4/framework/system/Database/MySQLi/Connection.php(292): mysqli->query('SELECT *\nFROM `...', 0)
#1 /var/www/html/vendor/codeigniter4/framework/system/Database/BaseConnection.php(670): CodeIgniter\Database\MySQLi\Connection->execute('SELECT *\nFROM `...')
#2 /var/www/html/vendor/codeigniter4/framework/system/Database/BaseConnection.php(598): CodeIgniter\Database\BaseConnection->simpleQuery('SELECT *\nFROM `...')
#3 /var/www/html/vendor/codeigniter4/framework/system/Database/BaseBuilder.php(1455): CodeIgniter\Database\BaseConnection->query('SELECT *\nFROM `...', Array, false)
#4 /var/www/html/vendor/codeigniter4/framework/system/Model.php(183): CodeIgniter\Database\BaseBuilder->get()
#5 /var/www/html/vendor/codeigniter4/framework/system/BaseModel.php(584): CodeIgniter\Model->doFindAll(0, 0)
#6 /var/www/html/app/Models/Menu/AdminMenu.php(11): CodeIgniter\BaseModel->findAll()
#7 /var/www/html/app/Config/Routes.php(29): App\Models\Menu\AdminMenu->__construct(true)
#8 /var/www/html/vendor/codeigniter4/framework/system/Router/RouteCollection.php(607): CodeIgniter\CodeIgniter->Config\{closure}(Object(CodeIgniter\Router\RouteCollection))
#9 /var/www/html/app/Config/Routes.php(32): CodeIgniter\Router\RouteCollection->group('admin', Array, Object(Closure))
#10 /var/www/html/vendor/codeigniter4/framework/system/CodeIgniter.php(713): require('/var/www/html/a...')
#11 /var/www/html/vendor/codeigniter4/framework/system/CodeIgniter.php(368): CodeIgniter\CodeIgniter->tryToRouteIt(Object(CodeIgniter\Router\RouteCollection))
#12 /var/www/html/vendor/codeigniter4/framework/system/CodeIgniter.php(326): CodeIgniter\CodeIgniter->handleRequest(NULL, Object(Config\Cache), false)
#13 /var/www/html/public/index.php(9): CodeIgniter\CodeIgniter->run()
#14 {main}
ERROR - 2022-11-10 17:05:09 --> Table 'origin.co_adminMenu' doesn't exist in engine
CRITICAL - 2022-11-10 17:05:09 --> Table 'origin.co_adminMenu' doesn't exist in engine
#0 /var/www/html/vendor/codeigniter4/framework/system/Database/MySQLi/Connection.php(292): mysqli->query('SELECT *\nFROM `...', 0)
#1 /var/www/html/vendor/codeigniter4/framework/system/Database/BaseConnection.php(670): CodeIgniter\Database\MySQLi\Connection->execute('SELECT *\nFROM `...')
#2 /var/www/html/vendor/codeigniter4/framework/system/Database/BaseConnection.php(598): CodeIgniter\Database\BaseConnection->simpleQuery('SELECT *\nFROM `...')
#3 /var/www/html/vendor/codeigniter4/framework/system/Database/BaseBuilder.php(1455): CodeIgniter\Database\BaseConnection->query('SELECT *\nFROM `...', Array, false)
#4 /var/www/html/vendor/codeigniter4/framework/system/Model.php(183): CodeIgniter\Database\BaseBuilder->get()
#5 /var/www/html/vendor/codeigniter4/framework/system/BaseModel.php(584): CodeIgniter\Model->doFindAll(0, 0)
#6 /var/www/html/app/Models/Menu/AdminMenu.php(11): CodeIgniter\BaseModel->findAll()
#7 /var/www/html/app/Config/Routes.php(29): App\Models\Menu\AdminMenu->__construct(true)
#8 /var/www/html/vendor/codeigniter4/framework/system/Router/RouteCollection.php(607): CodeIgniter\CodeIgniter->Config\{closure}(Object(CodeIgniter\Router\RouteCollection))
#9 /var/www/html/app/Config/Routes.php(32): CodeIgniter\Router\RouteCollection->group('admin', Array, Object(Closure))
#10 /var/www/html/vendor/codeigniter4/framework/system/CodeIgniter.php(713): require('/var/www/html/a...')
#11 /var/www/html/vendor/codeigniter4/framework/system/CodeIgniter.php(368): CodeIgniter\CodeIgniter->tryToRouteIt(Object(CodeIgniter\Router\RouteCollection))
#12 /var/www/html/vendor/codeigniter4/framework/system/CodeIgniter.php(326): CodeIgniter\CodeIgniter->handleRequest(NULL, Object(Config\Cache), false)
#13 /var/www/html/public/index.php(9): CodeIgniter\CodeIgniter->run()
#14 {main}
ERROR - 2022-11-10 17:05:09 --> Table 'origin.co_adminMenu' doesn't exist in engine
CRITICAL - 2022-11-10 17:05:09 --> Table 'origin.co_adminMenu' doesn't exist in engine
#0 /var/www/html/vendor/codeigniter4/framework/system/Database/MySQLi/Connection.php(292): mysqli->query('SELECT *\nFROM `...', 0)
#1 /var/www/html/vendor/codeigniter4/framework/system/Database/BaseConnection.php(670): CodeIgniter\Database\MySQLi\Connection->execute('SELECT *\nFROM `...')
#2 /var/www/html/vendor/codeigniter4/framework/system/Database/BaseConnection.php(598): CodeIgniter\Database\BaseConnection->simpleQuery('SELECT *\nFROM `...')
#3 /var/www/html/vendor/codeigniter4/framework/system/Database/BaseBuilder.php(1455): CodeIgniter\Database\BaseConnection->query('SELECT *\nFROM `...', Array, false)
#4 /var/www/html/vendor/codeigniter4/framework/system/Model.php(183): CodeIgniter\Database\BaseBuilder->get()
#5 /var/www/html/vendor/codeigniter4/framework/system/BaseModel.php(584): CodeIgniter\Model->doFindAll(0, 0)
#6 /var/www/html/app/Models/Menu/AdminMenu.php(11): CodeIgniter\BaseModel->findAll()
#7 /var/www/html/app/Config/Routes.php(29): App\Models\Menu\AdminMenu->__construct(true)
#8 /var/www/html/vendor/codeigniter4/framework/system/Router/RouteCollection.php(607): CodeIgniter\CodeIgniter->Config\{closure}(Object(CodeIgniter\Router\RouteCollection))
#9 /var/www/html/app/Config/Routes.php(32): CodeIgniter\Router\RouteCollection->group('admin', Array, Object(Closure))
#10 /var/www/html/vendor/codeigniter4/framework/system/CodeIgniter.php(713): require('/var/www/html/a...')
#11 /var/www/html/vendor/codeigniter4/framework/system/CodeIgniter.php(368): CodeIgniter\CodeIgniter->tryToRouteIt(Object(CodeIgniter\Router\RouteCollection))
#12 /var/www/html/vendor/codeigniter4/framework/system/CodeIgniter.php(326): CodeIgniter\CodeIgniter->handleRequest(NULL, Object(Config\Cache), false)
#13 /var/www/html/public/index.php(9): CodeIgniter\CodeIgniter->run()
#14 {main}
ERROR - 2022-11-10 17:05:09 --> Table 'origin.co_adminMenu' doesn't exist in engine
CRITICAL - 2022-11-10 17:05:09 --> Table 'origin.co_adminMenu' doesn't exist in engine
#0 /var/www/html/vendor/codeigniter4/framework/system/Database/MySQLi/Connection.php(292): mysqli->query('SELECT *\nFROM `...', 0)
#1 /var/www/html/vendor/codeigniter4/framework/system/Database/BaseConnection.php(670): CodeIgniter\Database\MySQLi\Connection->execute('SELECT *\nFROM `...')
#2 /var/www/html/vendor/codeigniter4/framework/system/Database/BaseConnection.php(598): CodeIgniter\Database\BaseConnection->simpleQuery('SELECT *\nFROM `...')
#3 /var/www/html/vendor/codeigniter4/framework/system/Database/BaseBuilder.php(1455): CodeIgniter\Database\BaseConnection->query('SELECT *\nFROM `...', Array, false)
#4 /var/www/html/vendor/codeigniter4/framework/system/Model.php(183): CodeIgniter\Database\BaseBuilder->get()
#5 /var/www/html/vendor/codeigniter4/framework/system/BaseModel.php(584): CodeIgniter\Model->doFindAll(0, 0)
#6 /var/www/html/app/Models/Menu/AdminMenu.php(11): CodeIgniter\BaseModel->findAll()
#7 /var/www/html/app/Config/Routes.php(29): App\Models\Menu\AdminMenu->__construct(true)
#8 /var/www/html/vendor/codeigniter4/framework/system/Router/RouteCollection.php(607): CodeIgniter\CodeIgniter->Config\{closure}(Object(CodeIgniter\Router\RouteCollection))
#9 /var/www/html/app/Config/Routes.php(32): CodeIgniter\Router\RouteCollection->group('admin', Array, Object(Closure))
#10 /var/www/html/vendor/codeigniter4/framework/system/CodeIgniter.php(713): require('/var/www/html/a...')
#11 /var/www/html/vendor/codeigniter4/framework/system/CodeIgniter.php(368): CodeIgniter\CodeIgniter->tryToRouteIt(Object(CodeIgniter\Router\RouteCollection))
#12 /var/www/html/vendor/codeigniter4/framework/system/CodeIgniter.php(326): CodeIgniter\CodeIgniter->handleRequest(NULL, Object(Config\Cache), false)
#13 /var/www/html/public/index.php(9): CodeIgniter\CodeIgniter->run()
#14 {main}
ERROR - 2022-11-10 17:05:10 --> Table 'origin.co_adminMenu' doesn't exist in engine
CRITICAL - 2022-11-10 17:05:10 --> Table 'origin.co_adminMenu' doesn't exist in engine
#0 /var/www/html/vendor/codeigniter4/framework/system/Database/MySQLi/Connection.php(292): mysqli->query('SELECT *\nFROM `...', 0)
#1 /var/www/html/vendor/codeigniter4/framework/system/Database/BaseConnection.php(670): CodeIgniter\Database\MySQLi\Connection->execute('SELECT *\nFROM `...')
#2 /var/www/html/vendor/codeigniter4/framework/system/Database/BaseConnection.php(598): CodeIgniter\Database\BaseConnection->simpleQuery('SELECT *\nFROM `...')
#3 /var/www/html/vendor/codeigniter4/framework/system/Database/BaseBuilder.php(1455): CodeIgniter\Database\BaseConnection->query('SELECT *\nFROM `...', Array, false)
#4 /var/www/html/vendor/codeigniter4/framework/system/Model.php(183): CodeIgniter\Database\BaseBuilder->get()
#5 /var/www/html/vendor/codeigniter4/framework/system/BaseModel.php(584): CodeIgniter\Model->doFindAll(0, 0)
#6 /var/www/html/app/Models/Menu/AdminMenu.php(11): CodeIgniter\BaseModel->findAll()
#7 /var/www/html/app/Config/Routes.php(29): App\Models\Menu\AdminMenu->__construct(true)
#8 /var/www/html/vendor/codeigniter4/framework/system/Router/RouteCollection.php(607): CodeIgniter\CodeIgniter->Config\{closure}(Object(CodeIgniter\Router\RouteCollection))
#9 /var/www/html/app/Config/Routes.php(32): CodeIgniter\Router\RouteCollection->group('admin', Array, Object(Closure))
#10 /var/www/html/vendor/codeigniter4/framework/system/CodeIgniter.php(713): require('/var/www/html/a...')
#11 /var/www/html/vendor/codeigniter4/framework/system/CodeIgniter.php(368): CodeIgniter\CodeIgniter->tryToRouteIt(Object(CodeIgniter\Router\RouteCollection))
#12 /var/www/html/vendor/codeigniter4/framework/system/CodeIgniter.php(326): CodeIgniter\CodeIgniter->handleRequest(NULL, Object(Config\Cache), false)
#13 /var/www/html/public/index.php(9): CodeIgniter\CodeIgniter->run()
#14 {main}
ERROR - 2022-11-10 17:05:56 --> Table 'origin.co_adminMenu' doesn't exist in engine
CRITICAL - 2022-11-10 17:05:56 --> Table 'origin.co_adminMenu' doesn't exist in engine
#0 /var/www/html/vendor/codeigniter4/framework/system/Database/MySQLi/Connection.php(292): mysqli->query('SELECT *\nFROM `...', 0)
#1 /var/www/html/vendor/codeigniter4/framework/system/Database/BaseConnection.php(670): CodeIgniter\Database\MySQLi\Connection->execute('SELECT *\nFROM `...')
#2 /var/www/html/vendor/codeigniter4/framework/system/Database/BaseConnection.php(598): CodeIgniter\Database\BaseConnection->simpleQuery('SELECT *\nFROM `...')
#3 /var/www/html/vendor/codeigniter4/framework/system/Database/BaseBuilder.php(1455): CodeIgniter\Database\BaseConnection->query('SELECT *\nFROM `...', Array, false)
#4 /var/www/html/vendor/codeigniter4/framework/system/Model.php(183): CodeIgniter\Database\BaseBuilder->get()
#5 /var/www/html/vendor/codeigniter4/framework/system/BaseModel.php(584): CodeIgniter\Model->doFindAll(0, 0)
#6 /var/www/html/app/Models/Menu/AdminMenu.php(11): CodeIgniter\BaseModel->findAll()
#7 /var/www/html/app/Config/Routes.php(29): App\Models\Menu\AdminMenu->__construct(true)
#8 /var/www/html/vendor/codeigniter4/framework/system/Router/RouteCollection.php(607): CodeIgniter\CodeIgniter->Config\{closure}(Object(CodeIgniter\Router\RouteCollection))
#9 /var/www/html/app/Config/Routes.php(32): CodeIgniter\Router\RouteCollection->group('admin', Array, Object(Closure))
#10 /var/www/html/vendor/codeigniter4/framework/system/CodeIgniter.php(713): require('/var/www/html/a...')
#11 /var/www/html/vendor/codeigniter4/framework/system/CodeIgniter.php(368): CodeIgniter\CodeIgniter->tryToRouteIt(Object(CodeIgniter\Router\RouteCollection))
#12 /var/www/html/vendor/codeigniter4/framework/system/CodeIgniter.php(326): CodeIgniter\CodeIgniter->handleRequest(NULL, Object(Config\Cache), false)
#13 /var/www/html/public/index.php(9): CodeIgniter\CodeIgniter->run()
#14 {main}
ERROR - 2022-11-10 17:05:56 --> Table 'origin.co_adminMenu' doesn't exist in engine
CRITICAL - 2022-11-10 17:05:56 --> Table 'origin.co_adminMenu' doesn't exist in engine
#0 /var/www/html/vendor/codeigniter4/framework/system/Database/MySQLi/Connection.php(292): mysqli->query('SELECT *\nFROM `...', 0)
#1 /var/www/html/vendor/codeigniter4/framework/system/Database/BaseConnection.php(670): CodeIgniter\Database\MySQLi\Connection->execute('SELECT *\nFROM `...')
#2 /var/www/html/vendor/codeigniter4/framework/system/Database/BaseConnection.php(598): CodeIgniter\Database\BaseConnection->simpleQuery('SELECT *\nFROM `...')
#3 /var/www/html/vendor/codeigniter4/framework/system/Database/BaseBuilder.php(1455): CodeIgniter\Database\BaseConnection->query('SELECT *\nFROM `...', Array, false)
#4 /var/www/html/vendor/codeigniter4/framework/system/Model.php(183): CodeIgniter\Database\BaseBuilder->get()
#5 /var/www/html/vendor/codeigniter4/framework/system/BaseModel.php(584): CodeIgniter\Model->doFindAll(0, 0)
#6 /var/www/html/app/Models/Menu/AdminMenu.php(11): CodeIgniter\BaseModel->findAll()
#7 /var/www/html/app/Config/Routes.php(29): App\Models\Menu\AdminMenu->__construct(true)
#8 /var/www/html/vendor/codeigniter4/framework/system/Router/RouteCollection.php(607): CodeIgniter\CodeIgniter->Config\{closure}(Object(CodeIgniter\Router\RouteCollection))
#9 /var/www/html/app/Config/Routes.php(32): CodeIgniter\Router\RouteCollection->group('admin', Array, Object(Closure))
#10 /var/www/html/vendor/codeigniter4/framework/system/CodeIgniter.php(713): require('/var/www/html/a...')
#11 /var/www/html/vendor/codeigniter4/framework/system/CodeIgniter.php(368): CodeIgniter\CodeIgniter->tryToRouteIt(Object(CodeIgniter\Router\RouteCollection))
#12 /var/www/html/vendor/codeigniter4/framework/system/CodeIgniter.php(326): CodeIgniter\CodeIgniter->handleRequest(NULL, Object(Config\Cache), false)
#13 /var/www/html/public/index.php(9): CodeIgniter\CodeIgniter->run()
#14 {main}
ERROR - 2022-11-10 17:05:59 --> Table 'origin.co_adminMenu' doesn't exist in engine
CRITICAL - 2022-11-10 17:05:59 --> Table 'origin.co_adminMenu' doesn't exist in engine
#0 /var/www/html/vendor/codeigniter4/framework/system/Database/MySQLi/Connection.php(292): mysqli->query('SELECT *\nFROM `...', 0)
#1 /var/www/html/vendor/codeigniter4/framework/system/Database/BaseConnection.php(670): CodeIgniter\Database\MySQLi\Connection->execute('SELECT *\nFROM `...')
#2 /var/www/html/vendor/codeigniter4/framework/system/Database/BaseConnection.php(598): CodeIgniter\Database\BaseConnection->simpleQuery('SELECT *\nFROM `...')
#3 /var/www/html/vendor/codeigniter4/framework/system/Database/BaseBuilder.php(1455): CodeIgniter\Database\BaseConnection->query('SELECT *\nFROM `...', Array, false)
#4 /var/www/html/vendor/codeigniter4/framework/system/Model.php(183): CodeIgniter\Database\BaseBuilder->get()
#5 /var/www/html/vendor/codeigniter4/framework/system/BaseModel.php(584): CodeIgniter\Model->doFindAll(0, 0)
#6 /var/www/html/app/Models/Menu/AdminMenu.php(11): CodeIgniter\BaseModel->findAll()
#7 /var/www/html/app/Config/Routes.php(29): App\Models\Menu\AdminMenu->__construct(true)
#8 /var/www/html/vendor/codeigniter4/framework/system/Router/RouteCollection.php(607): CodeIgniter\CodeIgniter->Config\{closure}(Object(CodeIgniter\Router\RouteCollection))
#9 /var/www/html/app/Config/Routes.php(32): CodeIgniter\Router\RouteCollection->group('admin', Array, Object(Closure))
#10 /var/www/html/vendor/codeigniter4/framework/system/CodeIgniter.php(713): require('/var/www/html/a...')
#11 /var/www/html/vendor/codeigniter4/framework/system/CodeIgniter.php(368): CodeIgniter\CodeIgniter->tryToRouteIt(Object(CodeIgniter\Router\RouteCollection))
#12 /var/www/html/vendor/codeigniter4/framework/system/CodeIgniter.php(326): CodeIgniter\CodeIgniter->handleRequest(NULL, Object(Config\Cache), false)
#13 /var/www/html/public/index.php(9): CodeIgniter\CodeIgniter->run()
#14 {main}
ERROR - 2022-11-10 17:06:00 --> Table 'origin.co_adminMenu' doesn't exist in engine
CRITICAL - 2022-11-10 17:06:00 --> Table 'origin.co_adminMenu' doesn't exist in engine
#0 /var/www/html/vendor/codeigniter4/framework/system/Database/MySQLi/Connection.php(292): mysqli->query('SELECT *\nFROM `...', 0)
#1 /var/www/html/vendor/codeigniter4/framework/system/Database/BaseConnection.php(670): CodeIgniter\Database\MySQLi\Connection->execute('SELECT *\nFROM `...')
#2 /var/www/html/vendor/codeigniter4/framework/system/Database/BaseConnection.php(598): CodeIgniter\Database\BaseConnection->simpleQuery('SELECT *\nFROM `...')
#3 /var/www/html/vendor/codeigniter4/framework/system/Database/BaseBuilder.php(1455): CodeIgniter\Database\BaseConnection->query('SELECT *\nFROM `...', Array, false)
#4 /var/www/html/vendor/codeigniter4/framework/system/Model.php(183): CodeIgniter\Database\BaseBuilder->get()
#5 /var/www/html/vendor/codeigniter4/framework/system/BaseModel.php(584): CodeIgniter\Model->doFindAll(0, 0)
#6 /var/www/html/app/Models/Menu/AdminMenu.php(11): CodeIgniter\BaseModel->findAll()
#7 /var/www/html/app/Config/Routes.php(29): App\Models\Menu\AdminMenu->__construct(true)
#8 /var/www/html/vendor/codeigniter4/framework/system/Router/RouteCollection.php(607): CodeIgniter\CodeIgniter->Config\{closure}(Object(CodeIgniter\Router\RouteCollection))
#9 /var/www/html/app/Config/Routes.php(32): CodeIgniter\Router\RouteCollection->group('admin', Array, Object(Closure))
#10 /var/www/html/vendor/codeigniter4/framework/system/CodeIgniter.php(713): require('/var/www/html/a...')
#11 /var/www/html/vendor/codeigniter4/framework/system/CodeIgniter.php(368): CodeIgniter\CodeIgniter->tryToRouteIt(Object(CodeIgniter\Router\RouteCollection))
#12 /var/www/html/vendor/codeigniter4/framework/system/CodeIgniter.php(326): CodeIgniter\CodeIgniter->handleRequest(NULL, Object(Config\Cache), false)
#13 /var/www/html/public/index.php(9): CodeIgniter\CodeIgniter->run()
#14 {main}
ERROR - 2022-11-10 17:06:08 --> Table 'origin.co_adminMenu' doesn't exist in engine
CRITICAL - 2022-11-10 17:06:08 --> Table 'origin.co_adminMenu' doesn't exist in engine
#0 /var/www/html/vendor/codeigniter4/framework/system/Database/MySQLi/Connection.php(292): mysqli->query('SELECT *\nFROM `...', 0)
#1 /var/www/html/vendor/codeigniter4/framework/system/Database/BaseConnection.php(670): CodeIgniter\Database\MySQLi\Connection->execute('SELECT *\nFROM `...')
#2 /var/www/html/vendor/codeigniter4/framework/system/Database/BaseConnection.php(598): CodeIgniter\Database\BaseConnection->simpleQuery('SELECT *\nFROM `...')
#3 /var/www/html/vendor/codeigniter4/framework/system/Database/BaseBuilder.php(1455): CodeIgniter\Database\BaseConnection->query('SELECT *\nFROM `...', Array, false)
#4 /var/www/html/vendor/codeigniter4/framework/system/Model.php(183): CodeIgniter\Database\BaseBuilder->get()
#5 /var/www/html/vendor/codeigniter4/framework/system/BaseModel.php(584): CodeIgniter\Model->doFindAll(0, 0)
#6 /var/www/html/app/Models/Menu/AdminMenu.php(11): CodeIgniter\BaseModel->findAll()
#7 /var/www/html/app/Config/Routes.php(29): App\Models\Menu\AdminMenu->__construct(true)
#8 /var/www/html/vendor/codeigniter4/framework/system/Router/RouteCollection.php(607): CodeIgniter\CodeIgniter->Config\{closure}(Object(CodeIgniter\Router\RouteCollection))
#9 /var/www/html/app/Config/Routes.php(32): CodeIgniter\Router\RouteCollection->group('admin', Array, Object(Closure))
#10 /var/www/html/vendor/codeigniter4/framework/system/CodeIgniter.php(713): require('/var/www/html/a...')
#11 /var/www/html/vendor/codeigniter4/framework/system/CodeIgniter.php(368): CodeIgniter\CodeIgniter->tryToRouteIt(Object(CodeIgniter\Router\RouteCollection))
#12 /var/www/html/vendor/codeigniter4/framework/system/CodeIgniter.php(326): CodeIgniter\CodeIgniter->handleRequest(NULL, Object(Config\Cache), false)
#13 /var/www/html/public/index.php(9): CodeIgniter\CodeIgniter->run()
#14 {main}
ERROR - 2022-11-10 17:06:08 --> Table 'origin.co_adminMenu' doesn't exist in engine
CRITICAL - 2022-11-10 17:06:08 --> Table 'origin.co_adminMenu' doesn't exist in engine
#0 /var/www/html/vendor/codeigniter4/framework/system/Database/MySQLi/Connection.php(292): mysqli->query('SELECT *\nFROM `...', 0)
#1 /var/www/html/vendor/codeigniter4/framework/system/Database/BaseConnection.php(670): CodeIgniter\Database\MySQLi\Connection->execute('SELECT *\nFROM `...')
#2 /var/www/html/vendor/codeigniter4/framework/system/Database/BaseConnection.php(598): CodeIgniter\Database\BaseConnection->simpleQuery('SELECT *\nFROM `...')
#3 /var/www/html/vendor/codeigniter4/framework/system/Database/BaseBuilder.php(1455): CodeIgniter\Database\BaseConnection->query('SELECT *\nFROM `...', Array, false)
#4 /var/www/html/vendor/codeigniter4/framework/system/Model.php(183): CodeIgniter\Database\BaseBuilder->get()
#5 /var/www/html/vendor/codeigniter4/framework/system/BaseModel.php(584): CodeIgniter\Model->doFindAll(0, 0)
#6 /var/www/html/app/Models/Menu/AdminMenu.php(11): CodeIgniter\BaseModel->findAll()
#7 /var/www/html/app/Config/Routes.php(29): App\Models\Menu\AdminMenu->__construct(true)
#8 /var/www/html/vendor/codeigniter4/framework/system/Router/RouteCollection.php(607): CodeIgniter\CodeIgniter->Config\{closure}(Object(CodeIgniter\Router\RouteCollection))
#9 /var/www/html/app/Config/Routes.php(32): CodeIgniter\Router\RouteCollection->group('admin', Array, Object(Closure))
#10 /var/www/html/vendor/codeigniter4/framework/system/CodeIgniter.php(713): require('/var/www/html/a...')
#11 /var/www/html/vendor/codeigniter4/framework/system/CodeIgniter.php(368): CodeIgniter\CodeIgniter->tryToRouteIt(Object(CodeIgniter\Router\RouteCollection))
#12 /var/www/html/vendor/codeigniter4/framework/system/CodeIgniter.php(326): CodeIgniter\CodeIgniter->handleRequest(NULL, Object(Config\Cache), false)
#13 /var/www/html/public/index.php(9): CodeIgniter\CodeIgniter->run()
#14 {main}
ERROR - 2022-11-10 17:09:55 --> Table 'origin.co_adminMenu' doesn't exist in engine
CRITICAL - 2022-11-10 17:09:55 --> Table 'origin.co_adminMenu' doesn't exist in engine
#0 /var/www/html/vendor/codeigniter4/framework/system/Database/MySQLi/Connection.php(292): mysqli->query('SELECT *\nFROM `...', 0)
#1 /var/www/html/vendor/codeigniter4/framework/system/Database/BaseConnection.php(670): CodeIgniter\Database\MySQLi\Connection->execute('SELECT *\nFROM `...')
#2 /var/www/html/vendor/codeigniter4/framework/system/Database/BaseConnection.php(598): CodeIgniter\Database\BaseConnection->simpleQuery('SELECT *\nFROM `...')
#3 /var/www/html/vendor/codeigniter4/framework/system/Database/BaseBuilder.php(1455): CodeIgniter\Database\BaseConnection->query('SELECT *\nFROM `...', Array, false)
#4 /var/www/html/vendor/codeigniter4/framework/system/Model.php(183): CodeIgniter\Database\BaseBuilder->get()
#5 /var/www/html/vendor/codeigniter4/framework/system/BaseModel.php(584): CodeIgniter\Model->doFindAll(0, 0)
#6 /var/www/html/app/Models/Menu/AdminMenu.php(11): CodeIgniter\BaseModel->findAll()
#7 /var/www/html/app/Config/Routes.php(29): App\Models\Menu\AdminMenu->__construct(true)
#8 /var/www/html/vendor/codeigniter4/framework/system/Router/RouteCollection.php(607): CodeIgniter\CodeIgniter->Config\{closure}(Object(CodeIgniter\Router\RouteCollection))
#9 /var/www/html/app/Config/Routes.php(32): CodeIgniter\Router\RouteCollection->group('admin', Array, Object(Closure))
#10 /var/www/html/vendor/codeigniter4/framework/system/CodeIgniter.php(713): require('/var/www/html/a...')
#11 /var/www/html/vendor/codeigniter4/framework/system/CodeIgniter.php(368): CodeIgniter\CodeIgniter->tryToRouteIt(Object(CodeIgniter\Router\RouteCollection))
#12 /var/www/html/vendor/codeigniter4/framework/system/CodeIgniter.php(326): CodeIgniter\CodeIgniter->handleRequest(NULL, Object(Config\Cache), false)
#13 /var/www/html/public/index.php(9): CodeIgniter\CodeIgniter->run()
#14 {main}
ERROR - 2022-11-10 17:09:56 --> Table 'origin.co_adminMenu' doesn't exist in engine
CRITICAL - 2022-11-10 17:09:56 --> Table 'origin.co_adminMenu' doesn't exist in engine
#0 /var/www/html/vendor/codeigniter4/framework/system/Database/MySQLi/Connection.php(292): mysqli->query('SELECT *\nFROM `...', 0)
#1 /var/www/html/vendor/codeigniter4/framework/system/Database/BaseConnection.php(670): CodeIgniter\Database\MySQLi\Connection->execute('SELECT *\nFROM `...')
#2 /var/www/html/vendor/codeigniter4/framework/system/Database/BaseConnection.php(598): CodeIgniter\Database\BaseConnection->simpleQuery('SELECT *\nFROM `...')
#3 /var/www/html/vendor/codeigniter4/framework/system/Database/BaseBuilder.php(1455): CodeIgniter\Database\BaseConnection->query('SELECT *\nFROM `...', Array, false)
#4 /var/www/html/vendor/codeigniter4/framework/system/Model.php(183): CodeIgniter\Database\BaseBuilder->get()
#5 /var/www/html/vendor/codeigniter4/framework/system/BaseModel.php(584): CodeIgniter\Model->doFindAll(0, 0)
#6 /var/www/html/app/Models/Menu/AdminMenu.php(11): CodeIgniter\BaseModel->findAll()
#7 /var/www/html/app/Config/Routes.php(29): App\Models\Menu\AdminMenu->__construct(true)
#8 /var/www/html/vendor/codeigniter4/framework/system/Router/RouteCollection.php(607): CodeIgniter\CodeIgniter->Config\{closure}(Object(CodeIgniter\Router\RouteCollection))
#9 /var/www/html/app/Config/Routes.php(32): CodeIgniter\Router\RouteCollection->group('admin', Array, Object(Closure))
#10 /var/www/html/vendor/codeigniter4/framework/system/CodeIgniter.php(713): require('/var/www/html/a...')
#11 /var/www/html/vendor/codeigniter4/framework/system/CodeIgniter.php(368): CodeIgniter\CodeIgniter->tryToRouteIt(Object(CodeIgniter\Router\RouteCollection))
#12 /var/www/html/vendor/codeigniter4/framework/system/CodeIgniter.php(326): CodeIgniter\CodeIgniter->handleRequest(NULL, Object(Config\Cache), false)
#13 /var/www/html/public/index.php(9): CodeIgniter\CodeIgniter->run()
#14 {main}
ERROR - 2022-11-10 17:18:01 --> Table '`origin`.`co_bd_notice`' already exists
CRITICAL - 2022-11-10 17:18:01 --> Table '`origin`.`co_bd_notice`' already exists
#0 /var/www/html/vendor/codeigniter4/framework/system/Database/MySQLi/Connection.php(292): mysqli->query('CREATE TABLE `c...', 0)
#1 /var/www/html/vendor/codeigniter4/framework/system/Database/BaseConnection.php(670): CodeIgniter\Database\MySQLi\Connection->execute('CREATE TABLE `c...')
#2 /var/www/html/vendor/codeigniter4/framework/system/Database/BaseConnection.php(598): CodeIgniter\Database\BaseConnection->simpleQuery('CREATE TABLE `c...')
#3 /var/www/html/vendor/codeigniter4/framework/system/Database/Forge.php(513): CodeIgniter\Database\BaseConnection->query('CREATE TABLE `c...')
#4 /var/www/html/app/Models/BoardModel.php(66): CodeIgniter\Database\Forge->createTable('co_bd_notice', false, Array)
#5 /var/www/html/app/Models/BoardModel.php(56): App\Models\BoardModel->create_table()
#6 /var/www/html/app/Controllers/Front/Widget/Widget.php(9): App\Models\BoardModel->__construct('notice')
#7 /var/www/html/Views/Front/main/index.html(12): App\Controllers\Front\Widget\Widget::getBoradSome('notice')
#8 /var/www/html/vendor/codeigniter4/framework/system/View/View.php(210): include('/var/www/html/V...')
#9 /var/www/html/vendor/codeigniter4/framework/system/View/View.php(213): CodeIgniter\View\View->CodeIgniter\View\{closure}()
#10 /var/www/html/vendor/codeigniter4/framework/system/Common.php(1089): CodeIgniter\View\View->render('Front/main/inde...', Array, true)
#11 /var/www/html/app/Controllers/Front/Controller.php(94): view('Front/main/inde...', Array)
#12 /var/www/html/vendor/codeigniter4/framework/system/CodeIgniter.php(326): App\Controllers\Front\Controller->__destruct()
#13 /var/www/html/public/index.php(9): CodeIgniter\CodeIgniter->run()
#14 {main}
ERROR - 2022-11-10 17:18:43 --> Tablespace for table '`origin`.`co_boardList`' exists. Please DISCARD the tablespace before IMPORT
CRITICAL - 2022-11-10 17:18:43 --> Tablespace for table '`origin`.`co_boardList`' exists. Please DISCARD the tablespace before IMPORT
#0 /var/www/html/vendor/codeigniter4/framework/system/Database/MySQLi/Connection.php(292): mysqli->query('CREATE TABLE `c...', 0)
#1 /var/www/html/vendor/codeigniter4/framework/system/Database/BaseConnection.php(670): CodeIgniter\Database\MySQLi\Connection->execute('CREATE TABLE `c...')
#2 /var/www/html/vendor/codeigniter4/framework/system/Database/BaseConnection.php(598): CodeIgniter\Database\BaseConnection->simpleQuery('CREATE TABLE `c...')
#3 /var/www/html/vendor/codeigniter4/framework/system/Database/Forge.php(513): CodeIgniter\Database\BaseConnection->query('CREATE TABLE `c...')
#4 /var/www/html/app/Models/BaseModel.php(96): CodeIgniter\Database\Forge->createTable('co_boardList', false, Array)
#5 /var/www/html/app/Models/BaseModel.php(62): App\Models\BaseModel->create_table()
#6 /var/www/html/app/Controllers/Admin/Main/IndexController.php(11): App\Models\BaseModel->__construct('co_boardList')
#7 /var/www/html/vendor/codeigniter4/framework/system/CodeIgniter.php(832): App\Controllers\Admin\Main\IndexController->index()
#8 /var/www/html/vendor/codeigniter4/framework/system/CodeIgniter.php(419): CodeIgniter\CodeIgniter->runController(Object(App\Controllers\Admin\Main\IndexController))
#9 /var/www/html/vendor/codeigniter4/framework/system/CodeIgniter.php(326): CodeIgniter\CodeIgniter->handleRequest(NULL, Object(Config\Cache), false)
#10 /var/www/html/public/index.php(9): CodeIgniter\CodeIgniter->run()
#11 {main}
CRITICAL - 2022-11-10 17:23:16 --> Undefined array key "data"
#0 /var/www/html/app/Controllers/Front/Member/CertController.php(133): CodeIgniter\Debug\Exceptions->errorHandler(2, 'Undefined array...', '/var/www/html/a...', 133)
#1 /var/www/html/app/Controllers/Front/Member/CertController.php(10): App\Controllers\Front\Member\CertController->getCfgBool()
#2 /var/www/html/vendor/codeigniter4/framework/system/CodeIgniter.php(832): App\Controllers\Front\Member\CertController->logIn()
#3 /var/www/html/vendor/codeigniter4/framework/system/CodeIgniter.php(419): CodeIgniter\CodeIgniter->runController(Object(App\Controllers\Front\Member\CertController))
#4 /var/www/html/vendor/codeigniter4/framework/system/CodeIgniter.php(326): CodeIgniter\CodeIgniter->handleRequest(NULL, Object(Config\Cache), false)
#5 /var/www/html/public/index.php(9): CodeIgniter\CodeIgniter->run()
#6 {main}
CRITICAL - 2022-11-10 17:24:27 --> Undefined array key "data"
#0 /var/www/html/app/Controllers/Front/Member/CertController.php(18): CodeIgniter\Debug\Exceptions->errorHandler(2, 'Undefined array...', '/var/www/html/a...', 18)
#1 /var/www/html/vendor/codeigniter4/framework/system/CodeIgniter.php(832): App\Controllers\Front\Member\CertController->JoinUs()
#2 /var/www/html/vendor/codeigniter4/framework/system/CodeIgniter.php(419): CodeIgniter\CodeIgniter->runController(Object(App\Controllers\Front\Member\CertController))
#3 /var/www/html/vendor/codeigniter4/framework/system/CodeIgniter.php(326): CodeIgniter\CodeIgniter->handleRequest(NULL, Object(Config\Cache), false)
#4 /var/www/html/public/index.php(9): CodeIgniter\CodeIgniter->run()
#5 {main}
CRITICAL - 2022-11-10 17:27:36 --> Undefined array key "data"
#0 /var/www/html/app/Controllers/Front/Member/CertController.php(18): CodeIgniter\Debug\Exceptions->errorHandler(2, 'Undefined array...', '/var/www/html/a...', 18)
#1 /var/www/html/vendor/codeigniter4/framework/system/CodeIgniter.php(832): App\Controllers\Front\Member\CertController->JoinUs()
#2 /var/www/html/vendor/codeigniter4/framework/system/CodeIgniter.php(419): CodeIgniter\CodeIgniter->runController(Object(App\Controllers\Front\Member\CertController))
#3 /var/www/html/vendor/codeigniter4/framework/system/CodeIgniter.php(326): CodeIgniter\CodeIgniter->handleRequest(NULL, Object(Config\Cache), false)
#4 /var/www/html/public/index.php(9): CodeIgniter\CodeIgniter->run()
#5 {main}
