CRITICAL - 2022-10-07 17:08:29 --> Image processing failed. Please verify that your server supports the chosen protocol and that the path to your image library is correct.
#0 /var/www/html/vendor/codeigniter4/framework/system/Images/Handlers/ImageMagickHandler.php(220): CodeIgniter\Images\Exceptions\ImageException::forImageProcessFailed()
#1 /var/www/html/vendor/codeigniter4/framework/system/Images/Handlers/ImageMagickHandler.php(413): CodeIgniter\Images\Handlers\ImageMagickHandler->process(' '/var/www/html...')
#2 /var/www/html/vendor/codeigniter4/framework/system/Images/Handlers/BaseHandler.php(416): CodeIgniter\Images\Handlers\ImageMagickHandler->_text('Copyright 2017 ...', Array)
#3 /var/www/html/app/Models/ImageModel.php(16): CodeIgniter\Images\Handlers\BaseHandler->text('Copyright 2017 ...', Array)
#4 /var/www/html/app/Controllers/Front/Controller.php(42): App\Models\ImageModel->watermarking()
#5 /var/www/html/vendor/codeigniter4/framework/system/CodeIgniter.php(326): App\Controllers\Front\Controller->__destruct()
#6 /var/www/html/public/index.php(9): CodeIgniter\CodeIgniter->run()
#7 {main}
CRITICAL - 2022-10-07 17:09:21 --> Image processing failed. Please verify that your server supports the chosen protocol and that the path to your image library is correct.
#0 /var/www/html/vendor/codeigniter4/framework/system/Images/Handlers/ImageMagickHandler.php(220): CodeIgniter\Images\Exceptions\ImageException::forImageProcessFailed()
#1 /var/www/html/vendor/codeigniter4/framework/system/Images/Handlers/ImageMagickHandler.php(413): CodeIgniter\Images\Handlers\ImageMagickHandler->process(' '/var/www/html...')
#2 /var/www/html/vendor/codeigniter4/framework/system/Images/Handlers/BaseHandler.php(416): CodeIgniter\Images\Handlers\ImageMagickHandler->_text('Copyright 2017 ...', Array)
#3 /var/www/html/app/Models/ImageModel.php(17): CodeIgniter\Images\Handlers\BaseHandler->text('Copyright 2017 ...', Array)
#4 /var/www/html/app/Controllers/Front/Controller.php(42): App\Models\ImageModel->watermarking()
#5 /var/www/html/vendor/codeigniter4/framework/system/CodeIgniter.php(326): App\Controllers\Front\Controller->__destruct()
#6 /var/www/html/public/index.php(9): CodeIgniter\CodeIgniter->run()
#7 {main}
CRITICAL - 2022-10-07 17:10:11 --> Image processing failed. Please verify that your server supports the chosen protocol and that the path to your image library is correct.
#0 /var/www/html/vendor/codeigniter4/framework/system/Images/Handlers/ImageMagickHandler.php(220): CodeIgniter\Images\Exceptions\ImageException::forImageProcessFailed()
#1 /var/www/html/vendor/codeigniter4/framework/system/Images/Handlers/ImageMagickHandler.php(413): CodeIgniter\Images\Handlers\ImageMagickHandler->process(' '/var/www/html...')
#2 /var/www/html/vendor/codeigniter4/framework/system/Images/Handlers/BaseHandler.php(416): CodeIgniter\Images\Handlers\ImageMagickHandler->_text('Copyright 2017 ...', Array)
#3 /var/www/html/app/Models/ImageModel.php(19): CodeIgniter\Images\Handlers\BaseHandler->text('Copyright 2017 ...', Array)
#4 /var/www/html/app/Controllers/Front/Controller.php(42): App\Models\ImageModel->watermarking()
#5 /var/www/html/vendor/codeigniter4/framework/system/CodeIgniter.php(326): App\Controllers\Front\Controller->__destruct()
#6 /var/www/html/public/index.php(9): CodeIgniter\CodeIgniter->run()
#7 {main}
CRITICAL - 2022-10-07 17:13:43 --> Image processing failed. Please verify that your server supports the chosen protocol and that the path to your image library is correct.
#0 /var/www/html/vendor/codeigniter4/framework/system/Images/Handlers/ImageMagickHandler.php(220): CodeIgniter\Images\Exceptions\ImageException::forImageProcessFailed()
#1 /var/www/html/vendor/codeigniter4/framework/system/Images/Handlers/ImageMagickHandler.php(413): CodeIgniter\Images\Handlers\ImageMagickHandler->process(' '/var/www/html...')
#2 /var/www/html/vendor/codeigniter4/framework/system/Images/Handlers/BaseHandler.php(416): CodeIgniter\Images\Handlers\ImageMagickHandler->_text('Copyright 2017 ...', Array)
#3 /var/www/html/app/Models/ImageModel.php(16): CodeIgniter\Images\Handlers\BaseHandler->text('Copyright 2017 ...', Array)
#4 /var/www/html/app/Controllers/Front/Controller.php(42): App\Models\ImageModel->watermarking()
#5 /var/www/html/vendor/codeigniter4/framework/system/CodeIgniter.php(326): App\Controllers\Front\Controller->__destruct()
#6 /var/www/html/public/index.php(9): CodeIgniter\CodeIgniter->run()
#7 {main}
CRITICAL - 2022-10-07 17:14:06 --> Image processing failed. Please verify that your server supports the chosen protocol and that the path to your image library is correct.
#0 /var/www/html/vendor/codeigniter4/framework/system/Images/Handlers/ImageMagickHandler.php(220): CodeIgniter\Images\Exceptions\ImageException::forImageProcessFailed()
#1 /var/www/html/vendor/codeigniter4/framework/system/Images/Handlers/ImageMagickHandler.php(413): CodeIgniter\Images\Handlers\ImageMagickHandler->process(' '/var/www/html...')
#2 /var/www/html/vendor/codeigniter4/framework/system/Images/Handlers/BaseHandler.php(416): CodeIgniter\Images\Handlers\ImageMagickHandler->_text('Copyright 2017 ...', Array)
#3 /var/www/html/app/Models/ImageModel.php(16): CodeIgniter\Images\Handlers\BaseHandler->text('Copyright 2017 ...', Array)
#4 /var/www/html/app/Controllers/Front/Controller.php(42): App\Models\ImageModel->watermarking()
#5 /var/www/html/vendor/codeigniter4/framework/system/CodeIgniter.php(326): App\Controllers\Front\Controller->__destruct()
#6 /var/www/html/public/index.php(9): CodeIgniter\CodeIgniter->run()
#7 {main}
CRITICAL - 2022-10-07 17:14:27 --> Image processing failed. Please verify that your server supports the chosen protocol and that the path to your image library is correct.
#0 /var/www/html/vendor/codeigniter4/framework/system/Images/Handlers/ImageMagickHandler.php(220): CodeIgniter\Images\Exceptions\ImageException::forImageProcessFailed()
#1 /var/www/html/vendor/codeigniter4/framework/system/Images/Handlers/ImageMagickHandler.php(413): CodeIgniter\Images\Handlers\ImageMagickHandler->process(' '/var/www/html...')
#2 /var/www/html/vendor/codeigniter4/framework/system/Images/Handlers/BaseHandler.php(416): CodeIgniter\Images\Handlers\ImageMagickHandler->_text('Copyright 2017 ...', Array)
#3 /var/www/html/app/Models/ImageModel.php(16): CodeIgniter\Images\Handlers\BaseHandler->text('Copyright 2017 ...', Array)
#4 /var/www/html/app/Controllers/Front/Controller.php(42): App\Models\ImageModel->watermarking()
#5 /var/www/html/vendor/codeigniter4/framework/system/CodeIgniter.php(326): App\Controllers\Front\Controller->__destruct()
#6 /var/www/html/public/index.php(9): CodeIgniter\CodeIgniter->run()
#7 {main}
CRITICAL - 2022-10-07 17:14:40 --> Image processing failed. Please verify that your server supports the chosen protocol and that the path to your image library is correct.
#0 /var/www/html/vendor/codeigniter4/framework/system/Images/Handlers/ImageMagickHandler.php(220): CodeIgniter\Images\Exceptions\ImageException::forImageProcessFailed()
#1 /var/www/html/vendor/codeigniter4/framework/system/Images/Handlers/ImageMagickHandler.php(413): CodeIgniter\Images\Handlers\ImageMagickHandler->process(' '/var/www/html...')
#2 /var/www/html/vendor/codeigniter4/framework/system/Images/Handlers/BaseHandler.php(416): CodeIgniter\Images\Handlers\ImageMagickHandler->_text('Copyright 2017 ...', Array)
#3 /var/www/html/app/Models/ImageModel.php(16): CodeIgniter\Images\Handlers\BaseHandler->text('Copyright 2017 ...', Array)
#4 /var/www/html/app/Controllers/Front/Controller.php(42): App\Models\ImageModel->watermarking()
#5 /var/www/html/vendor/codeigniter4/framework/system/CodeIgniter.php(326): App\Controllers\Front\Controller->__destruct()
#6 /var/www/html/public/index.php(9): CodeIgniter\CodeIgniter->run()
#7 {main}
CRITICAL - 2022-10-07 17:15:26 --> File not found: /uploads/2022/08/24/1661304979_677ac40e3879af61d67c.jpg
#0 /var/www/html/vendor/codeigniter4/framework/system/Files/File.php(46): CodeIgniter\Files\Exceptions\FileNotFoundException::forFileNotFound('/uploads/2022/0...')
#1 /var/www/html/vendor/codeigniter4/framework/system/Images/Handlers/BaseHandler.php(148): CodeIgniter\Files\File->__construct('/uploads/2022/0...', true)
#2 /var/www/html/app/Models/ImageModel.php(14): CodeIgniter\Images\Handlers\BaseHandler->withFile('/uploads/2022/0...')
#3 /var/www/html/app/Controllers/Front/Controller.php(42): App\Models\ImageModel->watermarking()
#4 /var/www/html/vendor/codeigniter4/framework/system/CodeIgniter.php(326): App\Controllers\Front\Controller->__destruct()
#5 /var/www/html/public/index.php(9): CodeIgniter\CodeIgniter->run()
#6 {main}
CRITICAL - 2022-10-07 17:15:33 --> Image processing failed. Please verify that your server supports the chosen protocol and that the path to your image library is correct.
#0 /var/www/html/vendor/codeigniter4/framework/system/Images/Handlers/ImageMagickHandler.php(220): CodeIgniter\Images\Exceptions\ImageException::forImageProcessFailed()
#1 /var/www/html/vendor/codeigniter4/framework/system/Images/Handlers/ImageMagickHandler.php(413): CodeIgniter\Images\Handlers\ImageMagickHandler->process(' '/var/www/html...')
#2 /var/www/html/vendor/codeigniter4/framework/system/Images/Handlers/BaseHandler.php(416): CodeIgniter\Images\Handlers\ImageMagickHandler->_text('Copyright 2017 ...', Array)
#3 /var/www/html/app/Models/ImageModel.php(16): CodeIgniter\Images\Handlers\BaseHandler->text('Copyright 2017 ...', Array)
#4 /var/www/html/app/Controllers/Front/Controller.php(42): App\Models\ImageModel->watermarking()
#5 /var/www/html/vendor/codeigniter4/framework/system/CodeIgniter.php(326): App\Controllers\Front\Controller->__destruct()
#6 /var/www/html/public/index.php(9): CodeIgniter\CodeIgniter->run()
#7 {main}
CRITICAL - 2022-10-07 17:18:11 --> Class "App\Models\Config\Services" not found
#0 /var/www/html/app/Controllers/Front/Controller.php(41): App\Models\ImageModel->__construct()
#1 /var/www/html/vendor/codeigniter4/framework/system/CodeIgniter.php(326): App\Controllers\Front\Controller->__destruct()
#2 /var/www/html/public/index.php(9): CodeIgniter\CodeIgniter->run()
#3 {main}
CRITICAL - 2022-10-07 17:18:20 --> Image processing failed. Please verify that your server supports the chosen protocol and that the path to your image library is correct.
#0 /var/www/html/vendor/codeigniter4/framework/system/Images/Handlers/ImageMagickHandler.php(220): CodeIgniter\Images\Exceptions\ImageException::forImageProcessFailed()
#1 /var/www/html/vendor/codeigniter4/framework/system/Images/Handlers/ImageMagickHandler.php(413): CodeIgniter\Images\Handlers\ImageMagickHandler->process(' '/var/www/html...')
#2 /var/www/html/vendor/codeigniter4/framework/system/Images/Handlers/BaseHandler.php(416): CodeIgniter\Images\Handlers\ImageMagickHandler->_text('Copyright 2017 ...', Array)
#3 /var/www/html/app/Models/ImageModel.php(16): CodeIgniter\Images\Handlers\BaseHandler->text('Copyright 2017 ...', Array)
#4 /var/www/html/app/Controllers/Front/Controller.php(42): App\Models\ImageModel->watermarking()
#5 /var/www/html/vendor/codeigniter4/framework/system/CodeIgniter.php(326): App\Controllers\Front\Controller->__destruct()
#6 /var/www/html/public/index.php(9): CodeIgniter\CodeIgniter->run()
#7 {main}
CRITICAL - 2022-10-07 17:20:27 --> Image processing failed. Please verify that your server supports the chosen protocol and that the path to your image library is correct.
#0 /var/www/html/vendor/codeigniter4/framework/system/Images/Handlers/ImageMagickHandler.php(220): CodeIgniter\Images\Exceptions\ImageException::forImageProcessFailed()
#1 /var/www/html/vendor/codeigniter4/framework/system/Images/Handlers/ImageMagickHandler.php(413): CodeIgniter\Images\Handlers\ImageMagickHandler->process(' '/var/www/html...')
#2 /var/www/html/vendor/codeigniter4/framework/system/Images/Handlers/BaseHandler.php(416): CodeIgniter\Images\Handlers\ImageMagickHandler->_text('Copyright 2017 ...', Array)
#3 /var/www/html/app/Models/ImageModel.php(16): CodeIgniter\Images\Handlers\BaseHandler->text('Copyright 2017 ...', Array)
#4 /var/www/html/app/Controllers/Front/Controller.php(42): App\Models\ImageModel->watermarking()
#5 /var/www/html/vendor/codeigniter4/framework/system/CodeIgniter.php(326): App\Controllers\Front\Controller->__destruct()
#6 /var/www/html/public/index.php(9): CodeIgniter\CodeIgniter->run()
#7 {main}
CRITICAL - 2022-10-07 17:22:07 --> Image processing failed. Please verify that your server supports the chosen protocol and that the path to your image library is correct.
#0 /var/www/html/vendor/codeigniter4/framework/system/Images/Handlers/ImageMagickHandler.php(220): CodeIgniter\Images\Exceptions\ImageException::forImageProcessFailed()
#1 /var/www/html/vendor/codeigniter4/framework/system/Images/Handlers/ImageMagickHandler.php(413): CodeIgniter\Images\Handlers\ImageMagickHandler->process(' '/var/www/html...')
#2 /var/www/html/vendor/codeigniter4/framework/system/Images/Handlers/BaseHandler.php(416): CodeIgniter\Images\Handlers\ImageMagickHandler->_text('Copyright 2017 ...', Array)
#3 /var/www/html/app/Models/ImageModel.php(16): CodeIgniter\Images\Handlers\BaseHandler->text('Copyright 2017 ...', Array)
#4 /var/www/html/app/Controllers/Front/Controller.php(42): App\Models\ImageModel->watermarking()
#5 /var/www/html/vendor/codeigniter4/framework/system/CodeIgniter.php(326): App\Controllers\Front\Controller->__destruct()
#6 /var/www/html/public/index.php(9): CodeIgniter\CodeIgniter->run()
#7 {main}
CRITICAL - 2022-10-07 17:27:41 --> Image processing failed. Please verify that your server supports the chosen protocol and that the path to your image library is correct.
#0 /var/www/html/vendor/codeigniter4/framework/system/Images/Handlers/ImageMagickHandler.php(220): CodeIgniter\Images\Exceptions\ImageException::forImageProcessFailed()
#1 /var/www/html/vendor/codeigniter4/framework/system/Images/Handlers/ImageMagickHandler.php(413): CodeIgniter\Images\Handlers\ImageMagickHandler->process(' '/var/www/html...')
#2 /var/www/html/vendor/codeigniter4/framework/system/Images/Handlers/BaseHandler.php(416): CodeIgniter\Images\Handlers\ImageMagickHandler->_text('Copyright 2017 ...', Array)
#3 /var/www/html/app/Models/ImageModel.php(16): CodeIgniter\Images\Handlers\BaseHandler->text('Copyright 2017 ...', Array)
#4 /var/www/html/app/Controllers/Front/Controller.php(42): App\Models\ImageModel->watermarking()
#5 /var/www/html/vendor/codeigniter4/framework/system/CodeIgniter.php(326): App\Controllers\Front\Controller->__destruct()
#6 /var/www/html/public/index.php(9): CodeIgniter\CodeIgniter->run()
#7 {main}
CRITICAL - 2022-10-07 17:31:03 --> Implicit conversion from float 63.5 to int loses precision
#0 [internal function]: CodeIgniter\Debug\Exceptions->errorHandler(8192, 'Implicit conver...', '/var/www/html/v...', 467)
#1 /var/www/html/vendor/codeigniter4/framework/system/Images/Handlers/GDHandler.php(467): imagecolorclosestalpha(Object(GdImage), 0, 0, 0, 63.5)
#2 /var/www/html/vendor/codeigniter4/framework/system/Images/Handlers/GDHandler.php(434): CodeIgniter\Images\Handlers\GDHandler->textOverlay('Copyright 2017 ...', Array, true)
#3 /var/www/html/vendor/codeigniter4/framework/system/Images/Handlers/BaseHandler.php(416): CodeIgniter\Images\Handlers\GDHandler->_text('Copyright 2017 ...', Array)
#4 /var/www/html/app/Models/ImageModel.php(17): CodeIgniter\Images\Handlers\BaseHandler->text('Copyright 2017 ...', Array)
#5 /var/www/html/app/Controllers/Front/Controller.php(42): App\Models\ImageModel->watermarking()
#6 /var/www/html/vendor/codeigniter4/framework/system/CodeIgniter.php(326): App\Controllers\Front\Controller->__destruct()
#7 /var/www/html/public/index.php(9): CodeIgniter\CodeIgniter->run()
#8 {main}
CRITICAL - 2022-10-07 17:31:56 --> Image processing failed. Please verify that your server supports the chosen protocol and that the path to your image library is correct.
#0 /var/www/html/vendor/codeigniter4/framework/system/Images/Handlers/ImageMagickHandler.php(220): CodeIgniter\Images\Exceptions\ImageException::forImageProcessFailed()
#1 /var/www/html/vendor/codeigniter4/framework/system/Images/Handlers/ImageMagickHandler.php(413): CodeIgniter\Images\Handlers\ImageMagickHandler->process(' '/var/www/html...')
#2 /var/www/html/vendor/codeigniter4/framework/system/Images/Handlers/BaseHandler.php(416): CodeIgniter\Images\Handlers\ImageMagickHandler->_text('Copyright 2017 ...', Array)
#3 /var/www/html/app/Models/ImageModel.php(16): CodeIgniter\Images\Handlers\BaseHandler->text('Copyright 2017 ...', Array)
#4 /var/www/html/app/Controllers/Front/Controller.php(42): App\Models\ImageModel->watermarking()
#5 /var/www/html/vendor/codeigniter4/framework/system/CodeIgniter.php(326): App\Controllers\Front\Controller->__destruct()
#6 /var/www/html/public/index.php(9): CodeIgniter\CodeIgniter->run()
#7 {main}
