CRITICAL - 2022-10-31 15:33:07 --> Call to undefined method CodeIgniter\Database\MySQLi\Builder::find()
#0 /var/www/html/app/Controllers/Admin/Main/IndexController.php(14): get_count_table('co_bd_notice')
#1 /var/www/html/vendor/codeigniter4/framework/system/CodeIgniter.php(832): App\Controllers\Admin\Main\IndexController->index()
#2 /var/www/html/vendor/codeigniter4/framework/system/CodeIgniter.php(419): CodeIgniter\CodeIgniter->runController(Object(App\Controllers\Admin\Main\IndexController))
#3 /var/www/html/vendor/codeigniter4/framework/system/CodeIgniter.php(326): CodeIgniter\CodeIgniter->handleRequest(NULL, Object(Config\Cache), false)
#4 /var/www/html/public/index.php(9): CodeIgniter\CodeIgniter->run()
#5 {main}
CRITICAL - 2022-10-31 15:33:18 --> Call to undefined method CodeIgniter\Database\MySQLi\Builder::find()
#0 /var/www/html/app/Controllers/Admin/Main/IndexController.php(14): get_count_table('co_bd_notice')
#1 /var/www/html/vendor/codeigniter4/framework/system/CodeIgniter.php(832): App\Controllers\Admin\Main\IndexController->index()
#2 /var/www/html/vendor/codeigniter4/framework/system/CodeIgniter.php(419): CodeIgniter\CodeIgniter->runController(Object(App\Controllers\Admin\Main\IndexController))
#3 /var/www/html/vendor/codeigniter4/framework/system/CodeIgniter.php(326): CodeIgniter\CodeIgniter->handleRequest(NULL, Object(Config\Cache), false)
#4 /var/www/html/public/index.php(9): CodeIgniter\CodeIgniter->run()
#5 {main}
CRITICAL - 2022-10-31 15:33:56 --> Call to undefined method CodeIgniter\Database\MySQLi\Result::find()
#0 /var/www/html/app/Controllers/Admin/Main/IndexController.php(14): get_count_table('co_bd_notice')
#1 /var/www/html/vendor/codeigniter4/framework/system/CodeIgniter.php(832): App\Controllers\Admin\Main\IndexController->index()
#2 /var/www/html/vendor/codeigniter4/framework/system/CodeIgniter.php(419): CodeIgniter\CodeIgniter->runController(Object(App\Controllers\Admin\Main\IndexController))
#3 /var/www/html/vendor/codeigniter4/framework/system/CodeIgniter.php(326): CodeIgniter\CodeIgniter->handleRequest(NULL, Object(Config\Cache), false)
#4 /var/www/html/public/index.php(9): CodeIgniter\CodeIgniter->run()
#5 {main}
CRITICAL - 2022-10-31 16:01:23 --> Undefined array key "name"
#0 /var/www/html/app/Helpers/url_helper.php(159): CodeIgniter\Debug\Exceptions->errorHandler(2, 'Undefined array...', '/var/www/html/a...', 159)
#1 /var/www/html/app/Controllers/Admin/Main/IndexController.php(18): get_member_level('1')
#2 /var/www/html/vendor/codeigniter4/framework/system/CodeIgniter.php(832): App\Controllers\Admin\Main\IndexController->index()
#3 /var/www/html/vendor/codeigniter4/framework/system/CodeIgniter.php(419): CodeIgniter\CodeIgniter->runController(Object(App\Controllers\Admin\Main\IndexController))
#4 /var/www/html/vendor/codeigniter4/framework/system/CodeIgniter.php(326): CodeIgniter\CodeIgniter->handleRequest(NULL, Object(Config\Cache), false)
#5 /var/www/html/public/index.php(9): CodeIgniter\CodeIgniter->run()
#6 {main}
CRITICAL - 2022-10-31 16:16:11 --> Cache unable to write to /var/www/html/writable/cache/.
#0 /var/www/html/vendor/codeigniter4/framework/system/Cache/Handlers/FileHandler.php(61): CodeIgniter\Cache\Exceptions\CacheException::forUnableToWrite('/var/www/html/w...')
#1 /var/www/html/vendor/codeigniter4/framework/system/Cache/CacheFactory.php(60): CodeIgniter\Cache\Handlers\FileHandler->__construct(Object(Config\Cache))
#2 /var/www/html/vendor/codeigniter4/framework/system/Config/Services.php(106): CodeIgniter\Cache\CacheFactory::getHandler(Object(Config\Cache))
#3 /var/www/html/vendor/codeigniter4/framework/system/Config/BaseService.php(248): CodeIgniter\Config\Services::cache(Object(Config\Cache), false)
#4 /var/www/html/vendor/codeigniter4/framework/system/Config/BaseService.php(189): CodeIgniter\Config\BaseService::__callStatic('cache', Array)
#5 /var/www/html/vendor/codeigniter4/framework/system/Config/Services.php(101): CodeIgniter\Config\BaseService::getSharedInstance('cache', NULL)
#6 /var/www/html/vendor/codeigniter4/framework/system/Config/BaseService.php(248): CodeIgniter\Config\Services::cache()
#7 /var/www/html/vendor/codeigniter4/framework/system/Common.php(67): CodeIgniter\Config\BaseService::__callStatic('cache', Array)
#8 /var/www/html/vendor/codeigniter4/framework/system/CodeIgniter.php(604): cache()
#9 /var/www/html/vendor/codeigniter4/framework/system/CodeIgniter.php(313): CodeIgniter\CodeIgniter->displayCache(Object(Config\Cache))
#10 /var/www/html/public/index.php(9): CodeIgniter\CodeIgniter->run()
#11 {main}
CRITICAL - 2022-10-31 16:16:59 --> Cache unable to write to /var/www/html/writable/cache/.
#0 /var/www/html/vendor/codeigniter4/framework/system/Cache/Handlers/FileHandler.php(61): CodeIgniter\Cache\Exceptions\CacheException::forUnableToWrite('/var/www/html/w...')
#1 /var/www/html/vendor/codeigniter4/framework/system/Cache/CacheFactory.php(60): CodeIgniter\Cache\Handlers\FileHandler->__construct(Object(Config\Cache))
#2 /var/www/html/vendor/codeigniter4/framework/system/Config/Services.php(106): CodeIgniter\Cache\CacheFactory::getHandler(Object(Config\Cache))
#3 /var/www/html/vendor/codeigniter4/framework/system/Config/BaseService.php(248): CodeIgniter\Config\Services::cache(Object(Config\Cache), false)
#4 /var/www/html/vendor/codeigniter4/framework/system/Config/BaseService.php(189): CodeIgniter\Config\BaseService::__callStatic('cache', Array)
#5 /var/www/html/vendor/codeigniter4/framework/system/Config/Services.php(101): CodeIgniter\Config\BaseService::getSharedInstance('cache', NULL)
#6 /var/www/html/vendor/codeigniter4/framework/system/Config/BaseService.php(248): CodeIgniter\Config\Services::cache()
#7 /var/www/html/vendor/codeigniter4/framework/system/Common.php(67): CodeIgniter\Config\BaseService::__callStatic('cache', Array)
#8 /var/www/html/vendor/codeigniter4/framework/system/CodeIgniter.php(604): cache()
#9 /var/www/html/vendor/codeigniter4/framework/system/CodeIgniter.php(313): CodeIgniter\CodeIgniter->displayCache(Object(Config\Cache))
#10 /var/www/html/public/index.php(9): CodeIgniter\CodeIgniter->run()
#11 {main}
