CRITICAL - 2022-09-30 11:22:19 --> Call to undefined function App\Models\Menu\camel_case()
#0 /var/www/html/app/Config/Routes.php(30): App\Models\Menu\AdminMenu->getRoutesData()
#1 /var/www/html/vendor/codeigniter4/framework/system/Router/RouteCollection.php(607): CodeIgniter\CodeIgniter->Config\{closure}(Object(CodeIgniter\Router\RouteCollection))
#2 /var/www/html/app/Config/Routes.php(32): CodeIgniter\Router\RouteCollection->group('admin', Array, Object(Closure))
#3 /var/www/html/vendor/codeigniter4/framework/system/CodeIgniter.php(713): require('/var/www/html/a...')
#4 /var/www/html/vendor/codeigniter4/framework/system/CodeIgniter.php(368): CodeIgniter\CodeIgniter->tryToRouteIt(Object(CodeIgniter\Router\RouteCollection))
#5 /var/www/html/vendor/codeigniter4/framework/system/CodeIgniter.php(326): CodeIgniter\CodeIgniter->handleRequest(NULL, Object(Config\Cache), false)
#6 /var/www/html/public/index.php(9): CodeIgniter\CodeIgniter->run()
#7 {main}
CRITICAL - 2022-09-30 11:22:21 --> Call to undefined function App\Models\Menu\camel_case()
#0 /var/www/html/app/Config/Routes.php(30): App\Models\Menu\AdminMenu->getRoutesData()
#1 /var/www/html/vendor/codeigniter4/framework/system/Router/RouteCollection.php(607): CodeIgniter\CodeIgniter->Config\{closure}(Object(CodeIgniter\Router\RouteCollection))
#2 /var/www/html/app/Config/Routes.php(32): CodeIgniter\Router\RouteCollection->group('admin', Array, Object(Closure))
#3 /var/www/html/vendor/codeigniter4/framework/system/CodeIgniter.php(713): require('/var/www/html/a...')
#4 /var/www/html/vendor/codeigniter4/framework/system/CodeIgniter.php(368): CodeIgniter\CodeIgniter->tryToRouteIt(Object(CodeIgniter\Router\RouteCollection))
#5 /var/www/html/vendor/codeigniter4/framework/system/CodeIgniter.php(326): CodeIgniter\CodeIgniter->handleRequest(NULL, Object(Config\Cache), false)
#6 /var/www/html/public/index.php(9): CodeIgniter\CodeIgniter->run()
#7 {main}
CRITICAL - 2022-09-30 11:22:32 --> Call to undefined function App\Models\Menu\camel_case()
#0 /var/www/html/app/Config/Routes.php(30): App\Models\Menu\AdminMenu->getRoutesData()
#1 /var/www/html/vendor/codeigniter4/framework/system/Router/RouteCollection.php(607): CodeIgniter\CodeIgniter->Config\{closure}(Object(CodeIgniter\Router\RouteCollection))
#2 /var/www/html/app/Config/Routes.php(32): CodeIgniter\Router\RouteCollection->group('admin', Array, Object(Closure))
#3 /var/www/html/vendor/codeigniter4/framework/system/CodeIgniter.php(713): require('/var/www/html/a...')
#4 /var/www/html/vendor/codeigniter4/framework/system/CodeIgniter.php(368): CodeIgniter\CodeIgniter->tryToRouteIt(Object(CodeIgniter\Router\RouteCollection))
#5 /var/www/html/vendor/codeigniter4/framework/system/CodeIgniter.php(326): CodeIgniter\CodeIgniter->handleRequest(NULL, Object(Config\Cache), false)
#6 /var/www/html/public/index.php(9): CodeIgniter\CodeIgniter->run()
#7 {main}
CRITICAL - 2022-09-30 11:22:33 --> Call to undefined function App\Models\Menu\camel_case()
#0 /var/www/html/app/Config/Routes.php(30): App\Models\Menu\AdminMenu->getRoutesData()
#1 /var/www/html/vendor/codeigniter4/framework/system/Router/RouteCollection.php(607): CodeIgniter\CodeIgniter->Config\{closure}(Object(CodeIgniter\Router\RouteCollection))
#2 /var/www/html/app/Config/Routes.php(32): CodeIgniter\Router\RouteCollection->group('admin', Array, Object(Closure))
#3 /var/www/html/vendor/codeigniter4/framework/system/CodeIgniter.php(713): require('/var/www/html/a...')
#4 /var/www/html/vendor/codeigniter4/framework/system/CodeIgniter.php(368): CodeIgniter\CodeIgniter->tryToRouteIt(Object(CodeIgniter\Router\RouteCollection))
#5 /var/www/html/vendor/codeigniter4/framework/system/CodeIgniter.php(326): CodeIgniter\CodeIgniter->handleRequest(NULL, Object(Config\Cache), false)
#6 /var/www/html/public/index.php(9): CodeIgniter\CodeIgniter->run()
#7 {main}
