CRITICAL - 2022-08-17 08:51:51 --> 22 : The requested URL returned error: 401 
#0 /var/www/html/vendor/codeigniter4/framework/system/HTTP/CURLRequest.php(656): CodeIgniter\HTTP\Exceptions\HTTPException::forCurlError('22', 'The requested U...')
#1 /var/www/html/vendor/codeigniter4/framework/system/HTTP/CURLRequest.php(364): CodeIgniter\HTTP\CURLRequest->sendRequest(Array)
#2 /var/www/html/vendor/codeigniter4/framework/system/HTTP/CURLRequest.php(140): CodeIgniter\HTTP\CURLRequest->send('POST', 'https://fcm.goo...')
#3 /var/www/html/app/Models/Push.php(105): CodeIgniter\HTTP\CURLRequest->request('POST', 'https://fcm.goo...', Array)
#4 /var/www/html/app/Controllers/Admin/Config/AppConfigController.php(20): App\Models\Push->send()
#5 /var/www/html/vendor/codeigniter4/framework/system/CodeIgniter.php(832): App\Controllers\Admin\Config\AppConfigController->config()
#6 /var/www/html/vendor/codeigniter4/framework/system/CodeIgniter.php(419): CodeIgniter\CodeIgniter->runController(Object(App\Controllers\Admin\Config\AppConfigController))
#7 /var/www/html/vendor/codeigniter4/framework/system/CodeIgniter.php(326): CodeIgniter\CodeIgniter->handleRequest(NULL, Object(Config\Cache), false)
#8 /var/www/html/public/index.php(9): CodeIgniter\CodeIgniter->run()
#9 {main}
CRITICAL - 2022-08-17 08:52:55 --> 22 : The requested URL returned error: 401 
#0 /var/www/html/vendor/codeigniter4/framework/system/HTTP/CURLRequest.php(656): CodeIgniter\HTTP\Exceptions\HTTPException::forCurlError('22', 'The requested U...')
#1 /var/www/html/vendor/codeigniter4/framework/system/HTTP/CURLRequest.php(364): CodeIgniter\HTTP\CURLRequest->sendRequest(Array)
#2 /var/www/html/vendor/codeigniter4/framework/system/HTTP/CURLRequest.php(140): CodeIgniter\HTTP\CURLRequest->send('POST', 'https://fcm.goo...')
#3 /var/www/html/app/Models/Push.php(105): CodeIgniter\HTTP\CURLRequest->request('POST', 'https://fcm.goo...', Array)
#4 /var/www/html/app/Controllers/Admin/Config/AppConfigController.php(20): App\Models\Push->send()
#5 /var/www/html/vendor/codeigniter4/framework/system/CodeIgniter.php(832): App\Controllers\Admin\Config\AppConfigController->config()
#6 /var/www/html/vendor/codeigniter4/framework/system/CodeIgniter.php(419): CodeIgniter\CodeIgniter->runController(Object(App\Controllers\Admin\Config\AppConfigController))
#7 /var/www/html/vendor/codeigniter4/framework/system/CodeIgniter.php(326): CodeIgniter\CodeIgniter->handleRequest(NULL, Object(Config\Cache), false)
#8 /var/www/html/public/index.php(9): CodeIgniter\CodeIgniter->run()
#9 {main}
CRITICAL - 2022-08-17 08:53:06 --> 22 : The requested URL returned error: 401 
#0 /var/www/html/vendor/codeigniter4/framework/system/HTTP/CURLRequest.php(656): CodeIgniter\HTTP\Exceptions\HTTPException::forCurlError('22', 'The requested U...')
#1 /var/www/html/vendor/codeigniter4/framework/system/HTTP/CURLRequest.php(364): CodeIgniter\HTTP\CURLRequest->sendRequest(Array)
#2 /var/www/html/vendor/codeigniter4/framework/system/HTTP/CURLRequest.php(140): CodeIgniter\HTTP\CURLRequest->send('POST', 'https://fcm.goo...')
#3 /var/www/html/app/Models/Push.php(105): CodeIgniter\HTTP\CURLRequest->request('POST', 'https://fcm.goo...', Array)
#4 /var/www/html/app/Controllers/Admin/Config/AppConfigController.php(20): App\Models\Push->send()
#5 /var/www/html/vendor/codeigniter4/framework/system/CodeIgniter.php(832): App\Controllers\Admin\Config\AppConfigController->config()
#6 /var/www/html/vendor/codeigniter4/framework/system/CodeIgniter.php(419): CodeIgniter\CodeIgniter->runController(Object(App\Controllers\Admin\Config\AppConfigController))
#7 /var/www/html/vendor/codeigniter4/framework/system/CodeIgniter.php(326): CodeIgniter\CodeIgniter->handleRequest(NULL, Object(Config\Cache), false)
#8 /var/www/html/public/index.php(9): CodeIgniter\CodeIgniter->run()
#9 {main}
CRITICAL - 2022-08-17 10:06:39 --> Invalid file: Front/html/asdfasdf.html
#0 /var/www/html/vendor/codeigniter4/framework/system/View/View.php(198): CodeIgniter\Exceptions\FrameworkException::forInvalidFile('Front/html/asdf...')
#1 /var/www/html/vendor/codeigniter4/framework/system/Common.php(1089): CodeIgniter\View\View->render('Front/html/asdf...', Array, true)
#2 /var/www/html/app/Controllers/Front/Controller.php(41): view('Front/html/asdf...', Array)
#3 /var/www/html/vendor/codeigniter4/framework/system/CodeIgniter.php(326): App\Controllers\Front\Controller->__destruct()
#4 /var/www/html/public/index.php(9): CodeIgniter\CodeIgniter->run()
#5 {main}
CRITICAL - 2022-08-17 10:09:33 --> Invalid file: Front/html/asdfasdf.html
#0 /var/www/html/vendor/codeigniter4/framework/system/View/View.php(198): CodeIgniter\Exceptions\FrameworkException::forInvalidFile('Front/html/asdf...')
#1 /var/www/html/vendor/codeigniter4/framework/system/Common.php(1089): CodeIgniter\View\View->render('Front/html/asdf...', Array, true)
#2 /var/www/html/app/Controllers/Front/Controller.php(41): view('Front/html/asdf...', Array)
#3 /var/www/html/vendor/codeigniter4/framework/system/CodeIgniter.php(326): App\Controllers\Front\Controller->__destruct()
#4 /var/www/html/public/index.php(9): CodeIgniter\CodeIgniter->run()
#5 {main}
CRITICAL - 2022-08-17 13:20:25 --> Invalid file: Front/html/asdfasdf.html
#0 /var/www/html/vendor/codeigniter4/framework/system/View/View.php(198): CodeIgniter\Exceptions\FrameworkException::forInvalidFile('Front/html/asdf...')
#1 /var/www/html/vendor/codeigniter4/framework/system/Common.php(1089): CodeIgniter\View\View->render('Front/html/asdf...', Array, true)
#2 /var/www/html/app/Controllers/Front/Controller.php(41): view('Front/html/asdf...', Array)
#3 /var/www/html/vendor/codeigniter4/framework/system/CodeIgniter.php(326): App\Controllers\Front\Controller->__destruct()
#4 /var/www/html/public/index.php(9): CodeIgniter\CodeIgniter->run()
#5 {main}
CRITICAL - 2022-08-17 14:23:58 --> Invalid file: Front/html/asdfasdf.html
#0 /var/www/html/vendor/codeigniter4/framework/system/View/View.php(198): CodeIgniter\Exceptions\FrameworkException::forInvalidFile('Front/html/asdf...')
#1 /var/www/html/vendor/codeigniter4/framework/system/Common.php(1089): CodeIgniter\View\View->render('Front/html/asdf...', Array, true)
#2 /var/www/html/app/Controllers/Front/Controller.php(41): view('Front/html/asdf...', Array)
#3 /var/www/html/vendor/codeigniter4/framework/system/CodeIgniter.php(326): App\Controllers\Front\Controller->__destruct()
#4 /var/www/html/public/index.php(9): CodeIgniter\CodeIgniter->run()
#5 {main}
CRITICAL - 2022-08-17 15:27:04 --> Cannot access offset of type string on string
#0 /var/www/html/vendor/codeigniter4/framework/system/View/View.php(210): include()
#1 /var/www/html/vendor/codeigniter4/framework/system/View/View.php(213): CodeIgniter\View\View->CodeIgniter\View\{closure}()
#2 /var/www/html/vendor/codeigniter4/framework/system/Common.php(1089): CodeIgniter\View\View->render('Front/widget/bo...', Array, true)
#3 /var/www/html/app/Controllers/Front/Widget/Widget.php(11): view('Front/widget/bo...', Array)
#4 /var/www/html/Views/Front/main/index.html(23): App\Controllers\Front\Widget\Widget::getBoradSome('gallery', 5, 'slide')
#5 /var/www/html/vendor/codeigniter4/framework/system/View/View.php(210): include('/var/www/html/V...')
#6 /var/www/html/vendor/codeigniter4/framework/system/View/View.php(213): CodeIgniter\View\View->CodeIgniter\View\{closure}()
#7 /var/www/html/vendor/codeigniter4/framework/system/Common.php(1089): CodeIgniter\View\View->render('Front/main/inde...', Array, true)
#8 /var/www/html/app/Controllers/Front/Controller.php(41): view('Front/main/inde...', Array)
#9 /var/www/html/vendor/codeigniter4/framework/system/CodeIgniter.php(326): App\Controllers\Front\Controller->__destruct()
#10 /var/www/html/public/index.php(9): CodeIgniter\CodeIgniter->run()
#11 {main}
CRITICAL - 2022-08-17 15:27:06 --> Cannot access offset of type string on string
#0 /var/www/html/vendor/codeigniter4/framework/system/View/View.php(210): include()
#1 /var/www/html/vendor/codeigniter4/framework/system/View/View.php(213): CodeIgniter\View\View->CodeIgniter\View\{closure}()
#2 /var/www/html/vendor/codeigniter4/framework/system/Common.php(1089): CodeIgniter\View\View->render('Front/widget/bo...', Array, true)
#3 /var/www/html/app/Controllers/Front/Widget/Widget.php(11): view('Front/widget/bo...', Array)
#4 /var/www/html/Views/Front/main/index.html(23): App\Controllers\Front\Widget\Widget::getBoradSome('gallery', 5, 'slide')
#5 /var/www/html/vendor/codeigniter4/framework/system/View/View.php(210): include('/var/www/html/V...')
#6 /var/www/html/vendor/codeigniter4/framework/system/View/View.php(213): CodeIgniter\View\View->CodeIgniter\View\{closure}()
#7 /var/www/html/vendor/codeigniter4/framework/system/Common.php(1089): CodeIgniter\View\View->render('Front/main/inde...', Array, true)
#8 /var/www/html/app/Controllers/Front/Controller.php(41): view('Front/main/inde...', Array)
#9 /var/www/html/vendor/codeigniter4/framework/system/CodeIgniter.php(326): App\Controllers\Front\Controller->__destruct()
#10 /var/www/html/public/index.php(9): CodeIgniter\CodeIgniter->run()
#11 {main}
CRITICAL - 2022-08-17 16:28:42 --> Cannot access offset of type string on string
#0 /var/www/html/vendor/codeigniter4/framework/system/View/View.php(210): include()
#1 /var/www/html/vendor/codeigniter4/framework/system/View/View.php(213): CodeIgniter\View\View->CodeIgniter\View\{closure}()
#2 /var/www/html/vendor/codeigniter4/framework/system/Common.php(1089): CodeIgniter\View\View->render('Front/widget/bo...', Array, true)
#3 /var/www/html/app/Controllers/Front/Widget/Widget.php(11): view('Front/widget/bo...', Array)
#4 /var/www/html/Views/Front/main/index.html(23): App\Controllers\Front\Widget\Widget::getBoradSome('gallery', 5, 'slide')
#5 /var/www/html/vendor/codeigniter4/framework/system/View/View.php(210): include('/var/www/html/V...')
#6 /var/www/html/vendor/codeigniter4/framework/system/View/View.php(213): CodeIgniter\View\View->CodeIgniter\View\{closure}()
#7 /var/www/html/vendor/codeigniter4/framework/system/Common.php(1089): CodeIgniter\View\View->render('Front/main/inde...', Array, true)
#8 /var/www/html/app/Controllers/Front/Controller.php(41): view('Front/main/inde...', Array)
#9 /var/www/html/vendor/codeigniter4/framework/system/CodeIgniter.php(326): App\Controllers\Front\Controller->__destruct()
#10 /var/www/html/public/index.php(9): CodeIgniter\CodeIgniter->run()
#11 {main}
CRITICAL - 2022-08-17 16:33:35 --> Cannot access offset of type string on string
#0 /var/www/html/vendor/codeigniter4/framework/system/View/View.php(210): include()
#1 /var/www/html/vendor/codeigniter4/framework/system/View/View.php(213): CodeIgniter\View\View->CodeIgniter\View\{closure}()
#2 /var/www/html/vendor/codeigniter4/framework/system/Common.php(1089): CodeIgniter\View\View->render('Front/widget/bo...', Array, true)
#3 /var/www/html/app/Controllers/Front/Widget/Widget.php(11): view('Front/widget/bo...', Array)
#4 /var/www/html/Views/Front/main/index.html(23): App\Controllers\Front\Widget\Widget::getBoradSome('gallery', 5, 'slide')
#5 /var/www/html/vendor/codeigniter4/framework/system/View/View.php(210): include('/var/www/html/V...')
#6 /var/www/html/vendor/codeigniter4/framework/system/View/View.php(213): CodeIgniter\View\View->CodeIgniter\View\{closure}()
#7 /var/www/html/vendor/codeigniter4/framework/system/Common.php(1089): CodeIgniter\View\View->render('Front/main/inde...', Array, true)
#8 /var/www/html/app/Controllers/Front/Controller.php(41): view('Front/main/inde...', Array)
#9 /var/www/html/vendor/codeigniter4/framework/system/CodeIgniter.php(326): App\Controllers\Front\Controller->__destruct()
#10 /var/www/html/public/index.php(9): CodeIgniter\CodeIgniter->run()
#11 {main}
CRITICAL - 2022-08-17 16:52:32 --> Cannot access offset of type string on string
#0 /var/www/html/vendor/codeigniter4/framework/system/View/View.php(210): include()
#1 /var/www/html/vendor/codeigniter4/framework/system/View/View.php(213): CodeIgniter\View\View->CodeIgniter\View\{closure}()
#2 /var/www/html/vendor/codeigniter4/framework/system/Common.php(1089): CodeIgniter\View\View->render('Front/widget/bo...', Array, true)
#3 /var/www/html/app/Controllers/Front/Widget/Widget.php(11): view('Front/widget/bo...', Array)
#4 /var/www/html/Views/Front/main/index.html(23): App\Controllers\Front\Widget\Widget::getBoradSome('gallery', 5, 'slide')
#5 /var/www/html/vendor/codeigniter4/framework/system/View/View.php(210): include('/var/www/html/V...')
#6 /var/www/html/vendor/codeigniter4/framework/system/View/View.php(213): CodeIgniter\View\View->CodeIgniter\View\{closure}()
#7 /var/www/html/vendor/codeigniter4/framework/system/Common.php(1089): CodeIgniter\View\View->render('Front/main/inde...', Array, true)
#8 /var/www/html/app/Controllers/Front/Controller.php(41): view('Front/main/inde...', Array)
#9 /var/www/html/vendor/codeigniter4/framework/system/CodeIgniter.php(326): App\Controllers\Front\Controller->__destruct()
#10 /var/www/html/public/index.php(9): CodeIgniter\CodeIgniter->run()
#11 {main}
CRITICAL - 2022-08-17 16:52:46 --> Cannot access offset of type string on string
#0 /var/www/html/vendor/codeigniter4/framework/system/View/View.php(210): include()
#1 /var/www/html/vendor/codeigniter4/framework/system/View/View.php(213): CodeIgniter\View\View->CodeIgniter\View\{closure}()
#2 /var/www/html/vendor/codeigniter4/framework/system/Common.php(1089): CodeIgniter\View\View->render('Front/widget/bo...', Array, true)
#3 /var/www/html/app/Controllers/Front/Widget/Widget.php(11): view('Front/widget/bo...', Array)
#4 /var/www/html/Views/Front/main/index.html(23): App\Controllers\Front\Widget\Widget::getBoradSome('gallery', 5, 'slide')
#5 /var/www/html/vendor/codeigniter4/framework/system/View/View.php(210): include('/var/www/html/V...')
#6 /var/www/html/vendor/codeigniter4/framework/system/View/View.php(213): CodeIgniter\View\View->CodeIgniter\View\{closure}()
#7 /var/www/html/vendor/codeigniter4/framework/system/Common.php(1089): CodeIgniter\View\View->render('Front/main/inde...', Array, true)
#8 /var/www/html/app/Controllers/Front/Controller.php(41): view('Front/main/inde...', Array)
#9 /var/www/html/vendor/codeigniter4/framework/system/CodeIgniter.php(326): App\Controllers\Front\Controller->__destruct()
#10 /var/www/html/public/index.php(9): CodeIgniter\CodeIgniter->run()
#11 {main}
CRITICAL - 2022-08-17 16:56:06 --> get_youtube_id(): Argument #1 ($url) must be of type string, null given, called in /var/www/html/Views/Front/board/list/gallery.html on line 13
#0 /var/www/html/Views/Front/board/list/gallery.html(13): get_youtube_id(NULL)
#1 /var/www/html/vendor/codeigniter4/framework/system/View/View.php(210): include('/var/www/html/V...')
#2 /var/www/html/vendor/codeigniter4/framework/system/View/View.php(213): CodeIgniter\View\View->CodeIgniter\View\{closure}()
#3 /var/www/html/vendor/codeigniter4/framework/system/Common.php(1089): CodeIgniter\View\View->render('Front/board/lis...', Array, true)
#4 /var/www/html/Views/Front/board/list.html(15): view('Front/board/lis...')
#5 /var/www/html/vendor/codeigniter4/framework/system/View/View.php(210): include('/var/www/html/V...')
#6 /var/www/html/vendor/codeigniter4/framework/system/View/View.php(213): CodeIgniter\View\View->CodeIgniter\View\{closure}()
#7 /var/www/html/vendor/codeigniter4/framework/system/Common.php(1089): CodeIgniter\View\View->render('Front/board/lis...', Array, true)
#8 /var/www/html/app/Controllers/Front/Controller.php(41): view('Front/board/lis...', Array)
#9 /var/www/html/vendor/codeigniter4/framework/system/CodeIgniter.php(326): App\Controllers\Front\Controller->__destruct()
#10 /var/www/html/public/index.php(9): CodeIgniter\CodeIgniter->run()
#11 {main}
CRITICAL - 2022-08-17 16:57:15 --> syntax error, unexpected token "endforeach", expecting end of file
#0 /var/www/html/vendor/codeigniter4/framework/system/View/View.php(213): CodeIgniter\View\View->CodeIgniter\View\{closure}()
#1 /var/www/html/vendor/codeigniter4/framework/system/Common.php(1089): CodeIgniter\View\View->render('Front/board/lis...', Array, true)
#2 /var/www/html/Views/Front/board/list.html(15): view('Front/board/lis...')
#3 /var/www/html/vendor/codeigniter4/framework/system/View/View.php(210): include('/var/www/html/V...')
#4 /var/www/html/vendor/codeigniter4/framework/system/View/View.php(213): CodeIgniter\View\View->CodeIgniter\View\{closure}()
#5 /var/www/html/vendor/codeigniter4/framework/system/Common.php(1089): CodeIgniter\View\View->render('Front/board/lis...', Array, true)
#6 /var/www/html/app/Controllers/Front/Controller.php(41): view('Front/board/lis...', Array)
#7 /var/www/html/vendor/codeigniter4/framework/system/CodeIgniter.php(326): App\Controllers\Front\Controller->__destruct()
#8 /var/www/html/public/index.php(9): CodeIgniter\CodeIgniter->run()
#9 {main}
CRITICAL - 2022-08-17 17:59:03 --> Invalid file: Front/html/asdfasdf.html
#0 /var/www/html/vendor/codeigniter4/framework/system/View/View.php(198): CodeIgniter\Exceptions\FrameworkException::forInvalidFile('Front/html/asdf...')
#1 /var/www/html/vendor/codeigniter4/framework/system/Common.php(1089): CodeIgniter\View\View->render('Front/html/asdf...', Array, true)
#2 /var/www/html/app/Controllers/Front/Controller.php(41): view('Front/html/asdf...', Array)
#3 /var/www/html/vendor/codeigniter4/framework/system/CodeIgniter.php(326): App\Controllers\Front\Controller->__destruct()
#4 /var/www/html/public/index.php(9): CodeIgniter\CodeIgniter->run()
#5 {main}
