CRITICAL - 2022-09-07 09:00:10 --> 22 : The requested URL returned error: 400 Bad Request
#0 /var/www/html/vendor/codeigniter4/framework/system/HTTP/CURLRequest.php(656): CodeIgniter\HTTP\Exceptions\HTTPException::forCurlError('22', 'The requested U...')
#1 /var/www/html/vendor/codeigniter4/framework/system/HTTP/CURLRequest.php(364): CodeIgniter\HTTP\CURLRequest->sendRequest(Array)
#2 /var/www/html/vendor/codeigniter4/framework/system/HTTP/CURLRequest.php(140): CodeIgniter\HTTP\CURLRequest->send('POST', 'https://kauth.k...')
#3 /var/www/html/app/Models/Social/Kakao.php(38): CodeIgniter\HTTP\CURLRequest->request('POST', 'https://kauth.k...', Array)
#4 /var/www/html/app/Models/Social/Kakao.php(24): App\Models\Social\kakao->getToken('0NKAYTR6RaDsLDB...')
#5 /var/www/html/vendor/codeigniter4/framework/system/CodeIgniter.php(832): App\Models\Social\kakao->login()
#6 /var/www/html/vendor/codeigniter4/framework/system/CodeIgniter.php(419): CodeIgniter\CodeIgniter->runController(Object(App\Models\Social\kakao))
#7 /var/www/html/vendor/codeigniter4/framework/system/CodeIgniter.php(326): CodeIgniter\CodeIgniter->handleRequest(NULL, Object(Config\Cache), false)
#8 /var/www/html/public/index.php(9): CodeIgniter\CodeIgniter->run()
#9 {main}
CRITICAL - 2022-09-07 09:04:11 --> 22 : The requested URL returned error: 400 Bad Request
#0 /var/www/html/vendor/codeigniter4/framework/system/HTTP/CURLRequest.php(656): CodeIgniter\HTTP\Exceptions\HTTPException::forCurlError('22', 'The requested U...')
#1 /var/www/html/vendor/codeigniter4/framework/system/HTTP/CURLRequest.php(364): CodeIgniter\HTTP\CURLRequest->sendRequest(Array)
#2 /var/www/html/vendor/codeigniter4/framework/system/HTTP/CURLRequest.php(140): CodeIgniter\HTTP\CURLRequest->send('POST', 'https://kauth.k...')
#3 /var/www/html/app/Models/Social/Kakao.php(38): CodeIgniter\HTTP\CURLRequest->request('POST', 'https://kauth.k...', Array)
#4 /var/www/html/app/Models/Social/Kakao.php(24): App\Models\Social\kakao->getToken('0NKAYTR6RaDsLDB...')
#5 /var/www/html/vendor/codeigniter4/framework/system/CodeIgniter.php(832): App\Models\Social\kakao->login()
#6 /var/www/html/vendor/codeigniter4/framework/system/CodeIgniter.php(419): CodeIgniter\CodeIgniter->runController(Object(App\Models\Social\kakao))
#7 /var/www/html/vendor/codeigniter4/framework/system/CodeIgniter.php(326): CodeIgniter\CodeIgniter->handleRequest(NULL, Object(Config\Cache), false)
#8 /var/www/html/public/index.php(9): CodeIgniter\CodeIgniter->run()
#9 {main}
CRITICAL - 2022-09-07 09:04:51 --> 22 : The requested URL returned error: 400 Bad Request
#0 /var/www/html/vendor/codeigniter4/framework/system/HTTP/CURLRequest.php(656): CodeIgniter\HTTP\Exceptions\HTTPException::forCurlError('22', 'The requested U...')
#1 /var/www/html/vendor/codeigniter4/framework/system/HTTP/CURLRequest.php(364): CodeIgniter\HTTP\CURLRequest->sendRequest(Array)
#2 /var/www/html/vendor/codeigniter4/framework/system/HTTP/CURLRequest.php(140): CodeIgniter\HTTP\CURLRequest->send('POST', 'https://kauth.k...')
#3 /var/www/html/app/Models/Social/Kakao.php(38): CodeIgniter\HTTP\CURLRequest->request('POST', 'https://kauth.k...', Array)
#4 /var/www/html/app/Models/Social/Kakao.php(24): App\Models\Social\kakao->getToken('0NKAYTR6RaDsLDB...')
#5 /var/www/html/vendor/codeigniter4/framework/system/CodeIgniter.php(832): App\Models\Social\kakao->login()
#6 /var/www/html/vendor/codeigniter4/framework/system/CodeIgniter.php(419): CodeIgniter\CodeIgniter->runController(Object(App\Models\Social\kakao))
#7 /var/www/html/vendor/codeigniter4/framework/system/CodeIgniter.php(326): CodeIgniter\CodeIgniter->handleRequest(NULL, Object(Config\Cache), false)
#8 /var/www/html/public/index.php(9): CodeIgniter\CodeIgniter->run()
#9 {main}
CRITICAL - 2022-09-07 09:05:00 --> 22 : The requested URL returned error: 400 Bad Request
#0 /var/www/html/vendor/codeigniter4/framework/system/HTTP/CURLRequest.php(656): CodeIgniter\HTTP\Exceptions\HTTPException::forCurlError('22', 'The requested U...')
#1 /var/www/html/vendor/codeigniter4/framework/system/HTTP/CURLRequest.php(364): CodeIgniter\HTTP\CURLRequest->sendRequest(Array)
#2 /var/www/html/vendor/codeigniter4/framework/system/HTTP/CURLRequest.php(140): CodeIgniter\HTTP\CURLRequest->send('POST', 'https://kauth.k...')
#3 /var/www/html/app/Models/Social/Kakao.php(38): CodeIgniter\HTTP\CURLRequest->request('POST', 'https://kauth.k...', Array)
#4 /var/www/html/app/Models/Social/Kakao.php(24): App\Models\Social\kakao->getToken('0NKAYTR6RaDsLDB...')
#5 /var/www/html/vendor/codeigniter4/framework/system/CodeIgniter.php(832): App\Models\Social\kakao->login()
#6 /var/www/html/vendor/codeigniter4/framework/system/CodeIgniter.php(419): CodeIgniter\CodeIgniter->runController(Object(App\Models\Social\kakao))
#7 /var/www/html/vendor/codeigniter4/framework/system/CodeIgniter.php(326): CodeIgniter\CodeIgniter->handleRequest(NULL, Object(Config\Cache), false)
#8 /var/www/html/public/index.php(9): CodeIgniter\CodeIgniter->run()
#9 {main}
CRITICAL - 2022-09-07 09:06:05 --> 22 : The requested URL returned error: 401 Unauthorized
#0 /var/www/html/vendor/codeigniter4/framework/system/HTTP/CURLRequest.php(656): CodeIgniter\HTTP\Exceptions\HTTPException::forCurlError('22', 'The requested U...')
#1 /var/www/html/vendor/codeigniter4/framework/system/HTTP/CURLRequest.php(364): CodeIgniter\HTTP\CURLRequest->sendRequest(Array)
#2 /var/www/html/vendor/codeigniter4/framework/system/HTTP/CURLRequest.php(140): CodeIgniter\HTTP\CURLRequest->send('POST', 'https://kauth.k...')
#3 /var/www/html/app/Models/Social/Kakao.php(38): CodeIgniter\HTTP\CURLRequest->request('POST', 'https://kauth.k...', Array)
#4 /var/www/html/app/Models/Social/Kakao.php(24): App\Models\Social\kakao->getToken('0NKAYTR6RaDsLDB...')
#5 /var/www/html/vendor/codeigniter4/framework/system/CodeIgniter.php(832): App\Models\Social\kakao->login()
#6 /var/www/html/vendor/codeigniter4/framework/system/CodeIgniter.php(419): CodeIgniter\CodeIgniter->runController(Object(App\Models\Social\kakao))
#7 /var/www/html/vendor/codeigniter4/framework/system/CodeIgniter.php(326): CodeIgniter\CodeIgniter->handleRequest(NULL, Object(Config\Cache), false)
#8 /var/www/html/public/index.php(9): CodeIgniter\CodeIgniter->run()
#9 {main}
CRITICAL - 2022-09-07 09:06:08 --> 22 : The requested URL returned error: 400 Bad Request
#0 /var/www/html/vendor/codeigniter4/framework/system/HTTP/CURLRequest.php(656): CodeIgniter\HTTP\Exceptions\HTTPException::forCurlError('22', 'The requested U...')
#1 /var/www/html/vendor/codeigniter4/framework/system/HTTP/CURLRequest.php(364): CodeIgniter\HTTP\CURLRequest->sendRequest(Array)
#2 /var/www/html/vendor/codeigniter4/framework/system/HTTP/CURLRequest.php(140): CodeIgniter\HTTP\CURLRequest->send('POST', 'https://kauth.k...')
#3 /var/www/html/app/Models/Social/Kakao.php(38): CodeIgniter\HTTP\CURLRequest->request('POST', 'https://kauth.k...', Array)
#4 /var/www/html/app/Models/Social/Kakao.php(24): App\Models\Social\kakao->getToken('0NKAYTR6RaDsLDB...')
#5 /var/www/html/vendor/codeigniter4/framework/system/CodeIgniter.php(832): App\Models\Social\kakao->login()
#6 /var/www/html/vendor/codeigniter4/framework/system/CodeIgniter.php(419): CodeIgniter\CodeIgniter->runController(Object(App\Models\Social\kakao))
#7 /var/www/html/vendor/codeigniter4/framework/system/CodeIgniter.php(326): CodeIgniter\CodeIgniter->handleRequest(NULL, Object(Config\Cache), false)
#8 /var/www/html/public/index.php(9): CodeIgniter\CodeIgniter->run()
#9 {main}
CRITICAL - 2022-09-07 09:07:11 --> 22 : The requested URL returned error: 400 Bad Request
#0 /var/www/html/vendor/codeigniter4/framework/system/HTTP/CURLRequest.php(656): CodeIgniter\HTTP\Exceptions\HTTPException::forCurlError('22', 'The requested U...')
#1 /var/www/html/vendor/codeigniter4/framework/system/HTTP/CURLRequest.php(364): CodeIgniter\HTTP\CURLRequest->sendRequest(Array)
#2 /var/www/html/vendor/codeigniter4/framework/system/HTTP/CURLRequest.php(140): CodeIgniter\HTTP\CURLRequest->send('POST', 'https://kauth.k...')
#3 /var/www/html/app/Models/Social/Kakao.php(38): CodeIgniter\HTTP\CURLRequest->request('POST', 'https://kauth.k...', Array)
#4 /var/www/html/app/Models/Social/Kakao.php(24): App\Models\Social\kakao->getToken('0NKAYTR6RaDsLDB...')
#5 /var/www/html/vendor/codeigniter4/framework/system/CodeIgniter.php(832): App\Models\Social\kakao->login()
#6 /var/www/html/vendor/codeigniter4/framework/system/CodeIgniter.php(419): CodeIgniter\CodeIgniter->runController(Object(App\Models\Social\kakao))
#7 /var/www/html/vendor/codeigniter4/framework/system/CodeIgniter.php(326): CodeIgniter\CodeIgniter->handleRequest(NULL, Object(Config\Cache), false)
#8 /var/www/html/public/index.php(9): CodeIgniter\CodeIgniter->run()
#9 {main}
CRITICAL - 2022-09-07 09:07:13 --> 22 : The requested URL returned error: 400 Bad Request
#0 /var/www/html/vendor/codeigniter4/framework/system/HTTP/CURLRequest.php(656): CodeIgniter\HTTP\Exceptions\HTTPException::forCurlError('22', 'The requested U...')
#1 /var/www/html/vendor/codeigniter4/framework/system/HTTP/CURLRequest.php(364): CodeIgniter\HTTP\CURLRequest->sendRequest(Array)
#2 /var/www/html/vendor/codeigniter4/framework/system/HTTP/CURLRequest.php(140): CodeIgniter\HTTP\CURLRequest->send('POST', 'https://kauth.k...')
#3 /var/www/html/app/Models/Social/Kakao.php(38): CodeIgniter\HTTP\CURLRequest->request('POST', 'https://kauth.k...', Array)
#4 /var/www/html/app/Models/Social/Kakao.php(24): App\Models\Social\kakao->getToken('0NKAYTR6RaDsLDB...')
#5 /var/www/html/vendor/codeigniter4/framework/system/CodeIgniter.php(832): App\Models\Social\kakao->login()
#6 /var/www/html/vendor/codeigniter4/framework/system/CodeIgniter.php(419): CodeIgniter\CodeIgniter->runController(Object(App\Models\Social\kakao))
#7 /var/www/html/vendor/codeigniter4/framework/system/CodeIgniter.php(326): CodeIgniter\CodeIgniter->handleRequest(NULL, Object(Config\Cache), false)
#8 /var/www/html/public/index.php(9): CodeIgniter\CodeIgniter->run()
#9 {main}
CRITICAL - 2022-09-07 09:07:24 --> 22 : The requested URL returned error: 400 Bad Request
#0 /var/www/html/vendor/codeigniter4/framework/system/HTTP/CURLRequest.php(656): CodeIgniter\HTTP\Exceptions\HTTPException::forCurlError('22', 'The requested U...')
#1 /var/www/html/vendor/codeigniter4/framework/system/HTTP/CURLRequest.php(364): CodeIgniter\HTTP\CURLRequest->sendRequest(Array)
#2 /var/www/html/vendor/codeigniter4/framework/system/HTTP/CURLRequest.php(140): CodeIgniter\HTTP\CURLRequest->send('POST', 'https://kauth.k...')
#3 /var/www/html/app/Models/Social/Kakao.php(38): CodeIgniter\HTTP\CURLRequest->request('POST', 'https://kauth.k...', Array)
#4 /var/www/html/app/Models/Social/Kakao.php(24): App\Models\Social\kakao->getToken('0NKAYTR6RaDsLDB...')
#5 /var/www/html/vendor/codeigniter4/framework/system/CodeIgniter.php(832): App\Models\Social\kakao->login()
#6 /var/www/html/vendor/codeigniter4/framework/system/CodeIgniter.php(419): CodeIgniter\CodeIgniter->runController(Object(App\Models\Social\kakao))
#7 /var/www/html/vendor/codeigniter4/framework/system/CodeIgniter.php(326): CodeIgniter\CodeIgniter->handleRequest(NULL, Object(Config\Cache), false)
#8 /var/www/html/public/index.php(9): CodeIgniter\CodeIgniter->run()
#9 {main}
CRITICAL - 2022-09-07 09:07:29 --> 22 : The requested URL returned error: 400 Bad Request
#0 /var/www/html/vendor/codeigniter4/framework/system/HTTP/CURLRequest.php(656): CodeIgniter\HTTP\Exceptions\HTTPException::forCurlError('22', 'The requested U...')
#1 /var/www/html/vendor/codeigniter4/framework/system/HTTP/CURLRequest.php(364): CodeIgniter\HTTP\CURLRequest->sendRequest(Array)
#2 /var/www/html/vendor/codeigniter4/framework/system/HTTP/CURLRequest.php(140): CodeIgniter\HTTP\CURLRequest->send('POST', 'https://kauth.k...')
#3 /var/www/html/app/Models/Social/Kakao.php(38): CodeIgniter\HTTP\CURLRequest->request('POST', 'https://kauth.k...', Array)
#4 /var/www/html/app/Models/Social/Kakao.php(24): App\Models\Social\kakao->getToken('0NKAYTR6RaDsLDB...')
#5 /var/www/html/vendor/codeigniter4/framework/system/CodeIgniter.php(832): App\Models\Social\kakao->login()
#6 /var/www/html/vendor/codeigniter4/framework/system/CodeIgniter.php(419): CodeIgniter\CodeIgniter->runController(Object(App\Models\Social\kakao))
#7 /var/www/html/vendor/codeigniter4/framework/system/CodeIgniter.php(326): CodeIgniter\CodeIgniter->handleRequest(NULL, Object(Config\Cache), false)
#8 /var/www/html/public/index.php(9): CodeIgniter\CodeIgniter->run()
#9 {main}
CRITICAL - 2022-09-07 09:08:12 --> 22 : The requested URL returned error: 400 Bad Request
#0 /var/www/html/vendor/codeigniter4/framework/system/HTTP/CURLRequest.php(656): CodeIgniter\HTTP\Exceptions\HTTPException::forCurlError('22', 'The requested U...')
#1 /var/www/html/vendor/codeigniter4/framework/system/HTTP/CURLRequest.php(364): CodeIgniter\HTTP\CURLRequest->sendRequest(Array)
#2 /var/www/html/vendor/codeigniter4/framework/system/HTTP/CURLRequest.php(140): CodeIgniter\HTTP\CURLRequest->send('POST', 'https://kauth.k...')
#3 /var/www/html/app/Models/Social/Kakao.php(38): CodeIgniter\HTTP\CURLRequest->request('POST', 'https://kauth.k...', Array)
#4 /var/www/html/app/Models/Social/Kakao.php(24): App\Models\Social\kakao->getToken('0NKAYTR6RaDsLDB...')
#5 /var/www/html/vendor/codeigniter4/framework/system/CodeIgniter.php(832): App\Models\Social\kakao->login()
#6 /var/www/html/vendor/codeigniter4/framework/system/CodeIgniter.php(419): CodeIgniter\CodeIgniter->runController(Object(App\Models\Social\kakao))
#7 /var/www/html/vendor/codeigniter4/framework/system/CodeIgniter.php(326): CodeIgniter\CodeIgniter->handleRequest(NULL, Object(Config\Cache), false)
#8 /var/www/html/public/index.php(9): CodeIgniter\CodeIgniter->run()
#9 {main}
CRITICAL - 2022-09-07 09:34:10 --> 22 : The requested URL returned error: 400 Bad Request
#0 /var/www/html/vendor/codeigniter4/framework/system/HTTP/CURLRequest.php(656): CodeIgniter\HTTP\Exceptions\HTTPException::forCurlError('22', 'The requested U...')
#1 /var/www/html/vendor/codeigniter4/framework/system/HTTP/CURLRequest.php(364): CodeIgniter\HTTP\CURLRequest->sendRequest(Array)
#2 /var/www/html/vendor/codeigniter4/framework/system/HTTP/CURLRequest.php(140): CodeIgniter\HTTP\CURLRequest->send('POST', 'https://kauth.k...')
#3 /var/www/html/app/Models/Social/Kakao.php(36): CodeIgniter\HTTP\CURLRequest->request('POST', 'https://kauth.k...', Array)
#4 /var/www/html/app/Models/Social/Kakao.php(22): App\Models\Social\kakao->getToken('EcwrZeZujFnMowu...')
#5 /var/www/html/vendor/codeigniter4/framework/system/CodeIgniter.php(832): App\Models\Social\kakao->login()
#6 /var/www/html/vendor/codeigniter4/framework/system/CodeIgniter.php(419): CodeIgniter\CodeIgniter->runController(Object(App\Models\Social\kakao))
#7 /var/www/html/vendor/codeigniter4/framework/system/CodeIgniter.php(326): CodeIgniter\CodeIgniter->handleRequest(NULL, Object(Config\Cache), false)
#8 /var/www/html/public/index.php(9): CodeIgniter\CodeIgniter->run()
#9 {main}
CRITICAL - 2022-09-07 09:34:18 --> 22 : The requested URL returned error: 400 Bad Request
#0 /var/www/html/vendor/codeigniter4/framework/system/HTTP/CURLRequest.php(656): CodeIgniter\HTTP\Exceptions\HTTPException::forCurlError('22', 'The requested U...')
#1 /var/www/html/vendor/codeigniter4/framework/system/HTTP/CURLRequest.php(364): CodeIgniter\HTTP\CURLRequest->sendRequest(Array)
#2 /var/www/html/vendor/codeigniter4/framework/system/HTTP/CURLRequest.php(140): CodeIgniter\HTTP\CURLRequest->send('POST', 'https://kauth.k...')
#3 /var/www/html/app/Models/Social/Kakao.php(36): CodeIgniter\HTTP\CURLRequest->request('POST', 'https://kauth.k...', Array)
#4 /var/www/html/app/Models/Social/Kakao.php(22): App\Models\Social\kakao->getToken('EcwrZeZujFnMowu...')
#5 /var/www/html/vendor/codeigniter4/framework/system/CodeIgniter.php(832): App\Models\Social\kakao->login()
#6 /var/www/html/vendor/codeigniter4/framework/system/CodeIgniter.php(419): CodeIgniter\CodeIgniter->runController(Object(App\Models\Social\kakao))
#7 /var/www/html/vendor/codeigniter4/framework/system/CodeIgniter.php(326): CodeIgniter\CodeIgniter->handleRequest(NULL, Object(Config\Cache), false)
#8 /var/www/html/public/index.php(9): CodeIgniter\CodeIgniter->run()
#9 {main}
CRITICAL - 2022-09-07 09:36:44 --> 22 : The requested URL returned error: 400 Bad Request
#0 /var/www/html/vendor/codeigniter4/framework/system/HTTP/CURLRequest.php(656): CodeIgniter\HTTP\Exceptions\HTTPException::forCurlError('22', 'The requested U...')
#1 /var/www/html/vendor/codeigniter4/framework/system/HTTP/CURLRequest.php(364): CodeIgniter\HTTP\CURLRequest->sendRequest(Array)
#2 /var/www/html/vendor/codeigniter4/framework/system/HTTP/CURLRequest.php(140): CodeIgniter\HTTP\CURLRequest->send('POST', 'https://kauth.k...')
#3 /var/www/html/app/Models/Social/Kakao.php(36): CodeIgniter\HTTP\CURLRequest->request('POST', 'https://kauth.k...', Array)
#4 /var/www/html/app/Models/Social/Kakao.php(22): App\Models\Social\kakao->getToken('EcwrZeZujFnMowu...')
#5 /var/www/html/vendor/codeigniter4/framework/system/CodeIgniter.php(832): App\Models\Social\kakao->login()
#6 /var/www/html/vendor/codeigniter4/framework/system/CodeIgniter.php(419): CodeIgniter\CodeIgniter->runController(Object(App\Models\Social\kakao))
#7 /var/www/html/vendor/codeigniter4/framework/system/CodeIgniter.php(326): CodeIgniter\CodeIgniter->handleRequest(NULL, Object(Config\Cache), false)
#8 /var/www/html/public/index.php(9): CodeIgniter\CodeIgniter->run()
#9 {main}
CRITICAL - 2022-09-07 09:36:50 --> 22 : The requested URL returned error: 400 Bad Request
#0 /var/www/html/vendor/codeigniter4/framework/system/HTTP/CURLRequest.php(656): CodeIgniter\HTTP\Exceptions\HTTPException::forCurlError('22', 'The requested U...')
#1 /var/www/html/vendor/codeigniter4/framework/system/HTTP/CURLRequest.php(364): CodeIgniter\HTTP\CURLRequest->sendRequest(Array)
#2 /var/www/html/vendor/codeigniter4/framework/system/HTTP/CURLRequest.php(140): CodeIgniter\HTTP\CURLRequest->send('POST', 'https://kauth.k...')
#3 /var/www/html/app/Models/Social/Kakao.php(36): CodeIgniter\HTTP\CURLRequest->request('POST', 'https://kauth.k...', Array)
#4 /var/www/html/app/Models/Social/Kakao.php(22): App\Models\Social\kakao->getToken('EcwrZeZujFnMowu...')
#5 /var/www/html/vendor/codeigniter4/framework/system/CodeIgniter.php(832): App\Models\Social\kakao->login()
#6 /var/www/html/vendor/codeigniter4/framework/system/CodeIgniter.php(419): CodeIgniter\CodeIgniter->runController(Object(App\Models\Social\kakao))
#7 /var/www/html/vendor/codeigniter4/framework/system/CodeIgniter.php(326): CodeIgniter\CodeIgniter->handleRequest(NULL, Object(Config\Cache), false)
#8 /var/www/html/public/index.php(9): CodeIgniter\CodeIgniter->run()
#9 {main}
CRITICAL - 2022-09-07 09:40:36 --> 22 : The requested URL returned error: 400 Bad Request
#0 /var/www/html/vendor/codeigniter4/framework/system/HTTP/CURLRequest.php(656): CodeIgniter\HTTP\Exceptions\HTTPException::forCurlError('22', 'The requested U...')
#1 /var/www/html/vendor/codeigniter4/framework/system/HTTP/CURLRequest.php(364): CodeIgniter\HTTP\CURLRequest->sendRequest(Array)
#2 /var/www/html/vendor/codeigniter4/framework/system/HTTP/CURLRequest.php(140): CodeIgniter\HTTP\CURLRequest->send('POST', 'https://kauth.k...')
#3 /var/www/html/app/Models/Social/Kakao.php(36): CodeIgniter\HTTP\CURLRequest->request('POST', 'https://kauth.k...', Array)
#4 /var/www/html/app/Models/Social/Kakao.php(22): App\Models\Social\kakao->getToken('EcwrZeZujFnMowu...')
#5 /var/www/html/vendor/codeigniter4/framework/system/CodeIgniter.php(832): App\Models\Social\kakao->login()
#6 /var/www/html/vendor/codeigniter4/framework/system/CodeIgniter.php(419): CodeIgniter\CodeIgniter->runController(Object(App\Models\Social\kakao))
#7 /var/www/html/vendor/codeigniter4/framework/system/CodeIgniter.php(326): CodeIgniter\CodeIgniter->handleRequest(NULL, Object(Config\Cache), false)
#8 /var/www/html/public/index.php(9): CodeIgniter\CodeIgniter->run()
#9 {main}
CRITICAL - 2022-09-07 09:41:18 --> 22 : The requested URL returned error: 400 Bad Request
#0 /var/www/html/vendor/codeigniter4/framework/system/HTTP/CURLRequest.php(656): CodeIgniter\HTTP\Exceptions\HTTPException::forCurlError('22', 'The requested U...')
#1 /var/www/html/vendor/codeigniter4/framework/system/HTTP/CURLRequest.php(364): CodeIgniter\HTTP\CURLRequest->sendRequest(Array)
#2 /var/www/html/vendor/codeigniter4/framework/system/HTTP/CURLRequest.php(140): CodeIgniter\HTTP\CURLRequest->send('POST', 'https://kauth.k...')
#3 /var/www/html/app/Models/Social/Kakao.php(36): CodeIgniter\HTTP\CURLRequest->request('POST', 'https://kauth.k...', Array)
#4 /var/www/html/app/Models/Social/Kakao.php(22): App\Models\Social\kakao->getToken('EcwrZeZujFnMowu...')
#5 /var/www/html/vendor/codeigniter4/framework/system/CodeIgniter.php(832): App\Models\Social\kakao->login()
#6 /var/www/html/vendor/codeigniter4/framework/system/CodeIgniter.php(419): CodeIgniter\CodeIgniter->runController(Object(App\Models\Social\kakao))
#7 /var/www/html/vendor/codeigniter4/framework/system/CodeIgniter.php(326): CodeIgniter\CodeIgniter->handleRequest(NULL, Object(Config\Cache), false)
#8 /var/www/html/public/index.php(9): CodeIgniter\CodeIgniter->run()
#9 {main}
CRITICAL - 2022-09-07 09:43:09 --> 22 : The requested URL returned error: 400 Bad Request
#0 /var/www/html/vendor/codeigniter4/framework/system/HTTP/CURLRequest.php(656): CodeIgniter\HTTP\Exceptions\HTTPException::forCurlError('22', 'The requested U...')
#1 /var/www/html/vendor/codeigniter4/framework/system/HTTP/CURLRequest.php(364): CodeIgniter\HTTP\CURLRequest->sendRequest(Array)
#2 /var/www/html/vendor/codeigniter4/framework/system/HTTP/CURLRequest.php(140): CodeIgniter\HTTP\CURLRequest->send('POST', 'https://kauth.k...')
#3 /var/www/html/app/Models/Social/Kakao.php(36): CodeIgniter\HTTP\CURLRequest->request('POST', 'https://kauth.k...', Array)
#4 /var/www/html/app/Models/Social/Kakao.php(22): App\Models\Social\kakao->getToken('EcwrZeZujFnMowu...')
#5 /var/www/html/vendor/codeigniter4/framework/system/CodeIgniter.php(832): App\Models\Social\kakao->login()
#6 /var/www/html/vendor/codeigniter4/framework/system/CodeIgniter.php(419): CodeIgniter\CodeIgniter->runController(Object(App\Models\Social\kakao))
#7 /var/www/html/vendor/codeigniter4/framework/system/CodeIgniter.php(326): CodeIgniter\CodeIgniter->handleRequest(NULL, Object(Config\Cache), false)
#8 /var/www/html/public/index.php(9): CodeIgniter\CodeIgniter->run()
#9 {main}
CRITICAL - 2022-09-07 09:43:52 --> 22 : The requested URL returned error: 400 Bad Request
#0 /var/www/html/vendor/codeigniter4/framework/system/HTTP/CURLRequest.php(656): CodeIgniter\HTTP\Exceptions\HTTPException::forCurlError('22', 'The requested U...')
#1 /var/www/html/vendor/codeigniter4/framework/system/HTTP/CURLRequest.php(364): CodeIgniter\HTTP\CURLRequest->sendRequest(Array)
#2 /var/www/html/vendor/codeigniter4/framework/system/HTTP/CURLRequest.php(140): CodeIgniter\HTTP\CURLRequest->send('POST', 'https://kauth.k...')
#3 /var/www/html/app/Models/Social/Kakao.php(36): CodeIgniter\HTTP\CURLRequest->request('POST', 'https://kauth.k...', Array)
#4 /var/www/html/app/Models/Social/Kakao.php(22): App\Models\Social\kakao->getToken('EcwrZeZujFnMowu...')
#5 /var/www/html/vendor/codeigniter4/framework/system/CodeIgniter.php(832): App\Models\Social\kakao->login()
#6 /var/www/html/vendor/codeigniter4/framework/system/CodeIgniter.php(419): CodeIgniter\CodeIgniter->runController(Object(App\Models\Social\kakao))
#7 /var/www/html/vendor/codeigniter4/framework/system/CodeIgniter.php(326): CodeIgniter\CodeIgniter->handleRequest(NULL, Object(Config\Cache), false)
#8 /var/www/html/public/index.php(9): CodeIgniter\CodeIgniter->run()
#9 {main}
CRITICAL - 2022-09-07 09:48:37 --> Array to string conversion
#0 /var/www/html/app/Models/Social/Kakao.php(26): CodeIgniter\Debug\Exceptions->errorHandler(2, 'Array to string...', '/var/www/html/a...', 26)
#1 /var/www/html/app/Models/Social/Kakao.php(22): App\Models\Social\kakao->getToken('EcwrZeZujFnMowu...')
#2 /var/www/html/vendor/codeigniter4/framework/system/CodeIgniter.php(832): App\Models\Social\kakao->login()
#3 /var/www/html/vendor/codeigniter4/framework/system/CodeIgniter.php(419): CodeIgniter\CodeIgniter->runController(Object(App\Models\Social\kakao))
#4 /var/www/html/vendor/codeigniter4/framework/system/CodeIgniter.php(326): CodeIgniter\CodeIgniter->handleRequest(NULL, Object(Config\Cache), false)
#5 /var/www/html/public/index.php(9): CodeIgniter\CodeIgniter->run()
#6 {main}
CRITICAL - 2022-09-07 09:49:03 --> 22 : The requested URL returned error: 400 Bad Request
#0 /var/www/html/vendor/codeigniter4/framework/system/HTTP/CURLRequest.php(656): CodeIgniter\HTTP\Exceptions\HTTPException::forCurlError('22', 'The requested U...')
#1 /var/www/html/vendor/codeigniter4/framework/system/HTTP/CURLRequest.php(364): CodeIgniter\HTTP\CURLRequest->sendRequest(Array)
#2 /var/www/html/vendor/codeigniter4/framework/system/HTTP/CURLRequest.php(140): CodeIgniter\HTTP\CURLRequest->send('POST', 'https://kauth.k...')
#3 /var/www/html/app/Models/Social/Kakao.php(36): CodeIgniter\HTTP\CURLRequest->request('POST', 'https://kauth.k...', Array)
#4 /var/www/html/app/Models/Social/Kakao.php(22): App\Models\Social\kakao->getToken('EcwrZeZujFnMowu...')
#5 /var/www/html/vendor/codeigniter4/framework/system/CodeIgniter.php(832): App\Models\Social\kakao->login()
#6 /var/www/html/vendor/codeigniter4/framework/system/CodeIgniter.php(419): CodeIgniter\CodeIgniter->runController(Object(App\Models\Social\kakao))
#7 /var/www/html/vendor/codeigniter4/framework/system/CodeIgniter.php(326): CodeIgniter\CodeIgniter->handleRequest(NULL, Object(Config\Cache), false)
#8 /var/www/html/public/index.php(9): CodeIgniter\CodeIgniter->run()
#9 {main}
CRITICAL - 2022-09-07 09:50:09 --> 22 : The requested URL returned error: 400 Bad Request
#0 /var/www/html/vendor/codeigniter4/framework/system/HTTP/CURLRequest.php(656): CodeIgniter\HTTP\Exceptions\HTTPException::forCurlError('22', 'The requested U...')
#1 /var/www/html/vendor/codeigniter4/framework/system/HTTP/CURLRequest.php(364): CodeIgniter\HTTP\CURLRequest->sendRequest(Array)
#2 /var/www/html/vendor/codeigniter4/framework/system/HTTP/CURLRequest.php(140): CodeIgniter\HTTP\CURLRequest->send('POST', 'https://kauth.k...')
#3 /var/www/html/app/Models/Social/Kakao.php(36): CodeIgniter\HTTP\CURLRequest->request('POST', 'https://kauth.k...', Array)
#4 /var/www/html/app/Models/Social/Kakao.php(22): App\Models\Social\kakao->getToken('EcwrZeZujFnMowu...')
#5 /var/www/html/vendor/codeigniter4/framework/system/CodeIgniter.php(832): App\Models\Social\kakao->login()
#6 /var/www/html/vendor/codeigniter4/framework/system/CodeIgniter.php(419): CodeIgniter\CodeIgniter->runController(Object(App\Models\Social\kakao))
#7 /var/www/html/vendor/codeigniter4/framework/system/CodeIgniter.php(326): CodeIgniter\CodeIgniter->handleRequest(NULL, Object(Config\Cache), false)
#8 /var/www/html/public/index.php(9): CodeIgniter\CodeIgniter->run()
#9 {main}
CRITICAL - 2022-09-07 11:38:55 --> Call to undefined method CodeIgniter\HTTP\Response::getCode()
#0 /var/www/html/app/Models/Social/Kakao.php(25): App\Models\Social\kakao->getToken('no07rXHgJ8xeMEz...')
#1 /var/www/html/vendor/codeigniter4/framework/system/CodeIgniter.php(832): App\Models\Social\kakao->login()
#2 /var/www/html/vendor/codeigniter4/framework/system/CodeIgniter.php(419): CodeIgniter\CodeIgniter->runController(Object(App\Models\Social\kakao))
#3 /var/www/html/vendor/codeigniter4/framework/system/CodeIgniter.php(326): CodeIgniter\CodeIgniter->handleRequest(NULL, Object(Config\Cache), false)
#4 /var/www/html/public/index.php(9): CodeIgniter\CodeIgniter->run()
#5 {main}
CRITICAL - 2022-09-07 11:39:02 --> Call to undefined method CodeIgniter\HTTP\Response::getCode()
#0 /var/www/html/app/Models/Social/Kakao.php(25): App\Models\Social\kakao->getToken('KXbFXLMh03So42b...')
#1 /var/www/html/vendor/codeigniter4/framework/system/CodeIgniter.php(832): App\Models\Social\kakao->login()
#2 /var/www/html/vendor/codeigniter4/framework/system/CodeIgniter.php(419): CodeIgniter\CodeIgniter->runController(Object(App\Models\Social\kakao))
#3 /var/www/html/vendor/codeigniter4/framework/system/CodeIgniter.php(326): CodeIgniter\CodeIgniter->handleRequest(NULL, Object(Config\Cache), false)
#4 /var/www/html/public/index.php(9): CodeIgniter\CodeIgniter->run()
#5 {main}
CRITICAL - 2022-09-07 11:46:31 --> Too few arguments to function CodeIgniter\HTTP\Message::getHeader(), 0 passed in /var/www/html/app/Models/Social/Kakao.php on line 56 and exactly 1 expected
#0 /var/www/html/app/Models/Social/Kakao.php(56): CodeIgniter\HTTP\Message->getHeader()
#1 /var/www/html/app/Models/Social/Kakao.php(41): App\Models\Social\kakao->getKakaoInfo(Array)
#2 /var/www/html/app/Models/Social/Kakao.php(23): App\Models\Social\kakao->getToken('H-qYGWbXYlvObqs...')
#3 /var/www/html/vendor/codeigniter4/framework/system/CodeIgniter.php(832): App\Models\Social\kakao->login()
#4 /var/www/html/vendor/codeigniter4/framework/system/CodeIgniter.php(419): CodeIgniter\CodeIgniter->runController(Object(App\Models\Social\kakao))
#5 /var/www/html/vendor/codeigniter4/framework/system/CodeIgniter.php(326): CodeIgniter\CodeIgniter->handleRequest(NULL, Object(Config\Cache), false)
#6 /var/www/html/public/index.php(9): CodeIgniter\CodeIgniter->run()
#7 {main}
CRITICAL - 2022-09-07 13:22:13 --> Exception::__construct(): Argument #2 ($code) must be of type int, CodeIgniter\HTTP\Response given
#0 /var/www/html/app/Models/Social/Kakao.php(55): Exception->__construct('social/kakao/to...', Object(CodeIgniter\HTTP\Response))
#1 /var/www/html/app/Models/Social/Kakao.php(40): App\Models\Social\kakao->getKakaoInfo(Array)
#2 /var/www/html/app/Models/Social/Kakao.php(23): App\Models\Social\kakao->getToken('Q-O15bwKIhBy4gu...')
#3 /var/www/html/vendor/codeigniter4/framework/system/CodeIgniter.php(832): App\Models\Social\kakao->login()
#4 /var/www/html/vendor/codeigniter4/framework/system/CodeIgniter.php(419): CodeIgniter\CodeIgniter->runController(Object(App\Models\Social\kakao))
#5 /var/www/html/vendor/codeigniter4/framework/system/CodeIgniter.php(326): CodeIgniter\CodeIgniter->handleRequest(NULL, Object(Config\Cache), false)
#6 /var/www/html/public/index.php(9): CodeIgniter\CodeIgniter->run()
#7 {main}
CRITICAL - 2022-09-07 13:32:55 --> curl_setopt(): The CURLOPT_HTTPHEADER option must have an array value
#0 /var/www/html/app/Models/Social/Kakao.php(60): curl_setopt(Object(CurlHandle), 10023, 'Authorization: ...')
#1 /var/www/html/app/Models/Social/Kakao.php(40): App\Models\Social\kakao->getKakaoInfo(Array)
#2 /var/www/html/app/Models/Social/Kakao.php(23): App\Models\Social\kakao->getToken('EcFE05PKgY6cIMi...')
#3 /var/www/html/vendor/codeigniter4/framework/system/CodeIgniter.php(832): App\Models\Social\kakao->login()
#4 /var/www/html/vendor/codeigniter4/framework/system/CodeIgniter.php(419): CodeIgniter\CodeIgniter->runController(Object(App\Models\Social\kakao))
#5 /var/www/html/vendor/codeigniter4/framework/system/CodeIgniter.php(326): CodeIgniter\CodeIgniter->handleRequest(NULL, Object(Config\Cache), false)
#6 /var/www/html/public/index.php(9): CodeIgniter\CodeIgniter->run()
#7 {main}
CRITICAL - 2022-09-07 14:03:38 --> Undefined array key "secret"
#0 /var/www/html/app/Models/Social/Kakao.php(21): CodeIgniter\Debug\Exceptions->errorHandler(2, 'Undefined array...', '/var/www/html/a...', 21)
#1 /var/www/html/vendor/codeigniter4/framework/system/CodeIgniter.php(809): App\Models\Social\kakao->__construct()
#2 /var/www/html/vendor/codeigniter4/framework/system/CodeIgniter.php(410): CodeIgniter\CodeIgniter->createController()
#3 /var/www/html/vendor/codeigniter4/framework/system/CodeIgniter.php(326): CodeIgniter\CodeIgniter->handleRequest(NULL, Object(Config\Cache), false)
#4 /var/www/html/public/index.php(9): CodeIgniter\CodeIgniter->run()
#5 {main}
CRITICAL - 2022-09-07 14:09:43 --> Call to undefined function App\Models\Social\needAdminApp()
#0 /var/www/html/app/Models/Social/Kakao.php(43): App\Models\Social\kakao->getKakaoInfo(Array)
#1 /var/www/html/app/Models/Social/Kakao.php(26): App\Models\Social\kakao->getToken('gYSWcLY1wVmUkMt...')
#2 /var/www/html/vendor/codeigniter4/framework/system/CodeIgniter.php(832): App\Models\Social\kakao->login()
#3 /var/www/html/vendor/codeigniter4/framework/system/CodeIgniter.php(419): CodeIgniter\CodeIgniter->runController(Object(App\Models\Social\kakao))
#4 /var/www/html/vendor/codeigniter4/framework/system/CodeIgniter.php(326): CodeIgniter\CodeIgniter->handleRequest(NULL, Object(Config\Cache), false)
#5 /var/www/html/public/index.php(9): CodeIgniter\CodeIgniter->run()
#6 {main}
CRITICAL - 2022-09-07 16:41:18 --> Undefined property: App\Models\Social\Naver::$tokenUrl
#0 /var/www/html/app/Models/Social/Naver.php(26): CodeIgniter\Debug\Exceptions->errorHandler(2, 'Undefined prope...', '/var/www/html/a...', 26)
#1 /var/www/html/vendor/codeigniter4/framework/system/CodeIgniter.php(832): App\Models\Social\Naver->login()
#2 /var/www/html/vendor/codeigniter4/framework/system/CodeIgniter.php(419): CodeIgniter\CodeIgniter->runController(Object(App\Models\Social\Naver))
#3 /var/www/html/vendor/codeigniter4/framework/system/CodeIgniter.php(326): CodeIgniter\CodeIgniter->handleRequest(NULL, Object(Config\Cache), false)
#4 /var/www/html/public/index.php(9): CodeIgniter\CodeIgniter->run()
#5 {main}
