CRITICAL - 2022-11-18 15:02:01 --> Undefined array key "skin"
#0 /var/www/html/Views/Front/board/list.html(16): CodeIgniter\Debug\Exceptions->errorHandler(2, 'Undefined array...', '/var/www/html/V...', 16)
#1 /var/www/html/vendor/codeigniter4/framework/system/View/View.php(210): include('/var/www/html/V...')
#2 /var/www/html/vendor/codeigniter4/framework/system/View/View.php(213): CodeIgniter\View\View->CodeIgniter\View\{closure}()
#3 /var/www/html/vendor/codeigniter4/framework/system/Common.php(1089): CodeIgniter\View\View->render('Front/board/lis...', Array, true)
#4 /var/www/html/app/Controllers/Front/Controller.php(94): view('Front/board/lis...', Array)
#5 /var/www/html/vendor/codeigniter4/framework/system/CodeIgniter.php(326): App\Controllers\Front\Controller->__destruct()
#6 /var/www/html/public/index.php(9): CodeIgniter\CodeIgniter->run()
#7 {main}
CRITICAL - 2022-11-18 15:02:15 --> Undefined array key "skin"
#0 /var/www/html/Views/Front/board/list.html(16): CodeIgniter\Debug\Exceptions->errorHandler(2, 'Undefined array...', '/var/www/html/V...', 16)
#1 /var/www/html/vendor/codeigniter4/framework/system/View/View.php(210): include('/var/www/html/V...')
#2 /var/www/html/vendor/codeigniter4/framework/system/View/View.php(213): CodeIgniter\View\View->CodeIgniter\View\{closure}()
#3 /var/www/html/vendor/codeigniter4/framework/system/Common.php(1089): CodeIgniter\View\View->render('Front/board/lis...', Array, true)
#4 /var/www/html/app/Controllers/Front/Controller.php(94): view('Front/board/lis...', Array)
#5 /var/www/html/vendor/codeigniter4/framework/system/CodeIgniter.php(326): App\Controllers\Front\Controller->__destruct()
#6 /var/www/html/public/index.php(9): CodeIgniter\CodeIgniter->run()
#7 {main}
CRITICAL - 2022-11-18 15:12:20 --> Undefined array key "skin"
#0 /var/www/html/Views/Front/board/read.html(6): CodeIgniter\Debug\Exceptions->errorHandler(2, 'Undefined array...', '/var/www/html/V...', 6)
#1 /var/www/html/vendor/codeigniter4/framework/system/View/View.php(210): include('/var/www/html/V...')
#2 /var/www/html/vendor/codeigniter4/framework/system/View/View.php(213): CodeIgniter\View\View->CodeIgniter\View\{closure}()
#3 /var/www/html/vendor/codeigniter4/framework/system/Common.php(1089): CodeIgniter\View\View->render('Front/board/rea...', Array, true)
#4 /var/www/html/app/Controllers/Front/Controller.php(94): view('Front/board/rea...', Array)
#5 /var/www/html/vendor/codeigniter4/framework/system/CodeIgniter.php(326): App\Controllers\Front\Controller->__destruct()
#6 /var/www/html/public/index.php(9): CodeIgniter\CodeIgniter->run()
#7 {main}
CRITICAL - 2022-11-18 15:12:31 --> Undefined array key "skin"
#0 /var/www/html/Views/Front/board/read.html(6): CodeIgniter\Debug\Exceptions->errorHandler(2, 'Undefined array...', '/var/www/html/V...', 6)
#1 /var/www/html/vendor/codeigniter4/framework/system/View/View.php(210): include('/var/www/html/V...')
#2 /var/www/html/vendor/codeigniter4/framework/system/View/View.php(213): CodeIgniter\View\View->CodeIgniter\View\{closure}()
#3 /var/www/html/vendor/codeigniter4/framework/system/Common.php(1089): CodeIgniter\View\View->render('Front/board/rea...', Array, true)
#4 /var/www/html/app/Controllers/Front/Controller.php(94): view('Front/board/rea...', Array)
#5 /var/www/html/vendor/codeigniter4/framework/system/CodeIgniter.php(326): App\Controllers\Front\Controller->__destruct()
#6 /var/www/html/public/index.php(9): CodeIgniter\CodeIgniter->run()
#7 {main}
