CRITICAL - 2022-10-20 15:41:56 --> Array to string conversion
#0 [internal function]: CodeIgniter\Debug\Exceptions->errorHandler(2, 'Array to string...', '/var/www/html/a...', 91)
#1 /var/www/html/app/Models/Menu/FrontMenu.php(91): implode(' <i class="fad ...', Array)
#2 /var/www/html/Views/Front/info/base.html(35): App\Models\Menu\FrontMenu->getNowPageString(' <i class="fad ...')
#3 /var/www/html/vendor/codeigniter4/framework/system/View/View.php(210): include('/var/www/html/V...')
#4 /var/www/html/vendor/codeigniter4/framework/system/View/View.php(213): CodeIgniter\View\View->CodeIgniter\View\{closure}()
#5 /var/www/html/vendor/codeigniter4/framework/system/Common.php(1089): CodeIgniter\View\View->render('Front/info/base...', Array, true)
#6 /var/www/html/app/Controllers/Front/Controller.php(47): view('Front/info/base...', Array)
#7 /var/www/html/vendor/codeigniter4/framework/system/CodeIgniter.php(326): App\Controllers\Front\Controller->__destruct()
#8 /var/www/html/public/index.php(9): CodeIgniter\CodeIgniter->run()
#9 {main}
CRITICAL - 2022-10-20 15:42:11 --> Array to string conversion
#0 [internal function]: CodeIgniter\Debug\Exceptions->errorHandler(2, 'Array to string...', '/var/www/html/a...', 91)
#1 /var/www/html/app/Models/Menu/FrontMenu.php(91): implode(' <i class="fad ...', Array)
#2 /var/www/html/Views/Front/info/base.html(35): App\Models\Menu\FrontMenu->getNowPageString(' <i class="fad ...')
#3 /var/www/html/vendor/codeigniter4/framework/system/View/View.php(210): include('/var/www/html/V...')
#4 /var/www/html/vendor/codeigniter4/framework/system/View/View.php(213): CodeIgniter\View\View->CodeIgniter\View\{closure}()
#5 /var/www/html/vendor/codeigniter4/framework/system/Common.php(1089): CodeIgniter\View\View->render('Front/info/base...', Array, true)
#6 /var/www/html/app/Controllers/Front/Controller.php(47): view('Front/info/base...', Array)
#7 /var/www/html/vendor/codeigniter4/framework/system/CodeIgniter.php(326): App\Controllers\Front\Controller->__destruct()
#8 /var/www/html/public/index.php(9): CodeIgniter\CodeIgniter->run()
#9 {main}
