CRITICAL - 2022-10-11 10:16:38 --> Cannot use object of type CodeIgniter\HTTP\Files\UploadedFile as array
#0 /var/www/html/vendor/codeigniter4/framework/system/CodeIgniter.php(832): App\Controllers\Requst\BoardController->index()
#1 /var/www/html/vendor/codeigniter4/framework/system/CodeIgniter.php(419): CodeIgniter\CodeIgniter->runController(Object(App\Controllers\Requst\BoardController))
#2 /var/www/html/vendor/codeigniter4/framework/system/CodeIgniter.php(326): CodeIgniter\CodeIgniter->handleRequest(NULL, Object(Config\Cache), false)
#3 /var/www/html/public/index.php(9): CodeIgniter\CodeIgniter->run()
#4 {main}
CRITICAL - 2022-10-11 10:17:28 --> Cannot use object of type CodeIgniter\HTTP\Files\UploadedFile as array
#0 /var/www/html/vendor/codeigniter4/framework/system/CodeIgniter.php(832): App\Controllers\Requst\BoardController->index()
#1 /var/www/html/vendor/codeigniter4/framework/system/CodeIgniter.php(419): CodeIgniter\CodeIgniter->runController(Object(App\Controllers\Requst\BoardController))
#2 /var/www/html/vendor/codeigniter4/framework/system/CodeIgniter.php(326): CodeIgniter\CodeIgniter->handleRequest(NULL, Object(Config\Cache), false)
#3 /var/www/html/public/index.php(9): CodeIgniter\CodeIgniter->run()
#4 {main}
CRITICAL - 2022-10-11 10:18:01 --> Cannot use object of type CodeIgniter\HTTP\Files\UploadedFile as array
#0 /var/www/html/vendor/codeigniter4/framework/system/CodeIgniter.php(832): App\Controllers\Requst\BoardController->index()
#1 /var/www/html/vendor/codeigniter4/framework/system/CodeIgniter.php(419): CodeIgniter\CodeIgniter->runController(Object(App\Controllers\Requst\BoardController))
#2 /var/www/html/vendor/codeigniter4/framework/system/CodeIgniter.php(326): CodeIgniter\CodeIgniter->handleRequest(NULL, Object(Config\Cache), false)
#3 /var/www/html/public/index.php(9): CodeIgniter\CodeIgniter->run()
#4 {main}
CRITICAL - 2022-10-11 10:18:58 --> Cannot use object of type CodeIgniter\HTTP\Files\UploadedFile as array
#0 /var/www/html/vendor/codeigniter4/framework/system/CodeIgniter.php(832): App\Controllers\Requst\BoardController->index()
#1 /var/www/html/vendor/codeigniter4/framework/system/CodeIgniter.php(419): CodeIgniter\CodeIgniter->runController(Object(App\Controllers\Requst\BoardController))
#2 /var/www/html/vendor/codeigniter4/framework/system/CodeIgniter.php(326): CodeIgniter\CodeIgniter->handleRequest(NULL, Object(Config\Cache), false)
#3 /var/www/html/public/index.php(9): CodeIgniter\CodeIgniter->run()
#4 {main}
CRITICAL - 2022-10-11 10:20:25 --> Cannot use object of type CodeIgniter\HTTP\Files\UploadedFile as array
#0 /var/www/html/vendor/codeigniter4/framework/system/CodeIgniter.php(832): App\Controllers\Requst\BoardController->index()
#1 /var/www/html/vendor/codeigniter4/framework/system/CodeIgniter.php(419): CodeIgniter\CodeIgniter->runController(Object(App\Controllers\Requst\BoardController))
#2 /var/www/html/vendor/codeigniter4/framework/system/CodeIgniter.php(326): CodeIgniter\CodeIgniter->handleRequest(NULL, Object(Config\Cache), false)
#3 /var/www/html/public/index.php(9): CodeIgniter\CodeIgniter->run()
#4 {main}
CRITICAL - 2022-10-11 10:20:57 --> Cannot use object of type CodeIgniter\HTTP\Files\UploadedFile as array
#0 /var/www/html/vendor/codeigniter4/framework/system/CodeIgniter.php(832): App\Controllers\Requst\BoardController->index()
#1 /var/www/html/vendor/codeigniter4/framework/system/CodeIgniter.php(419): CodeIgniter\CodeIgniter->runController(Object(App\Controllers\Requst\BoardController))
#2 /var/www/html/vendor/codeigniter4/framework/system/CodeIgniter.php(326): CodeIgniter\CodeIgniter->handleRequest(NULL, Object(Config\Cache), false)
#3 /var/www/html/public/index.php(9): CodeIgniter\CodeIgniter->run()
#4 {main}
CRITICAL - 2022-10-11 10:22:15 --> Cannot use object of type CodeIgniter\HTTP\Files\UploadedFile as array
#0 /var/www/html/vendor/codeigniter4/framework/system/CodeIgniter.php(832): App\Controllers\Requst\BoardController->index()
#1 /var/www/html/vendor/codeigniter4/framework/system/CodeIgniter.php(419): CodeIgniter\CodeIgniter->runController(Object(App\Controllers\Requst\BoardController))
#2 /var/www/html/vendor/codeigniter4/framework/system/CodeIgniter.php(326): CodeIgniter\CodeIgniter->handleRequest(NULL, Object(Config\Cache), false)
#3 /var/www/html/public/index.php(9): CodeIgniter\CodeIgniter->run()
#4 {main}
CRITICAL - 2022-10-11 10:27:35 --> Call to a member function getName() on array
#0 /var/www/html/vendor/codeigniter4/framework/system/CodeIgniter.php(832): App\Controllers\Requst\BoardController->index()
#1 /var/www/html/vendor/codeigniter4/framework/system/CodeIgniter.php(419): CodeIgniter\CodeIgniter->runController(Object(App\Controllers\Requst\BoardController))
#2 /var/www/html/vendor/codeigniter4/framework/system/CodeIgniter.php(326): CodeIgniter\CodeIgniter->handleRequest(NULL, Object(Config\Cache), false)
#3 /var/www/html/public/index.php(9): CodeIgniter\CodeIgniter->run()
#4 {main}
CRITICAL - 2022-10-11 10:27:46 --> Call to a member function getName() on array
#0 /var/www/html/vendor/codeigniter4/framework/system/CodeIgniter.php(832): App\Controllers\Requst\BoardController->index()
#1 /var/www/html/vendor/codeigniter4/framework/system/CodeIgniter.php(419): CodeIgniter\CodeIgniter->runController(Object(App\Controllers\Requst\BoardController))
#2 /var/www/html/vendor/codeigniter4/framework/system/CodeIgniter.php(326): CodeIgniter\CodeIgniter->handleRequest(NULL, Object(Config\Cache), false)
#3 /var/www/html/public/index.php(9): CodeIgniter\CodeIgniter->run()
#4 {main}
CRITICAL - 2022-10-11 10:28:08 --> Call to a member function getClientMimeType() on array
#0 /var/www/html/vendor/codeigniter4/framework/system/CodeIgniter.php(832): App\Controllers\Requst\BoardController->index()
#1 /var/www/html/vendor/codeigniter4/framework/system/CodeIgniter.php(419): CodeIgniter\CodeIgniter->runController(Object(App\Controllers\Requst\BoardController))
#2 /var/www/html/vendor/codeigniter4/framework/system/CodeIgniter.php(326): CodeIgniter\CodeIgniter->handleRequest(NULL, Object(Config\Cache), false)
#3 /var/www/html/public/index.php(9): CodeIgniter\CodeIgniter->run()
#4 {main}
CRITICAL - 2022-10-11 10:28:17 --> Call to a member function getClientMimeType() on array
#0 /var/www/html/vendor/codeigniter4/framework/system/CodeIgniter.php(832): App\Controllers\Requst\BoardController->index()
#1 /var/www/html/vendor/codeigniter4/framework/system/CodeIgniter.php(419): CodeIgniter\CodeIgniter->runController(Object(App\Controllers\Requst\BoardController))
#2 /var/www/html/vendor/codeigniter4/framework/system/CodeIgniter.php(326): CodeIgniter\CodeIgniter->handleRequest(NULL, Object(Config\Cache), false)
#3 /var/www/html/public/index.php(9): CodeIgniter\CodeIgniter->run()
#4 {main}
CRITICAL - 2022-10-11 10:28:22 --> Call to a member function getClientMimeType() on array
#0 /var/www/html/vendor/codeigniter4/framework/system/CodeIgniter.php(832): App\Controllers\Requst\BoardController->index()
#1 /var/www/html/vendor/codeigniter4/framework/system/CodeIgniter.php(419): CodeIgniter\CodeIgniter->runController(Object(App\Controllers\Requst\BoardController))
#2 /var/www/html/vendor/codeigniter4/framework/system/CodeIgniter.php(326): CodeIgniter\CodeIgniter->handleRequest(NULL, Object(Config\Cache), false)
#3 /var/www/html/public/index.php(9): CodeIgniter\CodeIgniter->run()
#4 {main}
CRITICAL - 2022-10-11 10:28:38 --> Call to a member function getClientMimeType() on array
#0 /var/www/html/vendor/codeigniter4/framework/system/CodeIgniter.php(832): App\Controllers\Requst\BoardController->index()
#1 /var/www/html/vendor/codeigniter4/framework/system/CodeIgniter.php(419): CodeIgniter\CodeIgniter->runController(Object(App\Controllers\Requst\BoardController))
#2 /var/www/html/vendor/codeigniter4/framework/system/CodeIgniter.php(326): CodeIgniter\CodeIgniter->handleRequest(NULL, Object(Config\Cache), false)
#3 /var/www/html/public/index.php(9): CodeIgniter\CodeIgniter->run()
#4 {main}
CRITICAL - 2022-10-11 10:32:36 --> Cannot use object of type CodeIgniter\HTTP\Files\UploadedFile as array
#0 /var/www/html/vendor/codeigniter4/framework/system/CodeIgniter.php(832): App\Controllers\Requst\BoardController->index()
#1 /var/www/html/vendor/codeigniter4/framework/system/CodeIgniter.php(419): CodeIgniter\CodeIgniter->runController(Object(App\Controllers\Requst\BoardController))
#2 /var/www/html/vendor/codeigniter4/framework/system/CodeIgniter.php(326): CodeIgniter\CodeIgniter->handleRequest(NULL, Object(Config\Cache), false)
#3 /var/www/html/public/index.php(9): CodeIgniter\CodeIgniter->run()
#4 {main}
