CRITICAL - 2022-08-16 11:37:53 --> Undefined constant "App\Controllers\Admin\Main\Client"
#0 /var/www/html/vendor/codeigniter4/framework/system/CodeIgniter.php(832): App\Controllers\Admin\Main\IndexController->index()
#1 /var/www/html/vendor/codeigniter4/framework/system/CodeIgniter.php(419): CodeIgniter\CodeIgniter->runController(Object(App\Controllers\Admin\Main\IndexController))
#2 /var/www/html/vendor/codeigniter4/framework/system/CodeIgniter.php(326): CodeIgniter\CodeIgniter->handleRequest(NULL, Object(Config\Cache), false)
#3 /var/www/html/public/index.php(9): CodeIgniter\CodeIgniter->run()
#4 {main}
CRITICAL - 2022-08-16 11:38:12 --> Undefined constant "App\Controllers\Admin\Main\Client"
#0 /var/www/html/vendor/codeigniter4/framework/system/CodeIgniter.php(832): App\Controllers\Admin\Main\IndexController->index()
#1 /var/www/html/vendor/codeigniter4/framework/system/CodeIgniter.php(419): CodeIgniter\CodeIgniter->runController(Object(App\Controllers\Admin\Main\IndexController))
#2 /var/www/html/vendor/codeigniter4/framework/system/CodeIgniter.php(326): CodeIgniter\CodeIgniter->handleRequest(NULL, Object(Config\Cache), false)
#3 /var/www/html/public/index.php(9): CodeIgniter\CodeIgniter->run()
#4 {main}
CRITICAL - 2022-08-16 11:39:13 --> Undefined constant "App\Controllers\Admin\Main\Client"
#0 /var/www/html/vendor/codeigniter4/framework/system/CodeIgniter.php(832): App\Controllers\Admin\Main\IndexController->index()
#1 /var/www/html/vendor/codeigniter4/framework/system/CodeIgniter.php(419): CodeIgniter\CodeIgniter->runController(Object(App\Controllers\Admin\Main\IndexController))
#2 /var/www/html/vendor/codeigniter4/framework/system/CodeIgniter.php(326): CodeIgniter\CodeIgniter->handleRequest(NULL, Object(Config\Cache), false)
#3 /var/www/html/public/index.php(9): CodeIgniter\CodeIgniter->run()
#4 {main}
CRITICAL - 2022-08-16 11:41:31 --> Undefined constant "Google\Client"
#0 /var/www/html/vendor/codeigniter4/framework/system/CodeIgniter.php(832): App\Controllers\Admin\Main\IndexController->index()
#1 /var/www/html/vendor/codeigniter4/framework/system/CodeIgniter.php(419): CodeIgniter\CodeIgniter->runController(Object(App\Controllers\Admin\Main\IndexController))
#2 /var/www/html/vendor/codeigniter4/framework/system/CodeIgniter.php(326): CodeIgniter\CodeIgniter->handleRequest(NULL, Object(Config\Cache), false)
#3 /var/www/html/public/index.php(9): CodeIgniter\CodeIgniter->run()
#4 {main}
CRITICAL - 2022-08-16 11:42:10 --> Non-static method Google\Client::setCache() cannot be called statically
#0 /var/www/html/vendor/codeigniter4/framework/system/CodeIgniter.php(832): App\Controllers\Admin\Main\IndexController->index()
#1 /var/www/html/vendor/codeigniter4/framework/system/CodeIgniter.php(419): CodeIgniter\CodeIgniter->runController(Object(App\Controllers\Admin\Main\IndexController))
#2 /var/www/html/vendor/codeigniter4/framework/system/CodeIgniter.php(326): CodeIgniter\CodeIgniter->handleRequest(NULL, Object(Config\Cache), false)
#3 /var/www/html/public/index.php(9): CodeIgniter\CodeIgniter->run()
#4 {main}
CRITICAL - 2022-08-16 13:04:35 --> Cannot declare class App\Controllers\Admin\Config\BannerController, because the name is already in use
#0 [internal function]: CodeIgniter\Debug\Exceptions->shutdownHandler()
#1 {main}
CRITICAL - 2022-08-16 13:05:14 --> Invalid file: Admin/config/app.html
#0 /var/www/html/vendor/codeigniter4/framework/system/View/View.php(198): CodeIgniter\Exceptions\FrameworkException::forInvalidFile('Admin/config/ap...')
#1 /var/www/html/vendor/codeigniter4/framework/system/Common.php(1089): CodeIgniter\View\View->render('Admin/config/ap...', Array, true)
#2 /var/www/html/app/Controllers/Admin/Controller.php(31): view('Admin/config/ap...', Array)
#3 /var/www/html/vendor/codeigniter4/framework/system/CodeIgniter.php(326): App\Controllers\Admin\Controller->__destruct()
#4 /var/www/html/public/index.php(9): CodeIgniter\CodeIgniter->run()
#5 {main}
CRITICAL - 2022-08-16 13:53:51 --> mkdir(): Permission denied
#0 [internal function]: CodeIgniter\Debug\Exceptions->errorHandler(2, 'mkdir(): Permis...', '/var/www/html/a...', 28)
#1 /var/www/html/app/Models/FileModel.php(28): mkdir('/var/www/html/p...', 511, true)
#2 /var/www/html/app/Models/FileModel.php(7): App\Models\FileModel::makeDir(false)
#3 /var/www/html/app/Models/FileModel.php(19): App\Models\FileModel::singleUpload(Object(CodeIgniter\HTTP\Files\UploadedFile), false)
#4 /var/www/html/app/Models/FileModel.php(18): App\Models\FileModel::fileRecursion(Array, Array, false)
#5 /var/www/html/app/Controllers/Requst/PostController.php(18): App\Models\FileModel::fileRecursion(Array, Array)
#6 /var/www/html/vendor/codeigniter4/framework/system/CodeIgniter.php(832): App\Controllers\Requst\PostController->index()
#7 /var/www/html/vendor/codeigniter4/framework/system/CodeIgniter.php(419): CodeIgniter\CodeIgniter->runController(Object(App\Controllers\Requst\PostController))
#8 /var/www/html/vendor/codeigniter4/framework/system/CodeIgniter.php(326): CodeIgniter\CodeIgniter->handleRequest(NULL, Object(Config\Cache), false)
#9 /var/www/html/public/index.php(9): CodeIgniter\CodeIgniter->run()
#10 {main}
CRITICAL - 2022-08-16 13:54:20 --> mkdir(): Permission denied
#0 [internal function]: CodeIgniter\Debug\Exceptions->errorHandler(2, 'mkdir(): Permis...', '/var/www/html/a...', 28)
#1 /var/www/html/app/Models/FileModel.php(28): mkdir('/var/www/html/p...', 511, true)
#2 /var/www/html/app/Models/FileModel.php(7): App\Models\FileModel::makeDir(false)
#3 /var/www/html/app/Models/FileModel.php(19): App\Models\FileModel::singleUpload(Object(CodeIgniter\HTTP\Files\UploadedFile), false)
#4 /var/www/html/app/Models/FileModel.php(18): App\Models\FileModel::fileRecursion(Array, Array, false)
#5 /var/www/html/app/Controllers/Requst/PostController.php(18): App\Models\FileModel::fileRecursion(Array, Array)
#6 /var/www/html/vendor/codeigniter4/framework/system/CodeIgniter.php(832): App\Controllers\Requst\PostController->index()
#7 /var/www/html/vendor/codeigniter4/framework/system/CodeIgniter.php(419): CodeIgniter\CodeIgniter->runController(Object(App\Controllers\Requst\PostController))
#8 /var/www/html/vendor/codeigniter4/framework/system/CodeIgniter.php(326): CodeIgniter\CodeIgniter->handleRequest(NULL, Object(Config\Cache), false)
#9 /var/www/html/public/index.php(9): CodeIgniter\CodeIgniter->run()
#10 {main}
CRITICAL - 2022-08-16 13:56:12 --> mkdir(): Permission denied
#0 [internal function]: CodeIgniter\Debug\Exceptions->errorHandler(2, 'mkdir(): Permis...', '/var/www/html/a...', 28)
#1 /var/www/html/app/Models/FileModel.php(28): mkdir('/var/www/html/p...', 511, true)
#2 /var/www/html/app/Models/FileModel.php(7): App\Models\FileModel::makeDir(false)
#3 /var/www/html/app/Models/FileModel.php(19): App\Models\FileModel::singleUpload(Object(CodeIgniter\HTTP\Files\UploadedFile), false)
#4 /var/www/html/app/Models/FileModel.php(18): App\Models\FileModel::fileRecursion(Array, Array, false)
#5 /var/www/html/app/Controllers/Requst/PostController.php(18): App\Models\FileModel::fileRecursion(Array, Array)
#6 /var/www/html/vendor/codeigniter4/framework/system/CodeIgniter.php(832): App\Controllers\Requst\PostController->index()
#7 /var/www/html/vendor/codeigniter4/framework/system/CodeIgniter.php(419): CodeIgniter\CodeIgniter->runController(Object(App\Controllers\Requst\PostController))
#8 /var/www/html/vendor/codeigniter4/framework/system/CodeIgniter.php(326): CodeIgniter\CodeIgniter->handleRequest(NULL, Object(Config\Cache), false)
#9 /var/www/html/public/index.php(9): CodeIgniter\CodeIgniter->run()
#10 {main}
CRITICAL - 2022-08-16 13:57:30 --> mkdir(): Permission denied
#0 [internal function]: CodeIgniter\Debug\Exceptions->errorHandler(2, 'mkdir(): Permis...', '/var/www/html/a...', 28)
#1 /var/www/html/app/Models/FileModel.php(28): mkdir('/var/www/html/p...', 511, true)
#2 /var/www/html/app/Models/FileModel.php(7): App\Models\FileModel::makeDir(false)
#3 /var/www/html/app/Models/FileModel.php(19): App\Models\FileModel::singleUpload(Object(CodeIgniter\HTTP\Files\UploadedFile), false)
#4 /var/www/html/app/Models/FileModel.php(18): App\Models\FileModel::fileRecursion(Array, Array, false)
#5 /var/www/html/app/Controllers/Requst/PostController.php(18): App\Models\FileModel::fileRecursion(Array, Array)
#6 /var/www/html/vendor/codeigniter4/framework/system/CodeIgniter.php(832): App\Controllers\Requst\PostController->index()
#7 /var/www/html/vendor/codeigniter4/framework/system/CodeIgniter.php(419): CodeIgniter\CodeIgniter->runController(Object(App\Controllers\Requst\PostController))
#8 /var/www/html/vendor/codeigniter4/framework/system/CodeIgniter.php(326): CodeIgniter\CodeIgniter->handleRequest(NULL, Object(Config\Cache), false)
#9 /var/www/html/public/index.php(9): CodeIgniter\CodeIgniter->run()
#10 {main}
CRITICAL - 2022-08-16 13:59:54 --> mkdir(): Permission denied
#0 [internal function]: CodeIgniter\Debug\Exceptions->errorHandler(2, 'mkdir(): Permis...', '/var/www/html/a...', 28)
#1 /var/www/html/app/Models/FileModel.php(28): mkdir('/var/www/html/p...', 511, true)
#2 /var/www/html/app/Models/FileModel.php(7): App\Models\FileModel::makeDir(false)
#3 /var/www/html/app/Models/FileModel.php(19): App\Models\FileModel::singleUpload(Object(CodeIgniter\HTTP\Files\UploadedFile), false)
#4 /var/www/html/app/Models/FileModel.php(18): App\Models\FileModel::fileRecursion(Array, Array, false)
#5 /var/www/html/app/Controllers/Requst/PostController.php(18): App\Models\FileModel::fileRecursion(Array, Array)
#6 /var/www/html/vendor/codeigniter4/framework/system/CodeIgniter.php(832): App\Controllers\Requst\PostController->index()
#7 /var/www/html/vendor/codeigniter4/framework/system/CodeIgniter.php(419): CodeIgniter\CodeIgniter->runController(Object(App\Controllers\Requst\PostController))
#8 /var/www/html/vendor/codeigniter4/framework/system/CodeIgniter.php(326): CodeIgniter\CodeIgniter->handleRequest(NULL, Object(Config\Cache), false)
#9 /var/www/html/public/index.php(9): CodeIgniter\CodeIgniter->run()
#10 {main}
CRITICAL - 2022-08-16 14:43:25 --> 22 : The requested URL returned error: 404 
#0 /var/www/html/vendor/codeigniter4/framework/system/HTTP/CURLRequest.php(656): CodeIgniter\HTTP\Exceptions\HTTPException::forCurlError('22', 'The requested U...')
#1 /var/www/html/vendor/codeigniter4/framework/system/HTTP/CURLRequest.php(364): CodeIgniter\HTTP\CURLRequest->sendRequest(Array)
#2 /var/www/html/vendor/codeigniter4/framework/system/HTTP/CURLRequest.php(140): CodeIgniter\HTTP\CURLRequest->send('POST', 'https://fcm.goo...')
#3 /var/www/html/app/Models/Push.php(73): CodeIgniter\HTTP\CURLRequest->request('POST', 'https://fcm.goo...', Array)
#4 /var/www/html/app/Controllers/Admin/Config/AppConfigController.php(12): App\Models\Push->send()
#5 /var/www/html/vendor/codeigniter4/framework/system/CodeIgniter.php(832): App\Controllers\Admin\Config\AppConfigController->config()
#6 /var/www/html/vendor/codeigniter4/framework/system/CodeIgniter.php(419): CodeIgniter\CodeIgniter->runController(Object(App\Controllers\Admin\Config\AppConfigController))
#7 /var/www/html/vendor/codeigniter4/framework/system/CodeIgniter.php(326): CodeIgniter\CodeIgniter->handleRequest(NULL, Object(Config\Cache), false)
#8 /var/www/html/public/index.php(9): CodeIgniter\CodeIgniter->run()
#9 {main}
CRITICAL - 2022-08-16 14:44:37 --> 22 : The requested URL returned error: 404 
#0 /var/www/html/vendor/codeigniter4/framework/system/HTTP/CURLRequest.php(656): CodeIgniter\HTTP\Exceptions\HTTPException::forCurlError('22', 'The requested U...')
#1 /var/www/html/vendor/codeigniter4/framework/system/HTTP/CURLRequest.php(364): CodeIgniter\HTTP\CURLRequest->sendRequest(Array)
#2 /var/www/html/vendor/codeigniter4/framework/system/HTTP/CURLRequest.php(140): CodeIgniter\HTTP\CURLRequest->send('post', 'https://fcm.goo...')
#3 /var/www/html/app/Models/Push.php(73): CodeIgniter\HTTP\CURLRequest->request('post', 'https://fcm.goo...', Array)
#4 /var/www/html/app/Controllers/Admin/Config/AppConfigController.php(12): App\Models\Push->send()
#5 /var/www/html/vendor/codeigniter4/framework/system/CodeIgniter.php(832): App\Controllers\Admin\Config\AppConfigController->config()
#6 /var/www/html/vendor/codeigniter4/framework/system/CodeIgniter.php(419): CodeIgniter\CodeIgniter->runController(Object(App\Controllers\Admin\Config\AppConfigController))
#7 /var/www/html/vendor/codeigniter4/framework/system/CodeIgniter.php(326): CodeIgniter\CodeIgniter->handleRequest(NULL, Object(Config\Cache), false)
#8 /var/www/html/public/index.php(9): CodeIgniter\CodeIgniter->run()
#9 {main}
CRITICAL - 2022-08-16 14:49:38 --> 22 : The requested URL returned error: 404 
#0 /var/www/html/vendor/codeigniter4/framework/system/HTTP/CURLRequest.php(656): CodeIgniter\HTTP\Exceptions\HTTPException::forCurlError('22', 'The requested U...')
#1 /var/www/html/vendor/codeigniter4/framework/system/HTTP/CURLRequest.php(364): CodeIgniter\HTTP\CURLRequest->sendRequest(Array)
#2 /var/www/html/vendor/codeigniter4/framework/system/HTTP/CURLRequest.php(140): CodeIgniter\HTTP\CURLRequest->send('post', 'https://fcm.goo...')
#3 /var/www/html/app/Models/Push.php(68): CodeIgniter\HTTP\CURLRequest->request('post', 'https://fcm.goo...', Array)
#4 /var/www/html/app/Controllers/Admin/Config/AppConfigController.php(15): App\Models\Push->send()
#5 /var/www/html/vendor/codeigniter4/framework/system/CodeIgniter.php(832): App\Controllers\Admin\Config\AppConfigController->config()
#6 /var/www/html/vendor/codeigniter4/framework/system/CodeIgniter.php(419): CodeIgniter\CodeIgniter->runController(Object(App\Controllers\Admin\Config\AppConfigController))
#7 /var/www/html/vendor/codeigniter4/framework/system/CodeIgniter.php(326): CodeIgniter\CodeIgniter->handleRequest(NULL, Object(Config\Cache), false)
#8 /var/www/html/public/index.php(9): CodeIgniter\CodeIgniter->run()
#9 {main}
CRITICAL - 2022-08-16 14:51:28 --> 22 : The requested URL returned error: 404 
#0 /var/www/html/vendor/codeigniter4/framework/system/HTTP/CURLRequest.php(656): CodeIgniter\HTTP\Exceptions\HTTPException::forCurlError('22', 'The requested U...')
#1 /var/www/html/vendor/codeigniter4/framework/system/HTTP/CURLRequest.php(364): CodeIgniter\HTTP\CURLRequest->sendRequest(Array)
#2 /var/www/html/vendor/codeigniter4/framework/system/HTTP/CURLRequest.php(140): CodeIgniter\HTTP\CURLRequest->send('post', 'https://fcm.goo...')
#3 /var/www/html/app/Models/Push.php(67): CodeIgniter\HTTP\CURLRequest->request('post', 'https://fcm.goo...', Array)
#4 /var/www/html/app/Controllers/Admin/Config/AppConfigController.php(15): App\Models\Push->send()
#5 /var/www/html/vendor/codeigniter4/framework/system/CodeIgniter.php(832): App\Controllers\Admin\Config\AppConfigController->config()
#6 /var/www/html/vendor/codeigniter4/framework/system/CodeIgniter.php(419): CodeIgniter\CodeIgniter->runController(Object(App\Controllers\Admin\Config\AppConfigController))
#7 /var/www/html/vendor/codeigniter4/framework/system/CodeIgniter.php(326): CodeIgniter\CodeIgniter->handleRequest(NULL, Object(Config\Cache), false)
#8 /var/www/html/public/index.php(9): CodeIgniter\CodeIgniter->run()
#9 {main}
CRITICAL - 2022-08-16 14:51:36 --> 22 : The requested URL returned error: 404 
#0 /var/www/html/vendor/codeigniter4/framework/system/HTTP/CURLRequest.php(656): CodeIgniter\HTTP\Exceptions\HTTPException::forCurlError('22', 'The requested U...')
#1 /var/www/html/vendor/codeigniter4/framework/system/HTTP/CURLRequest.php(364): CodeIgniter\HTTP\CURLRequest->sendRequest(Array)
#2 /var/www/html/vendor/codeigniter4/framework/system/HTTP/CURLRequest.php(140): CodeIgniter\HTTP\CURLRequest->send('post', 'https://fcm.goo...')
#3 /var/www/html/app/Models/Push.php(65): CodeIgniter\HTTP\CURLRequest->request('post', 'https://fcm.goo...', Array)
#4 /var/www/html/app/Controllers/Admin/Config/AppConfigController.php(15): App\Models\Push->send()
#5 /var/www/html/vendor/codeigniter4/framework/system/CodeIgniter.php(832): App\Controllers\Admin\Config\AppConfigController->config()
#6 /var/www/html/vendor/codeigniter4/framework/system/CodeIgniter.php(419): CodeIgniter\CodeIgniter->runController(Object(App\Controllers\Admin\Config\AppConfigController))
#7 /var/www/html/vendor/codeigniter4/framework/system/CodeIgniter.php(326): CodeIgniter\CodeIgniter->handleRequest(NULL, Object(Config\Cache), false)
#8 /var/www/html/public/index.php(9): CodeIgniter\CodeIgniter->run()
#9 {main}
CRITICAL - 2022-08-16 15:06:20 --> strlen(): Argument #1 ($string) must be of type string, array given
#0 /var/www/html/vendor/codeigniter4/framework/system/HTTP/CURLRequest.php(427): strlen(Array)
#1 /var/www/html/vendor/codeigniter4/framework/system/HTTP/CURLRequest.php(356): CodeIgniter\HTTP\CURLRequest->applyMethod('POST', Array)
#2 /var/www/html/vendor/codeigniter4/framework/system/HTTP/CURLRequest.php(140): CodeIgniter\HTTP\CURLRequest->send('post', 'https://fcm.goo...')
#3 /var/www/html/app/Models/Push.php(69): CodeIgniter\HTTP\CURLRequest->request('post', 'https://fcm.goo...')
#4 /var/www/html/app/Controllers/Admin/Config/AppConfigController.php(15): App\Models\Push->send()
#5 /var/www/html/vendor/codeigniter4/framework/system/CodeIgniter.php(832): App\Controllers\Admin\Config\AppConfigController->config()
#6 /var/www/html/vendor/codeigniter4/framework/system/CodeIgniter.php(419): CodeIgniter\CodeIgniter->runController(Object(App\Controllers\Admin\Config\AppConfigController))
#7 /var/www/html/vendor/codeigniter4/framework/system/CodeIgniter.php(326): CodeIgniter\CodeIgniter->handleRequest(NULL, Object(Config\Cache), false)
#8 /var/www/html/public/index.php(9): CodeIgniter\CodeIgniter->run()
#9 {main}
CRITICAL - 2022-08-16 15:06:48 --> 22 : The requested URL returned error: 404 
#0 /var/www/html/vendor/codeigniter4/framework/system/HTTP/CURLRequest.php(656): CodeIgniter\HTTP\Exceptions\HTTPException::forCurlError('22', 'The requested U...')
#1 /var/www/html/vendor/codeigniter4/framework/system/HTTP/CURLRequest.php(364): CodeIgniter\HTTP\CURLRequest->sendRequest(Array)
#2 /var/www/html/vendor/codeigniter4/framework/system/HTTP/CURLRequest.php(140): CodeIgniter\HTTP\CURLRequest->send('post', 'https://fcm.goo...')
#3 /var/www/html/app/Models/Push.php(68): CodeIgniter\HTTP\CURLRequest->request('post', 'https://fcm.goo...', Array)
#4 /var/www/html/app/Controllers/Admin/Config/AppConfigController.php(15): App\Models\Push->send()
#5 /var/www/html/vendor/codeigniter4/framework/system/CodeIgniter.php(832): App\Controllers\Admin\Config\AppConfigController->config()
#6 /var/www/html/vendor/codeigniter4/framework/system/CodeIgniter.php(419): CodeIgniter\CodeIgniter->runController(Object(App\Controllers\Admin\Config\AppConfigController))
#7 /var/www/html/vendor/codeigniter4/framework/system/CodeIgniter.php(326): CodeIgniter\CodeIgniter->handleRequest(NULL, Object(Config\Cache), false)
#8 /var/www/html/public/index.php(9): CodeIgniter\CodeIgniter->run()
#9 {main}
CRITICAL - 2022-08-16 15:07:56 --> 22 : The requested URL returned error: 404 
#0 /var/www/html/vendor/codeigniter4/framework/system/HTTP/CURLRequest.php(656): CodeIgniter\HTTP\Exceptions\HTTPException::forCurlError('22', 'The requested U...')
#1 /var/www/html/vendor/codeigniter4/framework/system/HTTP/CURLRequest.php(364): CodeIgniter\HTTP\CURLRequest->sendRequest(Array)
#2 /var/www/html/vendor/codeigniter4/framework/system/HTTP/CURLRequest.php(140): CodeIgniter\HTTP\CURLRequest->send('post', 'https://fcm.goo...')
#3 /var/www/html/app/Models/Push.php(68): CodeIgniter\HTTP\CURLRequest->request('post', 'https://fcm.goo...', Array)
#4 /var/www/html/app/Controllers/Admin/Config/AppConfigController.php(15): App\Models\Push->send()
#5 /var/www/html/vendor/codeigniter4/framework/system/CodeIgniter.php(832): App\Controllers\Admin\Config\AppConfigController->config()
#6 /var/www/html/vendor/codeigniter4/framework/system/CodeIgniter.php(419): CodeIgniter\CodeIgniter->runController(Object(App\Controllers\Admin\Config\AppConfigController))
#7 /var/www/html/vendor/codeigniter4/framework/system/CodeIgniter.php(326): CodeIgniter\CodeIgniter->handleRequest(NULL, Object(Config\Cache), false)
#8 /var/www/html/public/index.php(9): CodeIgniter\CodeIgniter->run()
#9 {main}
CRITICAL - 2022-08-16 15:08:00 --> 22 : The requested URL returned error: 404 
#0 /var/www/html/vendor/codeigniter4/framework/system/HTTP/CURLRequest.php(656): CodeIgniter\HTTP\Exceptions\HTTPException::forCurlError('22', 'The requested U...')
#1 /var/www/html/vendor/codeigniter4/framework/system/HTTP/CURLRequest.php(364): CodeIgniter\HTTP\CURLRequest->sendRequest(Array)
#2 /var/www/html/vendor/codeigniter4/framework/system/HTTP/CURLRequest.php(140): CodeIgniter\HTTP\CURLRequest->send('post', 'https://fcm.goo...')
#3 /var/www/html/app/Models/Push.php(68): CodeIgniter\HTTP\CURLRequest->request('post', 'https://fcm.goo...', Array)
#4 /var/www/html/app/Controllers/Admin/Config/AppConfigController.php(15): App\Models\Push->send()
#5 /var/www/html/vendor/codeigniter4/framework/system/CodeIgniter.php(832): App\Controllers\Admin\Config\AppConfigController->config()
#6 /var/www/html/vendor/codeigniter4/framework/system/CodeIgniter.php(419): CodeIgniter\CodeIgniter->runController(Object(App\Controllers\Admin\Config\AppConfigController))
#7 /var/www/html/vendor/codeigniter4/framework/system/CodeIgniter.php(326): CodeIgniter\CodeIgniter->handleRequest(NULL, Object(Config\Cache), false)
#8 /var/www/html/public/index.php(9): CodeIgniter\CodeIgniter->run()
#9 {main}
CRITICAL - 2022-08-16 15:08:35 --> 22 : The requested URL returned error: 404 
#0 /var/www/html/vendor/codeigniter4/framework/system/HTTP/CURLRequest.php(656): CodeIgniter\HTTP\Exceptions\HTTPException::forCurlError('22', 'The requested U...')
#1 /var/www/html/vendor/codeigniter4/framework/system/HTTP/CURLRequest.php(364): CodeIgniter\HTTP\CURLRequest->sendRequest(Array)
#2 /var/www/html/vendor/codeigniter4/framework/system/HTTP/CURLRequest.php(140): CodeIgniter\HTTP\CURLRequest->send('post', 'https://fcm.goo...')
#3 /var/www/html/app/Models/Push.php(68): CodeIgniter\HTTP\CURLRequest->request('post', 'https://fcm.goo...', Array)
#4 /var/www/html/app/Controllers/Admin/Config/AppConfigController.php(15): App\Models\Push->send()
#5 /var/www/html/vendor/codeigniter4/framework/system/CodeIgniter.php(832): App\Controllers\Admin\Config\AppConfigController->config()
#6 /var/www/html/vendor/codeigniter4/framework/system/CodeIgniter.php(419): CodeIgniter\CodeIgniter->runController(Object(App\Controllers\Admin\Config\AppConfigController))
#7 /var/www/html/vendor/codeigniter4/framework/system/CodeIgniter.php(326): CodeIgniter\CodeIgniter->handleRequest(NULL, Object(Config\Cache), false)
#8 /var/www/html/public/index.php(9): CodeIgniter\CodeIgniter->run()
#9 {main}
CRITICAL - 2022-08-16 15:11:42 --> 22 : The requested URL returned error: 404 
#0 /var/www/html/vendor/codeigniter4/framework/system/HTTP/CURLRequest.php(656): CodeIgniter\HTTP\Exceptions\HTTPException::forCurlError('22', 'The requested U...')
#1 /var/www/html/vendor/codeigniter4/framework/system/HTTP/CURLRequest.php(364): CodeIgniter\HTTP\CURLRequest->sendRequest(Array)
#2 /var/www/html/vendor/codeigniter4/framework/system/HTTP/CURLRequest.php(140): CodeIgniter\HTTP\CURLRequest->send('POST', 'https://fcm.goo...')
#3 /var/www/html/app/Models/Push.php(68): CodeIgniter\HTTP\CURLRequest->request('POST', 'https://fcm.goo...', Array)
#4 /var/www/html/app/Controllers/Admin/Config/AppConfigController.php(15): App\Models\Push->send()
#5 /var/www/html/vendor/codeigniter4/framework/system/CodeIgniter.php(832): App\Controllers\Admin\Config\AppConfigController->config()
#6 /var/www/html/vendor/codeigniter4/framework/system/CodeIgniter.php(419): CodeIgniter\CodeIgniter->runController(Object(App\Controllers\Admin\Config\AppConfigController))
#7 /var/www/html/vendor/codeigniter4/framework/system/CodeIgniter.php(326): CodeIgniter\CodeIgniter->handleRequest(NULL, Object(Config\Cache), false)
#8 /var/www/html/public/index.php(9): CodeIgniter\CodeIgniter->run()
#9 {main}
CRITICAL - 2022-08-16 15:11:47 --> 22 : The requested URL returned error: 404 
#0 /var/www/html/vendor/codeigniter4/framework/system/HTTP/CURLRequest.php(656): CodeIgniter\HTTP\Exceptions\HTTPException::forCurlError('22', 'The requested U...')
#1 /var/www/html/vendor/codeigniter4/framework/system/HTTP/CURLRequest.php(364): CodeIgniter\HTTP\CURLRequest->sendRequest(Array)
#2 /var/www/html/vendor/codeigniter4/framework/system/HTTP/CURLRequest.php(140): CodeIgniter\HTTP\CURLRequest->send('POST', 'https://fcm.goo...')
#3 /var/www/html/app/Models/Push.php(68): CodeIgniter\HTTP\CURLRequest->request('POST', 'https://fcm.goo...', Array)
#4 /var/www/html/app/Controllers/Admin/Config/AppConfigController.php(15): App\Models\Push->send()
#5 /var/www/html/vendor/codeigniter4/framework/system/CodeIgniter.php(832): App\Controllers\Admin\Config\AppConfigController->config()
#6 /var/www/html/vendor/codeigniter4/framework/system/CodeIgniter.php(419): CodeIgniter\CodeIgniter->runController(Object(App\Controllers\Admin\Config\AppConfigController))
#7 /var/www/html/vendor/codeigniter4/framework/system/CodeIgniter.php(326): CodeIgniter\CodeIgniter->handleRequest(NULL, Object(Config\Cache), false)
#8 /var/www/html/public/index.php(9): CodeIgniter\CodeIgniter->run()
#9 {main}
CRITICAL - 2022-08-16 15:12:04 --> 22 : The requested URL returned error: 404 
#0 /var/www/html/vendor/codeigniter4/framework/system/HTTP/CURLRequest.php(656): CodeIgniter\HTTP\Exceptions\HTTPException::forCurlError('22', 'The requested U...')
#1 /var/www/html/vendor/codeigniter4/framework/system/HTTP/CURLRequest.php(364): CodeIgniter\HTTP\CURLRequest->sendRequest(Array)
#2 /var/www/html/vendor/codeigniter4/framework/system/HTTP/CURLRequest.php(140): CodeIgniter\HTTP\CURLRequest->send('POST', 'https://fcm.goo...')
#3 /var/www/html/app/Models/Push.php(69): CodeIgniter\HTTP\CURLRequest->request('POST', 'https://fcm.goo...', Array)
#4 /var/www/html/app/Controllers/Admin/Config/AppConfigController.php(15): App\Models\Push->send()
#5 /var/www/html/vendor/codeigniter4/framework/system/CodeIgniter.php(832): App\Controllers\Admin\Config\AppConfigController->config()
#6 /var/www/html/vendor/codeigniter4/framework/system/CodeIgniter.php(419): CodeIgniter\CodeIgniter->runController(Object(App\Controllers\Admin\Config\AppConfigController))
#7 /var/www/html/vendor/codeigniter4/framework/system/CodeIgniter.php(326): CodeIgniter\CodeIgniter->handleRequest(NULL, Object(Config\Cache), false)
#8 /var/www/html/public/index.php(9): CodeIgniter\CodeIgniter->run()
#9 {main}
CRITICAL - 2022-08-16 15:18:36 --> 22 : The requested URL returned error: 404 
#0 /var/www/html/vendor/codeigniter4/framework/system/HTTP/CURLRequest.php(656): CodeIgniter\HTTP\Exceptions\HTTPException::forCurlError('22', 'The requested U...')
#1 /var/www/html/vendor/codeigniter4/framework/system/HTTP/CURLRequest.php(364): CodeIgniter\HTTP\CURLRequest->sendRequest(Array)
#2 /var/www/html/vendor/codeigniter4/framework/system/HTTP/CURLRequest.php(140): CodeIgniter\HTTP\CURLRequest->send('POST', 'https://fcm.goo...')
#3 /var/www/html/app/Models/Push.php(67): CodeIgniter\HTTP\CURLRequest->request('POST', 'https://fcm.goo...', Array)
#4 /var/www/html/app/Controllers/Admin/Config/AppConfigController.php(15): App\Models\Push->send()
#5 /var/www/html/vendor/codeigniter4/framework/system/CodeIgniter.php(832): App\Controllers\Admin\Config\AppConfigController->config()
#6 /var/www/html/vendor/codeigniter4/framework/system/CodeIgniter.php(419): CodeIgniter\CodeIgniter->runController(Object(App\Controllers\Admin\Config\AppConfigController))
#7 /var/www/html/vendor/codeigniter4/framework/system/CodeIgniter.php(326): CodeIgniter\CodeIgniter->handleRequest(NULL, Object(Config\Cache), false)
#8 /var/www/html/public/index.php(9): CodeIgniter\CodeIgniter->run()
#9 {main}
CRITICAL - 2022-08-16 15:23:04 --> 22 : The requested URL returned error: 404 
#0 /var/www/html/vendor/codeigniter4/framework/system/HTTP/CURLRequest.php(656): CodeIgniter\HTTP\Exceptions\HTTPException::forCurlError('22', 'The requested U...')
#1 /var/www/html/vendor/codeigniter4/framework/system/HTTP/CURLRequest.php(364): CodeIgniter\HTTP\CURLRequest->sendRequest(Array)
#2 /var/www/html/vendor/codeigniter4/framework/system/HTTP/CURLRequest.php(140): CodeIgniter\HTTP\CURLRequest->send('POST', 'https://fcm.goo...')
#3 /var/www/html/app/Models/Push.php(67): CodeIgniter\HTTP\CURLRequest->request('POST', 'https://fcm.goo...', Array)
#4 /var/www/html/app/Controllers/Admin/Config/AppConfigController.php(15): App\Models\Push->send()
#5 /var/www/html/vendor/codeigniter4/framework/system/CodeIgniter.php(832): App\Controllers\Admin\Config\AppConfigController->config()
#6 /var/www/html/vendor/codeigniter4/framework/system/CodeIgniter.php(419): CodeIgniter\CodeIgniter->runController(Object(App\Controllers\Admin\Config\AppConfigController))
#7 /var/www/html/vendor/codeigniter4/framework/system/CodeIgniter.php(326): CodeIgniter\CodeIgniter->handleRequest(NULL, Object(Config\Cache), false)
#8 /var/www/html/public/index.php(9): CodeIgniter\CodeIgniter->run()
#9 {main}
CRITICAL - 2022-08-16 15:23:09 --> 22 : The requested URL returned error: 404 
#0 /var/www/html/vendor/codeigniter4/framework/system/HTTP/CURLRequest.php(656): CodeIgniter\HTTP\Exceptions\HTTPException::forCurlError('22', 'The requested U...')
#1 /var/www/html/vendor/codeigniter4/framework/system/HTTP/CURLRequest.php(364): CodeIgniter\HTTP\CURLRequest->sendRequest(Array)
#2 /var/www/html/vendor/codeigniter4/framework/system/HTTP/CURLRequest.php(140): CodeIgniter\HTTP\CURLRequest->send('POST', 'https://fcm.goo...')
#3 /var/www/html/app/Models/Push.php(67): CodeIgniter\HTTP\CURLRequest->request('POST', 'https://fcm.goo...', Array)
#4 /var/www/html/app/Controllers/Admin/Config/AppConfigController.php(15): App\Models\Push->send()
#5 /var/www/html/vendor/codeigniter4/framework/system/CodeIgniter.php(832): App\Controllers\Admin\Config\AppConfigController->config()
#6 /var/www/html/vendor/codeigniter4/framework/system/CodeIgniter.php(419): CodeIgniter\CodeIgniter->runController(Object(App\Controllers\Admin\Config\AppConfigController))
#7 /var/www/html/vendor/codeigniter4/framework/system/CodeIgniter.php(326): CodeIgniter\CodeIgniter->handleRequest(NULL, Object(Config\Cache), false)
#8 /var/www/html/public/index.php(9): CodeIgniter\CodeIgniter->run()
#9 {main}
CRITICAL - 2022-08-16 15:32:10 --> Invalid file: Front/html/asdfasdf.html
#0 /var/www/html/vendor/codeigniter4/framework/system/View/View.php(198): CodeIgniter\Exceptions\FrameworkException::forInvalidFile('Front/html/asdf...')
#1 /var/www/html/vendor/codeigniter4/framework/system/Common.php(1089): CodeIgniter\View\View->render('Front/html/asdf...', Array, true)
#2 /var/www/html/app/Controllers/Front/Controller.php(41): view('Front/html/asdf...', Array)
#3 /var/www/html/vendor/codeigniter4/framework/system/CodeIgniter.php(326): App\Controllers\Front\Controller->__destruct()
#4 /var/www/html/public/index.php(9): CodeIgniter\CodeIgniter->run()
#5 {main}
CRITICAL - 2022-08-16 15:32:14 --> Invalid file: Front/html/asdfasdf.html
#0 /var/www/html/vendor/codeigniter4/framework/system/View/View.php(198): CodeIgniter\Exceptions\FrameworkException::forInvalidFile('Front/html/asdf...')
#1 /var/www/html/vendor/codeigniter4/framework/system/Common.php(1089): CodeIgniter\View\View->render('Front/html/asdf...', Array, true)
#2 /var/www/html/app/Controllers/Front/Controller.php(41): view('Front/html/asdf...', Array)
#3 /var/www/html/vendor/codeigniter4/framework/system/CodeIgniter.php(326): App\Controllers\Front\Controller->__destruct()
#4 /var/www/html/public/index.php(9): CodeIgniter\CodeIgniter->run()
#5 {main}
CRITICAL - 2022-08-16 15:50:17 --> Invalid file: Front/html/asdfasdf.html
#0 /var/www/html/vendor/codeigniter4/framework/system/View/View.php(198): CodeIgniter\Exceptions\FrameworkException::forInvalidFile('Front/html/asdf...')
#1 /var/www/html/vendor/codeigniter4/framework/system/Common.php(1089): CodeIgniter\View\View->render('Front/html/asdf...', Array, true)
#2 /var/www/html/app/Controllers/Front/Controller.php(41): view('Front/html/asdf...', Array)
#3 /var/www/html/vendor/codeigniter4/framework/system/CodeIgniter.php(326): App\Controllers\Front\Controller->__destruct()
#4 /var/www/html/public/index.php(9): CodeIgniter\CodeIgniter->run()
#5 {main}
CRITICAL - 2022-08-16 15:52:11 --> 22 : The requested URL returned error: 404 
#0 /var/www/html/vendor/codeigniter4/framework/system/HTTP/CURLRequest.php(656): CodeIgniter\HTTP\Exceptions\HTTPException::forCurlError('22', 'The requested U...')
#1 /var/www/html/vendor/codeigniter4/framework/system/HTTP/CURLRequest.php(364): CodeIgniter\HTTP\CURLRequest->sendRequest(Array)
#2 /var/www/html/vendor/codeigniter4/framework/system/HTTP/CURLRequest.php(140): CodeIgniter\HTTP\CURLRequest->send('POST', 'https://fcm.goo...')
#3 /var/www/html/app/Models/Push.php(67): CodeIgniter\HTTP\CURLRequest->request('POST', 'https://fcm.goo...', Array)
#4 /var/www/html/app/Controllers/Admin/Config/AppConfigController.php(13): App\Models\Push->send()
#5 /var/www/html/vendor/codeigniter4/framework/system/CodeIgniter.php(832): App\Controllers\Admin\Config\AppConfigController->config()
#6 /var/www/html/vendor/codeigniter4/framework/system/CodeIgniter.php(419): CodeIgniter\CodeIgniter->runController(Object(App\Controllers\Admin\Config\AppConfigController))
#7 /var/www/html/vendor/codeigniter4/framework/system/CodeIgniter.php(326): CodeIgniter\CodeIgniter->handleRequest(NULL, Object(Config\Cache), false)
#8 /var/www/html/public/index.php(9): CodeIgniter\CodeIgniter->run()
#9 {main}
CRITICAL - 2022-08-16 16:00:53 --> CodeIgniter\HTTP\CURLRequest::request(): Argument #3 ($options) must be of type array, string given, called in /var/www/html/app/Models/Push.php on line 67
#0 /var/www/html/app/Models/Push.php(67): CodeIgniter\HTTP\CURLRequest->request('POST', '/messages:send', '{"message":{"to...')
#1 /var/www/html/app/Controllers/Admin/Config/AppConfigController.php(14): App\Models\Push->send()
#2 /var/www/html/vendor/codeigniter4/framework/system/CodeIgniter.php(832): App\Controllers\Admin\Config\AppConfigController->config()
#3 /var/www/html/vendor/codeigniter4/framework/system/CodeIgniter.php(419): CodeIgniter\CodeIgniter->runController(Object(App\Controllers\Admin\Config\AppConfigController))
#4 /var/www/html/vendor/codeigniter4/framework/system/CodeIgniter.php(326): CodeIgniter\CodeIgniter->handleRequest(NULL, Object(Config\Cache), false)
#5 /var/www/html/public/index.php(9): CodeIgniter\CodeIgniter->run()
#6 {main}
CRITICAL - 2022-08-16 16:01:11 --> 22 : The requested URL returned error: 404 
#0 /var/www/html/vendor/codeigniter4/framework/system/HTTP/CURLRequest.php(656): CodeIgniter\HTTP\Exceptions\HTTPException::forCurlError('22', 'The requested U...')
#1 /var/www/html/vendor/codeigniter4/framework/system/HTTP/CURLRequest.php(364): CodeIgniter\HTTP\CURLRequest->sendRequest(Array)
#2 /var/www/html/vendor/codeigniter4/framework/system/HTTP/CURLRequest.php(140): CodeIgniter\HTTP\CURLRequest->send('POST', 'https://fcm.goo...')
#3 /var/www/html/app/Models/Push.php(67): CodeIgniter\HTTP\CURLRequest->request('POST', 'https://fcm.goo...', Array)
#4 /var/www/html/app/Controllers/Admin/Config/AppConfigController.php(14): App\Models\Push->send()
#5 /var/www/html/vendor/codeigniter4/framework/system/CodeIgniter.php(832): App\Controllers\Admin\Config\AppConfigController->config()
#6 /var/www/html/vendor/codeigniter4/framework/system/CodeIgniter.php(419): CodeIgniter\CodeIgniter->runController(Object(App\Controllers\Admin\Config\AppConfigController))
#7 /var/www/html/vendor/codeigniter4/framework/system/CodeIgniter.php(326): CodeIgniter\CodeIgniter->handleRequest(NULL, Object(Config\Cache), false)
#8 /var/www/html/public/index.php(9): CodeIgniter\CodeIgniter->run()
#9 {main}
CRITICAL - 2022-08-16 16:02:35 --> 22 : The requested URL returned error: 404 
#0 /var/www/html/vendor/codeigniter4/framework/system/HTTP/CURLRequest.php(656): CodeIgniter\HTTP\Exceptions\HTTPException::forCurlError('22', 'The requested U...')
#1 /var/www/html/vendor/codeigniter4/framework/system/HTTP/CURLRequest.php(364): CodeIgniter\HTTP\CURLRequest->sendRequest(Array)
#2 /var/www/html/vendor/codeigniter4/framework/system/HTTP/CURLRequest.php(140): CodeIgniter\HTTP\CURLRequest->send('POST', 'https://fcm.goo...')
#3 /var/www/html/app/Models/Push.php(67): CodeIgniter\HTTP\CURLRequest->request('POST', 'https://fcm.goo...', Array)
#4 /var/www/html/app/Controllers/Admin/Config/AppConfigController.php(14): App\Models\Push->send()
#5 /var/www/html/vendor/codeigniter4/framework/system/CodeIgniter.php(832): App\Controllers\Admin\Config\AppConfigController->config()
#6 /var/www/html/vendor/codeigniter4/framework/system/CodeIgniter.php(419): CodeIgniter\CodeIgniter->runController(Object(App\Controllers\Admin\Config\AppConfigController))
#7 /var/www/html/vendor/codeigniter4/framework/system/CodeIgniter.php(326): CodeIgniter\CodeIgniter->handleRequest(NULL, Object(Config\Cache), false)
#8 /var/www/html/public/index.php(9): CodeIgniter\CodeIgniter->run()
#9 {main}
CRITICAL - 2022-08-16 16:05:29 --> Undefined array key "title"
#0 /var/www/html/Views/Admin/config/app.html(74): CodeIgniter\Debug\Exceptions->errorHandler(2, 'Undefined array...', '/var/www/html/V...', 74)
#1 /var/www/html/vendor/codeigniter4/framework/system/View/View.php(210): include('/var/www/html/V...')
#2 /var/www/html/vendor/codeigniter4/framework/system/View/View.php(213): CodeIgniter\View\View->CodeIgniter\View\{closure}()
#3 /var/www/html/vendor/codeigniter4/framework/system/Common.php(1089): CodeIgniter\View\View->render('Admin/config/ap...', Array, true)
#4 /var/www/html/app/Controllers/Admin/Controller.php(31): view('Admin/config/ap...', Array)
#5 /var/www/html/vendor/codeigniter4/framework/system/CodeIgniter.php(326): App\Controllers\Admin\Controller->__destruct()
#6 /var/www/html/public/index.php(9): CodeIgniter\CodeIgniter->run()
#7 {main}
CRITICAL - 2022-08-16 16:05:50 --> Undefined array key "title"
#0 /var/www/html/Views/Admin/config/app.html(74): CodeIgniter\Debug\Exceptions->errorHandler(2, 'Undefined array...', '/var/www/html/V...', 74)
#1 /var/www/html/vendor/codeigniter4/framework/system/View/View.php(210): include('/var/www/html/V...')
#2 /var/www/html/vendor/codeigniter4/framework/system/View/View.php(213): CodeIgniter\View\View->CodeIgniter\View\{closure}()
#3 /var/www/html/vendor/codeigniter4/framework/system/Common.php(1089): CodeIgniter\View\View->render('Admin/config/ap...', Array, true)
#4 /var/www/html/app/Controllers/Admin/Controller.php(31): view('Admin/config/ap...', Array)
#5 /var/www/html/vendor/codeigniter4/framework/system/CodeIgniter.php(326): App\Controllers\Admin\Controller->__destruct()
#6 /var/www/html/public/index.php(9): CodeIgniter\CodeIgniter->run()
#7 {main}
CRITICAL - 2022-08-16 16:11:35 --> json_decode(): Passing null to parameter #1 ($json) of type string is deprecated
#0 [internal function]: CodeIgniter\Debug\Exceptions->errorHandler(8192, 'json_decode(): ...', '/var/www/html/a...', 75)
#1 /var/www/html/app/Models/BoardModel.php(75): json_decode(NULL, true)
#2 /var/www/html/vendor/codeigniter4/framework/system/BaseModel.php(1456): App\Models\BoardModel->jsonToArray(Array)
#3 /var/www/html/vendor/codeigniter4/framework/system/BaseModel.php(592): CodeIgniter\BaseModel->trigger('afterFind', Array)
#4 /var/www/html/vendor/codeigniter4/framework/system/BaseModel.php(1088): CodeIgniter\BaseModel->findAll(10, 0)
#5 /var/www/html/app/Models/BoardModel.php(120): CodeIgniter\BaseModel->paginate(10)
#6 /var/www/html/app/Controllers/Front/Board/BoardController.php(17): App\Models\BoardModel->getList()
#7 /var/www/html/vendor/codeigniter4/framework/system/CodeIgniter.php(832): App\Controllers\Front\Board\BoardController->list('notice')
#8 /var/www/html/vendor/codeigniter4/framework/system/CodeIgniter.php(419): CodeIgniter\CodeIgniter->runController(Object(App\Controllers\Front\Board\BoardController))
#9 /var/www/html/vendor/codeigniter4/framework/system/CodeIgniter.php(326): CodeIgniter\CodeIgniter->handleRequest(NULL, Object(Config\Cache), false)
#10 /var/www/html/public/index.php(9): CodeIgniter\CodeIgniter->run()
#11 {main}
CRITICAL - 2022-08-16 16:11:37 --> json_decode(): Passing null to parameter #1 ($json) of type string is deprecated
#0 [internal function]: CodeIgniter\Debug\Exceptions->errorHandler(8192, 'json_decode(): ...', '/var/www/html/a...', 75)
#1 /var/www/html/app/Models/BoardModel.php(75): json_decode(NULL, true)
#2 /var/www/html/vendor/codeigniter4/framework/system/BaseModel.php(1456): App\Models\BoardModel->jsonToArray(Array)
#3 /var/www/html/vendor/codeigniter4/framework/system/BaseModel.php(592): CodeIgniter\BaseModel->trigger('afterFind', Array)
#4 /var/www/html/vendor/codeigniter4/framework/system/BaseModel.php(1088): CodeIgniter\BaseModel->findAll(10, 0)
#5 /var/www/html/app/Models/BoardModel.php(120): CodeIgniter\BaseModel->paginate(10)
#6 /var/www/html/app/Controllers/Front/Board/BoardController.php(17): App\Models\BoardModel->getList()
#7 /var/www/html/vendor/codeigniter4/framework/system/CodeIgniter.php(832): App\Controllers\Front\Board\BoardController->list('notice')
#8 /var/www/html/vendor/codeigniter4/framework/system/CodeIgniter.php(419): CodeIgniter\CodeIgniter->runController(Object(App\Controllers\Front\Board\BoardController))
#9 /var/www/html/vendor/codeigniter4/framework/system/CodeIgniter.php(326): CodeIgniter\CodeIgniter->handleRequest(NULL, Object(Config\Cache), false)
#10 /var/www/html/public/index.php(9): CodeIgniter\CodeIgniter->run()
#11 {main}
CRITICAL - 2022-08-16 16:11:39 --> json_decode(): Passing null to parameter #1 ($json) of type string is deprecated
#0 [internal function]: CodeIgniter\Debug\Exceptions->errorHandler(8192, 'json_decode(): ...', '/var/www/html/a...', 75)
#1 /var/www/html/app/Models/BoardModel.php(75): json_decode(NULL, true)
#2 /var/www/html/vendor/codeigniter4/framework/system/BaseModel.php(1456): App\Models\BoardModel->jsonToArray(Array)
#3 /var/www/html/vendor/codeigniter4/framework/system/BaseModel.php(592): CodeIgniter\BaseModel->trigger('afterFind', Array)
#4 /var/www/html/vendor/codeigniter4/framework/system/BaseModel.php(1088): CodeIgniter\BaseModel->findAll(10, 0)
#5 /var/www/html/app/Models/BoardModel.php(120): CodeIgniter\BaseModel->paginate(10)
#6 /var/www/html/app/Controllers/Front/Board/BoardController.php(17): App\Models\BoardModel->getList()
#7 /var/www/html/vendor/codeigniter4/framework/system/CodeIgniter.php(832): App\Controllers\Front\Board\BoardController->list('notice')
#8 /var/www/html/vendor/codeigniter4/framework/system/CodeIgniter.php(419): CodeIgniter\CodeIgniter->runController(Object(App\Controllers\Front\Board\BoardController))
#9 /var/www/html/vendor/codeigniter4/framework/system/CodeIgniter.php(326): CodeIgniter\CodeIgniter->handleRequest(NULL, Object(Config\Cache), false)
#10 /var/www/html/public/index.php(9): CodeIgniter\CodeIgniter->run()
#11 {main}
CRITICAL - 2022-08-16 16:11:42 --> json_decode(): Passing null to parameter #1 ($json) of type string is deprecated
#0 [internal function]: CodeIgniter\Debug\Exceptions->errorHandler(8192, 'json_decode(): ...', '/var/www/html/a...', 75)
#1 /var/www/html/app/Models/BoardModel.php(75): json_decode(NULL, true)
#2 /var/www/html/vendor/codeigniter4/framework/system/BaseModel.php(1456): App\Models\BoardModel->jsonToArray(Array)
#3 /var/www/html/vendor/codeigniter4/framework/system/BaseModel.php(592): CodeIgniter\BaseModel->trigger('afterFind', Array)
#4 /var/www/html/vendor/codeigniter4/framework/system/BaseModel.php(1088): CodeIgniter\BaseModel->findAll(10, 0)
#5 /var/www/html/app/Models/BoardModel.php(120): CodeIgniter\BaseModel->paginate(10)
#6 /var/www/html/app/Controllers/Front/Board/BoardController.php(17): App\Models\BoardModel->getList()
#7 /var/www/html/vendor/codeigniter4/framework/system/CodeIgniter.php(832): App\Controllers\Front\Board\BoardController->list('notice')
#8 /var/www/html/vendor/codeigniter4/framework/system/CodeIgniter.php(419): CodeIgniter\CodeIgniter->runController(Object(App\Controllers\Front\Board\BoardController))
#9 /var/www/html/vendor/codeigniter4/framework/system/CodeIgniter.php(326): CodeIgniter\CodeIgniter->handleRequest(NULL, Object(Config\Cache), false)
#10 /var/www/html/public/index.php(9): CodeIgniter\CodeIgniter->run()
#11 {main}
CRITICAL - 2022-08-16 16:11:44 --> json_decode(): Passing null to parameter #1 ($json) of type string is deprecated
#0 [internal function]: CodeIgniter\Debug\Exceptions->errorHandler(8192, 'json_decode(): ...', '/var/www/html/a...', 75)
#1 /var/www/html/app/Models/BoardModel.php(75): json_decode(NULL, true)
#2 /var/www/html/vendor/codeigniter4/framework/system/BaseModel.php(1456): App\Models\BoardModel->jsonToArray(Array)
#3 /var/www/html/vendor/codeigniter4/framework/system/BaseModel.php(592): CodeIgniter\BaseModel->trigger('afterFind', Array)
#4 /var/www/html/vendor/codeigniter4/framework/system/BaseModel.php(1088): CodeIgniter\BaseModel->findAll(5, 0)
#5 /var/www/html/app/Models/BoardModel.php(120): CodeIgniter\BaseModel->paginate(5)
#6 /var/www/html/app/Controllers/Front/Widget/Widget.php(10): App\Models\BoardModel->getList()
#7 /var/www/html/Views/Front/main/index.html(8): App\Controllers\Front\Widget\Widget::getBoradSome('notice')
#8 /var/www/html/vendor/codeigniter4/framework/system/View/View.php(210): include('/var/www/html/V...')
#9 /var/www/html/vendor/codeigniter4/framework/system/View/View.php(213): CodeIgniter\View\View->CodeIgniter\View\{closure}()
#10 /var/www/html/vendor/codeigniter4/framework/system/Common.php(1089): CodeIgniter\View\View->render('Front/main/inde...', Array, true)
#11 /var/www/html/app/Controllers/Front/Controller.php(41): view('Front/main/inde...', Array)
#12 /var/www/html/vendor/codeigniter4/framework/system/CodeIgniter.php(326): App\Controllers\Front\Controller->__destruct()
#13 /var/www/html/public/index.php(9): CodeIgniter\CodeIgniter->run()
#14 {main}
CRITICAL - 2022-08-16 16:12:03 --> json_decode(): Passing null to parameter #1 ($json) of type string is deprecated
#0 [internal function]: CodeIgniter\Debug\Exceptions->errorHandler(8192, 'json_decode(): ...', '/var/www/html/a...', 75)
#1 /var/www/html/app/Models/BoardModel.php(75): json_decode(NULL, true)
#2 /var/www/html/vendor/codeigniter4/framework/system/BaseModel.php(1456): App\Models\BoardModel->jsonToArray(Array)
#3 /var/www/html/vendor/codeigniter4/framework/system/BaseModel.php(592): CodeIgniter\BaseModel->trigger('afterFind', Array)
#4 /var/www/html/vendor/codeigniter4/framework/system/BaseModel.php(1088): CodeIgniter\BaseModel->findAll(10, 0)
#5 /var/www/html/app/Models/BoardModel.php(120): CodeIgniter\BaseModel->paginate(10)
#6 /var/www/html/app/Controllers/Front/Board/BoardController.php(17): App\Models\BoardModel->getList()
#7 /var/www/html/vendor/codeigniter4/framework/system/CodeIgniter.php(832): App\Controllers\Front\Board\BoardController->list('notice')
#8 /var/www/html/vendor/codeigniter4/framework/system/CodeIgniter.php(419): CodeIgniter\CodeIgniter->runController(Object(App\Controllers\Front\Board\BoardController))
#9 /var/www/html/vendor/codeigniter4/framework/system/CodeIgniter.php(326): CodeIgniter\CodeIgniter->handleRequest(NULL, Object(Config\Cache), false)
#10 /var/www/html/public/index.php(9): CodeIgniter\CodeIgniter->run()
#11 {main}
CRITICAL - 2022-08-16 16:12:06 --> json_decode(): Passing null to parameter #1 ($json) of type string is deprecated
#0 [internal function]: CodeIgniter\Debug\Exceptions->errorHandler(8192, 'json_decode(): ...', '/var/www/html/a...', 75)
#1 /var/www/html/app/Models/BoardModel.php(75): json_decode(NULL, true)
#2 /var/www/html/vendor/codeigniter4/framework/system/BaseModel.php(1456): App\Models\BoardModel->jsonToArray(Array)
#3 /var/www/html/vendor/codeigniter4/framework/system/BaseModel.php(592): CodeIgniter\BaseModel->trigger('afterFind', Array)
#4 /var/www/html/vendor/codeigniter4/framework/system/BaseModel.php(1088): CodeIgniter\BaseModel->findAll(10, 0)
#5 /var/www/html/app/Models/BoardModel.php(120): CodeIgniter\BaseModel->paginate(10)
#6 /var/www/html/app/Controllers/Admin/Board/ContentController.php(21): App\Models\BoardModel->getList()
#7 /var/www/html/vendor/codeigniter4/framework/system/CodeIgniter.php(832): App\Controllers\Admin\Board\ContentController->list()
#8 /var/www/html/vendor/codeigniter4/framework/system/CodeIgniter.php(419): CodeIgniter\CodeIgniter->runController(Object(App\Controllers\Admin\Board\ContentController))
#9 /var/www/html/vendor/codeigniter4/framework/system/CodeIgniter.php(326): CodeIgniter\CodeIgniter->handleRequest(NULL, Object(Config\Cache), false)
#10 /var/www/html/public/index.php(9): CodeIgniter\CodeIgniter->run()
#11 {main}
CRITICAL - 2022-08-16 16:12:47 --> json_decode(): Passing null to parameter #1 ($json) of type string is deprecated
#0 [internal function]: CodeIgniter\Debug\Exceptions->errorHandler(8192, 'json_decode(): ...', '/var/www/html/a...', 75)
#1 /var/www/html/app/Models/BoardModel.php(75): json_decode(NULL, true)
#2 /var/www/html/vendor/codeigniter4/framework/system/BaseModel.php(1456): App\Models\BoardModel->jsonToArray(Array)
#3 /var/www/html/vendor/codeigniter4/framework/system/BaseModel.php(592): CodeIgniter\BaseModel->trigger('afterFind', Array)
#4 /var/www/html/vendor/codeigniter4/framework/system/BaseModel.php(1088): CodeIgniter\BaseModel->findAll(5, 0)
#5 /var/www/html/app/Models/BoardModel.php(120): CodeIgniter\BaseModel->paginate(5)
#6 /var/www/html/app/Controllers/Front/Widget/Widget.php(10): App\Models\BoardModel->getList()
#7 /var/www/html/Views/Front/main/index.html(8): App\Controllers\Front\Widget\Widget::getBoradSome('notice')
#8 /var/www/html/vendor/codeigniter4/framework/system/View/View.php(210): include('/var/www/html/V...')
#9 /var/www/html/vendor/codeigniter4/framework/system/View/View.php(213): CodeIgniter\View\View->CodeIgniter\View\{closure}()
#10 /var/www/html/vendor/codeigniter4/framework/system/Common.php(1089): CodeIgniter\View\View->render('Front/main/inde...', Array, true)
#11 /var/www/html/app/Controllers/Front/Controller.php(41): view('Front/main/inde...', Array)
#12 /var/www/html/vendor/codeigniter4/framework/system/CodeIgniter.php(326): App\Controllers\Front\Controller->__destruct()
#13 /var/www/html/public/index.php(9): CodeIgniter\CodeIgniter->run()
#14 {main}
CRITICAL - 2022-08-16 16:17:50 --> json_decode(): Passing null to parameter #1 ($json) of type string is deprecated
#0 [internal function]: CodeIgniter\Debug\Exceptions->errorHandler(8192, 'json_decode(): ...', '/var/www/html/a...', 75)
#1 /var/www/html/app/Models/BoardModel.php(75): json_decode(NULL, true)
#2 /var/www/html/vendor/codeigniter4/framework/system/BaseModel.php(1456): App\Models\BoardModel->jsonToArray(Array)
#3 /var/www/html/vendor/codeigniter4/framework/system/BaseModel.php(592): CodeIgniter\BaseModel->trigger('afterFind', Array)
#4 /var/www/html/vendor/codeigniter4/framework/system/BaseModel.php(1088): CodeIgniter\BaseModel->findAll(5, 0)
#5 /var/www/html/app/Models/BoardModel.php(120): CodeIgniter\BaseModel->paginate(5)
#6 /var/www/html/app/Controllers/Front/Widget/Widget.php(10): App\Models\BoardModel->getList()
#7 /var/www/html/Views/Front/main/index.html(8): App\Controllers\Front\Widget\Widget::getBoradSome('notice')
#8 /var/www/html/vendor/codeigniter4/framework/system/View/View.php(210): include('/var/www/html/V...')
#9 /var/www/html/vendor/codeigniter4/framework/system/View/View.php(213): CodeIgniter\View\View->CodeIgniter\View\{closure}()
#10 /var/www/html/vendor/codeigniter4/framework/system/Common.php(1089): CodeIgniter\View\View->render('Front/main/inde...', Array, true)
#11 /var/www/html/app/Controllers/Front/Controller.php(41): view('Front/main/inde...', Array)
#12 /var/www/html/vendor/codeigniter4/framework/system/CodeIgniter.php(326): App\Controllers\Front\Controller->__destruct()
#13 /var/www/html/public/index.php(9): CodeIgniter\CodeIgniter->run()
#14 {main}
CRITICAL - 2022-08-16 16:17:55 --> json_decode(): Passing null to parameter #1 ($json) of type string is deprecated
#0 [internal function]: CodeIgniter\Debug\Exceptions->errorHandler(8192, 'json_decode(): ...', '/var/www/html/a...', 75)
#1 /var/www/html/app/Models/BoardModel.php(75): json_decode(NULL, true)
#2 /var/www/html/vendor/codeigniter4/framework/system/BaseModel.php(1456): App\Models\BoardModel->jsonToArray(Array)
#3 /var/www/html/vendor/codeigniter4/framework/system/BaseModel.php(592): CodeIgniter\BaseModel->trigger('afterFind', Array)
#4 /var/www/html/vendor/codeigniter4/framework/system/BaseModel.php(1088): CodeIgniter\BaseModel->findAll(10, 0)
#5 /var/www/html/app/Models/BoardModel.php(120): CodeIgniter\BaseModel->paginate(10)
#6 /var/www/html/app/Controllers/Front/Board/BoardController.php(17): App\Models\BoardModel->getList()
#7 /var/www/html/vendor/codeigniter4/framework/system/CodeIgniter.php(832): App\Controllers\Front\Board\BoardController->list('notice')
#8 /var/www/html/vendor/codeigniter4/framework/system/CodeIgniter.php(419): CodeIgniter\CodeIgniter->runController(Object(App\Controllers\Front\Board\BoardController))
#9 /var/www/html/vendor/codeigniter4/framework/system/CodeIgniter.php(326): CodeIgniter\CodeIgniter->handleRequest(NULL, Object(Config\Cache), false)
#10 /var/www/html/public/index.php(9): CodeIgniter\CodeIgniter->run()
#11 {main}
CRITICAL - 2022-08-16 16:18:24 --> Call to a member function setLink() on null
#0 /var/www/html/vendor/codeigniter4/framework/system/CodeIgniter.php(832): App\Controllers\Admin\Config\AppConfigController->config()
#1 /var/www/html/vendor/codeigniter4/framework/system/CodeIgniter.php(419): CodeIgniter\CodeIgniter->runController(Object(App\Controllers\Admin\Config\AppConfigController))
#2 /var/www/html/vendor/codeigniter4/framework/system/CodeIgniter.php(326): CodeIgniter\CodeIgniter->handleRequest(NULL, Object(Config\Cache), false)
#3 /var/www/html/public/index.php(9): CodeIgniter\CodeIgniter->run()
#4 {main}
CRITICAL - 2022-08-16 16:18:37 --> Call to a member function setLink() on null
#0 /var/www/html/vendor/codeigniter4/framework/system/CodeIgniter.php(832): App\Controllers\Admin\Config\AppConfigController->config()
#1 /var/www/html/vendor/codeigniter4/framework/system/CodeIgniter.php(419): CodeIgniter\CodeIgniter->runController(Object(App\Controllers\Admin\Config\AppConfigController))
#2 /var/www/html/vendor/codeigniter4/framework/system/CodeIgniter.php(326): CodeIgniter\CodeIgniter->handleRequest(NULL, Object(Config\Cache), false)
#3 /var/www/html/public/index.php(9): CodeIgniter\CodeIgniter->run()
#4 {main}
CRITICAL - 2022-08-16 16:22:14 --> 22 : The requested URL returned error: 404 
#0 /var/www/html/vendor/codeigniter4/framework/system/HTTP/CURLRequest.php(656): CodeIgniter\HTTP\Exceptions\HTTPException::forCurlError('22', 'The requested U...')
#1 /var/www/html/vendor/codeigniter4/framework/system/HTTP/CURLRequest.php(364): CodeIgniter\HTTP\CURLRequest->sendRequest(Array)
#2 /var/www/html/vendor/codeigniter4/framework/system/HTTP/CURLRequest.php(140): CodeIgniter\HTTP\CURLRequest->send('POST', 'https://fcm.goo...')
#3 /var/www/html/app/Models/Push.php(98): CodeIgniter\HTTP\CURLRequest->request('POST', 'https://fcm.goo...', Array)
#4 /var/www/html/app/Controllers/Admin/Config/AppConfigController.php(18): App\Models\Push->send()
#5 /var/www/html/vendor/codeigniter4/framework/system/CodeIgniter.php(832): App\Controllers\Admin\Config\AppConfigController->config()
#6 /var/www/html/vendor/codeigniter4/framework/system/CodeIgniter.php(419): CodeIgniter\CodeIgniter->runController(Object(App\Controllers\Admin\Config\AppConfigController))
#7 /var/www/html/vendor/codeigniter4/framework/system/CodeIgniter.php(326): CodeIgniter\CodeIgniter->handleRequest(NULL, Object(Config\Cache), false)
#8 /var/www/html/public/index.php(9): CodeIgniter\CodeIgniter->run()
#9 {main}
CRITICAL - 2022-08-16 16:22:34 --> json_decode(): Passing null to parameter #1 ($json) of type string is deprecated
#0 [internal function]: CodeIgniter\Debug\Exceptions->errorHandler(8192, 'json_decode(): ...', '/var/www/html/a...', 75)
#1 /var/www/html/app/Models/BoardModel.php(75): json_decode(NULL, true)
#2 /var/www/html/vendor/codeigniter4/framework/system/BaseModel.php(1456): App\Models\BoardModel->jsonToArray(Array)
#3 /var/www/html/vendor/codeigniter4/framework/system/BaseModel.php(592): CodeIgniter\BaseModel->trigger('afterFind', Array)
#4 /var/www/html/vendor/codeigniter4/framework/system/BaseModel.php(1088): CodeIgniter\BaseModel->findAll(10, 0)
#5 /var/www/html/app/Models/BoardModel.php(120): CodeIgniter\BaseModel->paginate(10)
#6 /var/www/html/app/Controllers/Admin/Board/ContentController.php(21): App\Models\BoardModel->getList()
#7 /var/www/html/vendor/codeigniter4/framework/system/CodeIgniter.php(832): App\Controllers\Admin\Board\ContentController->list()
#8 /var/www/html/vendor/codeigniter4/framework/system/CodeIgniter.php(419): CodeIgniter\CodeIgniter->runController(Object(App\Controllers\Admin\Board\ContentController))
#9 /var/www/html/vendor/codeigniter4/framework/system/CodeIgniter.php(326): CodeIgniter\CodeIgniter->handleRequest(NULL, Object(Config\Cache), false)
#10 /var/www/html/public/index.php(9): CodeIgniter\CodeIgniter->run()
#11 {main}
CRITICAL - 2022-08-16 16:25:16 --> 22 : The requested URL returned error: 404 
#0 /var/www/html/vendor/codeigniter4/framework/system/HTTP/CURLRequest.php(656): CodeIgniter\HTTP\Exceptions\HTTPException::forCurlError('22', 'The requested U...')
#1 /var/www/html/vendor/codeigniter4/framework/system/HTTP/CURLRequest.php(364): CodeIgniter\HTTP\CURLRequest->sendRequest(Array)
#2 /var/www/html/vendor/codeigniter4/framework/system/HTTP/CURLRequest.php(140): CodeIgniter\HTTP\CURLRequest->send('POST', 'https://fcm.goo...')
#3 /var/www/html/app/Models/Push.php(98): CodeIgniter\HTTP\CURLRequest->request('POST', 'https://fcm.goo...', Array)
#4 /var/www/html/app/Controllers/Admin/Config/AppConfigController.php(19): App\Models\Push->send()
#5 /var/www/html/vendor/codeigniter4/framework/system/CodeIgniter.php(832): App\Controllers\Admin\Config\AppConfigController->config()
#6 /var/www/html/vendor/codeigniter4/framework/system/CodeIgniter.php(419): CodeIgniter\CodeIgniter->runController(Object(App\Controllers\Admin\Config\AppConfigController))
#7 /var/www/html/vendor/codeigniter4/framework/system/CodeIgniter.php(326): CodeIgniter\CodeIgniter->handleRequest(NULL, Object(Config\Cache), false)
#8 /var/www/html/public/index.php(9): CodeIgniter\CodeIgniter->run()
#9 {main}
CRITICAL - 2022-08-16 16:29:30 --> 22 : The requested URL returned error: 404 
#0 /var/www/html/vendor/codeigniter4/framework/system/HTTP/CURLRequest.php(656): CodeIgniter\HTTP\Exceptions\HTTPException::forCurlError('22', 'The requested U...')
#1 /var/www/html/vendor/codeigniter4/framework/system/HTTP/CURLRequest.php(364): CodeIgniter\HTTP\CURLRequest->sendRequest(Array)
#2 /var/www/html/vendor/codeigniter4/framework/system/HTTP/CURLRequest.php(140): CodeIgniter\HTTP\CURLRequest->send('POST', 'https://fcm.goo...')
#3 /var/www/html/app/Models/Push.php(98): CodeIgniter\HTTP\CURLRequest->request('POST', 'https://fcm.goo...', Array)
#4 /var/www/html/app/Controllers/Admin/Config/AppConfigController.php(20): App\Models\Push->send()
#5 /var/www/html/vendor/codeigniter4/framework/system/CodeIgniter.php(832): App\Controllers\Admin\Config\AppConfigController->config()
#6 /var/www/html/vendor/codeigniter4/framework/system/CodeIgniter.php(419): CodeIgniter\CodeIgniter->runController(Object(App\Controllers\Admin\Config\AppConfigController))
#7 /var/www/html/vendor/codeigniter4/framework/system/CodeIgniter.php(326): CodeIgniter\CodeIgniter->handleRequest(NULL, Object(Config\Cache), false)
#8 /var/www/html/public/index.php(9): CodeIgniter\CodeIgniter->run()
#9 {main}
CRITICAL - 2022-08-16 16:33:50 --> 22 : The requested URL returned error: 404 
#0 /var/www/html/vendor/codeigniter4/framework/system/HTTP/CURLRequest.php(656): CodeIgniter\HTTP\Exceptions\HTTPException::forCurlError('22', 'The requested U...')
#1 /var/www/html/vendor/codeigniter4/framework/system/HTTP/CURLRequest.php(364): CodeIgniter\HTTP\CURLRequest->sendRequest(Array)
#2 /var/www/html/vendor/codeigniter4/framework/system/HTTP/CURLRequest.php(140): CodeIgniter\HTTP\CURLRequest->send('POST', 'https://fcm.goo...')
#3 /var/www/html/app/Models/Push.php(98): CodeIgniter\HTTP\CURLRequest->request('POST', 'https://fcm.goo...', Array)
#4 /var/www/html/app/Controllers/Admin/Config/AppConfigController.php(20): App\Models\Push->send()
#5 /var/www/html/vendor/codeigniter4/framework/system/CodeIgniter.php(832): App\Controllers\Admin\Config\AppConfigController->config()
#6 /var/www/html/vendor/codeigniter4/framework/system/CodeIgniter.php(419): CodeIgniter\CodeIgniter->runController(Object(App\Controllers\Admin\Config\AppConfigController))
#7 /var/www/html/vendor/codeigniter4/framework/system/CodeIgniter.php(326): CodeIgniter\CodeIgniter->handleRequest(NULL, Object(Config\Cache), false)
#8 /var/www/html/public/index.php(9): CodeIgniter\CodeIgniter->run()
#9 {main}
CRITICAL - 2022-08-16 16:34:12 --> 22 : The requested URL returned error: 404 
#0 /var/www/html/vendor/codeigniter4/framework/system/HTTP/CURLRequest.php(656): CodeIgniter\HTTP\Exceptions\HTTPException::forCurlError('22', 'The requested U...')
#1 /var/www/html/vendor/codeigniter4/framework/system/HTTP/CURLRequest.php(364): CodeIgniter\HTTP\CURLRequest->sendRequest(Array)
#2 /var/www/html/vendor/codeigniter4/framework/system/HTTP/CURLRequest.php(140): CodeIgniter\HTTP\CURLRequest->send('POST', 'https://fcm.goo...')
#3 /var/www/html/app/Models/Push.php(98): CodeIgniter\HTTP\CURLRequest->request('POST', 'https://fcm.goo...', Array)
#4 /var/www/html/app/Controllers/Admin/Config/AppConfigController.php(20): App\Models\Push->send()
#5 /var/www/html/vendor/codeigniter4/framework/system/CodeIgniter.php(832): App\Controllers\Admin\Config\AppConfigController->config()
#6 /var/www/html/vendor/codeigniter4/framework/system/CodeIgniter.php(419): CodeIgniter\CodeIgniter->runController(Object(App\Controllers\Admin\Config\AppConfigController))
#7 /var/www/html/vendor/codeigniter4/framework/system/CodeIgniter.php(326): CodeIgniter\CodeIgniter->handleRequest(NULL, Object(Config\Cache), false)
#8 /var/www/html/public/index.php(9): CodeIgniter\CodeIgniter->run()
#9 {main}
CRITICAL - 2022-08-16 16:35:35 --> 22 : The requested URL returned error: 404 
#0 /var/www/html/vendor/codeigniter4/framework/system/HTTP/CURLRequest.php(656): CodeIgniter\HTTP\Exceptions\HTTPException::forCurlError('22', 'The requested U...')
#1 /var/www/html/vendor/codeigniter4/framework/system/HTTP/CURLRequest.php(364): CodeIgniter\HTTP\CURLRequest->sendRequest(Array)
#2 /var/www/html/vendor/codeigniter4/framework/system/HTTP/CURLRequest.php(140): CodeIgniter\HTTP\CURLRequest->send('POST', 'https://fcm.goo...')
#3 /var/www/html/app/Models/Push.php(98): CodeIgniter\HTTP\CURLRequest->request('POST', 'https://fcm.goo...', Array)
#4 /var/www/html/app/Controllers/Admin/Config/AppConfigController.php(20): App\Models\Push->send()
#5 /var/www/html/vendor/codeigniter4/framework/system/CodeIgniter.php(832): App\Controllers\Admin\Config\AppConfigController->config()
#6 /var/www/html/vendor/codeigniter4/framework/system/CodeIgniter.php(419): CodeIgniter\CodeIgniter->runController(Object(App\Controllers\Admin\Config\AppConfigController))
#7 /var/www/html/vendor/codeigniter4/framework/system/CodeIgniter.php(326): CodeIgniter\CodeIgniter->handleRequest(NULL, Object(Config\Cache), false)
#8 /var/www/html/public/index.php(9): CodeIgniter\CodeIgniter->run()
#9 {main}
CRITICAL - 2022-08-16 16:38:37 --> 22 : The requested URL returned error: 404 
#0 /var/www/html/vendor/codeigniter4/framework/system/HTTP/CURLRequest.php(656): CodeIgniter\HTTP\Exceptions\HTTPException::forCurlError('22', 'The requested U...')
#1 /var/www/html/vendor/codeigniter4/framework/system/HTTP/CURLRequest.php(364): CodeIgniter\HTTP\CURLRequest->sendRequest(Array)
#2 /var/www/html/vendor/codeigniter4/framework/system/HTTP/CURLRequest.php(140): CodeIgniter\HTTP\CURLRequest->send('POST', 'https://fcm.goo...')
#3 /var/www/html/app/Models/Push.php(98): CodeIgniter\HTTP\CURLRequest->request('POST', 'https://fcm.goo...', Array)
#4 /var/www/html/app/Controllers/Admin/Config/AppConfigController.php(20): App\Models\Push->send()
#5 /var/www/html/vendor/codeigniter4/framework/system/CodeIgniter.php(832): App\Controllers\Admin\Config\AppConfigController->config()
#6 /var/www/html/vendor/codeigniter4/framework/system/CodeIgniter.php(419): CodeIgniter\CodeIgniter->runController(Object(App\Controllers\Admin\Config\AppConfigController))
#7 /var/www/html/vendor/codeigniter4/framework/system/CodeIgniter.php(326): CodeIgniter\CodeIgniter->handleRequest(NULL, Object(Config\Cache), false)
#8 /var/www/html/public/index.php(9): CodeIgniter\CodeIgniter->run()
#9 {main}
CRITICAL - 2022-08-16 16:43:57 --> 22 : The requested URL returned error: 400 
#0 /var/www/html/vendor/codeigniter4/framework/system/HTTP/CURLRequest.php(656): CodeIgniter\HTTP\Exceptions\HTTPException::forCurlError('22', 'The requested U...')
#1 /var/www/html/vendor/codeigniter4/framework/system/HTTP/CURLRequest.php(364): CodeIgniter\HTTP\CURLRequest->sendRequest(Array)
#2 /var/www/html/vendor/codeigniter4/framework/system/HTTP/CURLRequest.php(140): CodeIgniter\HTTP\CURLRequest->send('POST', 'https://fcm.goo...')
#3 /var/www/html/app/Models/Push.php(98): CodeIgniter\HTTP\CURLRequest->request('POST', 'https://fcm.goo...', Array)
#4 /var/www/html/app/Controllers/Admin/Config/AppConfigController.php(20): App\Models\Push->send()
#5 /var/www/html/vendor/codeigniter4/framework/system/CodeIgniter.php(832): App\Controllers\Admin\Config\AppConfigController->config()
#6 /var/www/html/vendor/codeigniter4/framework/system/CodeIgniter.php(419): CodeIgniter\CodeIgniter->runController(Object(App\Controllers\Admin\Config\AppConfigController))
#7 /var/www/html/vendor/codeigniter4/framework/system/CodeIgniter.php(326): CodeIgniter\CodeIgniter->handleRequest(NULL, Object(Config\Cache), false)
#8 /var/www/html/public/index.php(9): CodeIgniter\CodeIgniter->run()
#9 {main}
CRITICAL - 2022-08-16 16:44:25 --> CodeIgniter\HTTP\CURLRequest::request(): Argument #2 ($url) must be of type string, null given, called in /var/www/html/app/Models/Push.php on line 98
#0 /var/www/html/app/Models/Push.php(98): CodeIgniter\HTTP\CURLRequest->request('POST', NULL, Array)
#1 /var/www/html/app/Controllers/Admin/Config/AppConfigController.php(20): App\Models\Push->send()
#2 /var/www/html/vendor/codeigniter4/framework/system/CodeIgniter.php(832): App\Controllers\Admin\Config\AppConfigController->config()
#3 /var/www/html/vendor/codeigniter4/framework/system/CodeIgniter.php(419): CodeIgniter\CodeIgniter->runController(Object(App\Controllers\Admin\Config\AppConfigController))
#4 /var/www/html/vendor/codeigniter4/framework/system/CodeIgniter.php(326): CodeIgniter\CodeIgniter->handleRequest(NULL, Object(Config\Cache), false)
#5 /var/www/html/public/index.php(9): CodeIgniter\CodeIgniter->run()
#6 {main}
CRITICAL - 2022-08-16 16:44:54 --> CodeIgniter\HTTP\CURLRequest::request(): Argument #2 ($url) must be of type string, array given, called in /var/www/html/app/Models/Push.php on line 98
#0 /var/www/html/app/Models/Push.php(98): CodeIgniter\HTTP\CURLRequest->request('POST', Array)
#1 /var/www/html/app/Controllers/Admin/Config/AppConfigController.php(20): App\Models\Push->send()
#2 /var/www/html/vendor/codeigniter4/framework/system/CodeIgniter.php(832): App\Controllers\Admin\Config\AppConfigController->config()
#3 /var/www/html/vendor/codeigniter4/framework/system/CodeIgniter.php(419): CodeIgniter\CodeIgniter->runController(Object(App\Controllers\Admin\Config\AppConfigController))
#4 /var/www/html/vendor/codeigniter4/framework/system/CodeIgniter.php(326): CodeIgniter\CodeIgniter->handleRequest(NULL, Object(Config\Cache), false)
#5 /var/www/html/public/index.php(9): CodeIgniter\CodeIgniter->run()
#6 {main}
CRITICAL - 2022-08-16 16:45:07 --> CodeIgniter\HTTP\CURLRequest::post(): Argument #1 ($url) must be of type string, array given, called in /var/www/html/app/Models/Push.php on line 98
#0 /var/www/html/app/Models/Push.php(98): CodeIgniter\HTTP\CURLRequest->post(Array)
#1 /var/www/html/app/Controllers/Admin/Config/AppConfigController.php(20): App\Models\Push->send()
#2 /var/www/html/vendor/codeigniter4/framework/system/CodeIgniter.php(832): App\Controllers\Admin\Config\AppConfigController->config()
#3 /var/www/html/vendor/codeigniter4/framework/system/CodeIgniter.php(419): CodeIgniter\CodeIgniter->runController(Object(App\Controllers\Admin\Config\AppConfigController))
#4 /var/www/html/vendor/codeigniter4/framework/system/CodeIgniter.php(326): CodeIgniter\CodeIgniter->handleRequest(NULL, Object(Config\Cache), false)
#5 /var/www/html/public/index.php(9): CodeIgniter\CodeIgniter->run()
#6 {main}
CRITICAL - 2022-08-16 16:45:15 --> 22 : The requested URL returned error: 404 
#0 /var/www/html/vendor/codeigniter4/framework/system/HTTP/CURLRequest.php(656): CodeIgniter\HTTP\Exceptions\HTTPException::forCurlError('22', 'The requested U...')
#1 /var/www/html/vendor/codeigniter4/framework/system/HTTP/CURLRequest.php(364): CodeIgniter\HTTP\CURLRequest->sendRequest(Array)
#2 /var/www/html/vendor/codeigniter4/framework/system/HTTP/CURLRequest.php(140): CodeIgniter\HTTP\CURLRequest->send('POST', 'https://fcm.goo...')
#3 /var/www/html/app/Models/Push.php(98): CodeIgniter\HTTP\CURLRequest->request('POST', 'https://fcm.goo...', Array)
#4 /var/www/html/app/Controllers/Admin/Config/AppConfigController.php(20): App\Models\Push->send()
#5 /var/www/html/vendor/codeigniter4/framework/system/CodeIgniter.php(832): App\Controllers\Admin\Config\AppConfigController->config()
#6 /var/www/html/vendor/codeigniter4/framework/system/CodeIgniter.php(419): CodeIgniter\CodeIgniter->runController(Object(App\Controllers\Admin\Config\AppConfigController))
#7 /var/www/html/vendor/codeigniter4/framework/system/CodeIgniter.php(326): CodeIgniter\CodeIgniter->handleRequest(NULL, Object(Config\Cache), false)
#8 /var/www/html/public/index.php(9): CodeIgniter\CodeIgniter->run()
#9 {main}
CRITICAL - 2022-08-16 16:46:44 --> 22 : The requested URL returned error: 400 
#0 /var/www/html/vendor/codeigniter4/framework/system/HTTP/CURLRequest.php(656): CodeIgniter\HTTP\Exceptions\HTTPException::forCurlError('22', 'The requested U...')
#1 /var/www/html/vendor/codeigniter4/framework/system/HTTP/CURLRequest.php(364): CodeIgniter\HTTP\CURLRequest->sendRequest(Array)
#2 /var/www/html/vendor/codeigniter4/framework/system/HTTP/CURLRequest.php(140): CodeIgniter\HTTP\CURLRequest->send('POST', 'https://fcm.goo...')
#3 /var/www/html/app/Models/Push.php(99): CodeIgniter\HTTP\CURLRequest->request('POST', 'https://fcm.goo...', Array)
#4 /var/www/html/app/Controllers/Admin/Config/AppConfigController.php(20): App\Models\Push->send()
#5 /var/www/html/vendor/codeigniter4/framework/system/CodeIgniter.php(832): App\Controllers\Admin\Config\AppConfigController->config()
#6 /var/www/html/vendor/codeigniter4/framework/system/CodeIgniter.php(419): CodeIgniter\CodeIgniter->runController(Object(App\Controllers\Admin\Config\AppConfigController))
#7 /var/www/html/vendor/codeigniter4/framework/system/CodeIgniter.php(326): CodeIgniter\CodeIgniter->handleRequest(NULL, Object(Config\Cache), false)
#8 /var/www/html/public/index.php(9): CodeIgniter\CodeIgniter->run()
#9 {main}
CRITICAL - 2022-08-16 16:47:11 --> 22 : The requested URL returned error: 404 
#0 /var/www/html/vendor/codeigniter4/framework/system/HTTP/CURLRequest.php(656): CodeIgniter\HTTP\Exceptions\HTTPException::forCurlError('22', 'The requested U...')
#1 /var/www/html/vendor/codeigniter4/framework/system/HTTP/CURLRequest.php(364): CodeIgniter\HTTP\CURLRequest->sendRequest(Array)
#2 /var/www/html/vendor/codeigniter4/framework/system/HTTP/CURLRequest.php(140): CodeIgniter\HTTP\CURLRequest->send('POST', 'https://fcm.goo...')
#3 /var/www/html/app/Models/Push.php(99): CodeIgniter\HTTP\CURLRequest->request('POST', 'https://fcm.goo...', Array)
#4 /var/www/html/app/Controllers/Admin/Config/AppConfigController.php(20): App\Models\Push->send()
#5 /var/www/html/vendor/codeigniter4/framework/system/CodeIgniter.php(832): App\Controllers\Admin\Config\AppConfigController->config()
#6 /var/www/html/vendor/codeigniter4/framework/system/CodeIgniter.php(419): CodeIgniter\CodeIgniter->runController(Object(App\Controllers\Admin\Config\AppConfigController))
#7 /var/www/html/vendor/codeigniter4/framework/system/CodeIgniter.php(326): CodeIgniter\CodeIgniter->handleRequest(NULL, Object(Config\Cache), false)
#8 /var/www/html/public/index.php(9): CodeIgniter\CodeIgniter->run()
#9 {main}
CRITICAL - 2022-08-16 16:47:30 --> 22 : The requested URL returned error: 400 
#0 /var/www/html/vendor/codeigniter4/framework/system/HTTP/CURLRequest.php(656): CodeIgniter\HTTP\Exceptions\HTTPException::forCurlError('22', 'The requested U...')
#1 /var/www/html/vendor/codeigniter4/framework/system/HTTP/CURLRequest.php(364): CodeIgniter\HTTP\CURLRequest->sendRequest(Array)
#2 /var/www/html/vendor/codeigniter4/framework/system/HTTP/CURLRequest.php(140): CodeIgniter\HTTP\CURLRequest->send('POST', 'https://fcm.goo...')
#3 /var/www/html/app/Models/Push.php(99): CodeIgniter\HTTP\CURLRequest->request('POST', 'https://fcm.goo...', Array)
#4 /var/www/html/app/Controllers/Admin/Config/AppConfigController.php(20): App\Models\Push->send()
#5 /var/www/html/vendor/codeigniter4/framework/system/CodeIgniter.php(832): App\Controllers\Admin\Config\AppConfigController->config()
#6 /var/www/html/vendor/codeigniter4/framework/system/CodeIgniter.php(419): CodeIgniter\CodeIgniter->runController(Object(App\Controllers\Admin\Config\AppConfigController))
#7 /var/www/html/vendor/codeigniter4/framework/system/CodeIgniter.php(326): CodeIgniter\CodeIgniter->handleRequest(NULL, Object(Config\Cache), false)
#8 /var/www/html/public/index.php(9): CodeIgniter\CodeIgniter->run()
#9 {main}
CRITICAL - 2022-08-16 17:07:19 --> 22 : The requested URL returned error: 400 
#0 /var/www/html/vendor/codeigniter4/framework/system/HTTP/CURLRequest.php(656): CodeIgniter\HTTP\Exceptions\HTTPException::forCurlError('22', 'The requested U...')
#1 /var/www/html/vendor/codeigniter4/framework/system/HTTP/CURLRequest.php(364): CodeIgniter\HTTP\CURLRequest->sendRequest(Array)
#2 /var/www/html/vendor/codeigniter4/framework/system/HTTP/CURLRequest.php(140): CodeIgniter\HTTP\CURLRequest->send('POST', 'https://fcm.goo...')
#3 /var/www/html/app/Models/Push.php(99): CodeIgniter\HTTP\CURLRequest->request('POST', 'https://fcm.goo...', Array)
#4 /var/www/html/app/Controllers/Admin/Config/AppConfigController.php(20): App\Models\Push->send()
#5 /var/www/html/vendor/codeigniter4/framework/system/CodeIgniter.php(832): App\Controllers\Admin\Config\AppConfigController->config()
#6 /var/www/html/vendor/codeigniter4/framework/system/CodeIgniter.php(419): CodeIgniter\CodeIgniter->runController(Object(App\Controllers\Admin\Config\AppConfigController))
#7 /var/www/html/vendor/codeigniter4/framework/system/CodeIgniter.php(326): CodeIgniter\CodeIgniter->handleRequest(NULL, Object(Config\Cache), false)
#8 /var/www/html/public/index.php(9): CodeIgniter\CodeIgniter->run()
#9 {main}
CRITICAL - 2022-08-16 17:08:06 --> 22 : The requested URL returned error: 400 
#0 /var/www/html/vendor/codeigniter4/framework/system/HTTP/CURLRequest.php(656): CodeIgniter\HTTP\Exceptions\HTTPException::forCurlError('22', 'The requested U...')
#1 /var/www/html/vendor/codeigniter4/framework/system/HTTP/CURLRequest.php(364): CodeIgniter\HTTP\CURLRequest->sendRequest(Array)
#2 /var/www/html/vendor/codeigniter4/framework/system/HTTP/CURLRequest.php(140): CodeIgniter\HTTP\CURLRequest->send('POST', 'https://fcm.goo...')
#3 /var/www/html/app/Models/Push.php(99): CodeIgniter\HTTP\CURLRequest->request('POST', 'https://fcm.goo...', Array)
#4 /var/www/html/app/Controllers/Admin/Config/AppConfigController.php(20): App\Models\Push->send()
#5 /var/www/html/vendor/codeigniter4/framework/system/CodeIgniter.php(832): App\Controllers\Admin\Config\AppConfigController->config()
#6 /var/www/html/vendor/codeigniter4/framework/system/CodeIgniter.php(419): CodeIgniter\CodeIgniter->runController(Object(App\Controllers\Admin\Config\AppConfigController))
#7 /var/www/html/vendor/codeigniter4/framework/system/CodeIgniter.php(326): CodeIgniter\CodeIgniter->handleRequest(NULL, Object(Config\Cache), false)
#8 /var/www/html/public/index.php(9): CodeIgniter\CodeIgniter->run()
#9 {main}
CRITICAL - 2022-08-16 17:09:23 --> 22 : The requested URL returned error: 400 
#0 /var/www/html/vendor/codeigniter4/framework/system/HTTP/CURLRequest.php(656): CodeIgniter\HTTP\Exceptions\HTTPException::forCurlError('22', 'The requested U...')
#1 /var/www/html/vendor/codeigniter4/framework/system/HTTP/CURLRequest.php(364): CodeIgniter\HTTP\CURLRequest->sendRequest(Array)
#2 /var/www/html/vendor/codeigniter4/framework/system/HTTP/CURLRequest.php(140): CodeIgniter\HTTP\CURLRequest->send('POST', 'https://fcm.goo...')
#3 /var/www/html/app/Models/Push.php(99): CodeIgniter\HTTP\CURLRequest->request('POST', 'https://fcm.goo...', Array)
#4 /var/www/html/app/Controllers/Admin/Config/AppConfigController.php(20): App\Models\Push->send()
#5 /var/www/html/vendor/codeigniter4/framework/system/CodeIgniter.php(832): App\Controllers\Admin\Config\AppConfigController->config()
#6 /var/www/html/vendor/codeigniter4/framework/system/CodeIgniter.php(419): CodeIgniter\CodeIgniter->runController(Object(App\Controllers\Admin\Config\AppConfigController))
#7 /var/www/html/vendor/codeigniter4/framework/system/CodeIgniter.php(326): CodeIgniter\CodeIgniter->handleRequest(NULL, Object(Config\Cache), false)
#8 /var/www/html/public/index.php(9): CodeIgniter\CodeIgniter->run()
#9 {main}
CRITICAL - 2022-08-16 17:09:49 --> 22 : The requested URL returned error: 403 
#0 /var/www/html/vendor/codeigniter4/framework/system/HTTP/CURLRequest.php(656): CodeIgniter\HTTP\Exceptions\HTTPException::forCurlError('22', 'The requested U...')
#1 /var/www/html/vendor/codeigniter4/framework/system/HTTP/CURLRequest.php(364): CodeIgniter\HTTP\CURLRequest->sendRequest(Array)
#2 /var/www/html/vendor/codeigniter4/framework/system/HTTP/CURLRequest.php(140): CodeIgniter\HTTP\CURLRequest->send('POST', 'https://fcm.goo...')
#3 /var/www/html/app/Models/Push.php(99): CodeIgniter\HTTP\CURLRequest->request('POST', 'https://fcm.goo...', Array)
#4 /var/www/html/app/Controllers/Admin/Config/AppConfigController.php(20): App\Models\Push->send()
#5 /var/www/html/vendor/codeigniter4/framework/system/CodeIgniter.php(832): App\Controllers\Admin\Config\AppConfigController->config()
#6 /var/www/html/vendor/codeigniter4/framework/system/CodeIgniter.php(419): CodeIgniter\CodeIgniter->runController(Object(App\Controllers\Admin\Config\AppConfigController))
#7 /var/www/html/vendor/codeigniter4/framework/system/CodeIgniter.php(326): CodeIgniter\CodeIgniter->handleRequest(NULL, Object(Config\Cache), false)
#8 /var/www/html/public/index.php(9): CodeIgniter\CodeIgniter->run()
#9 {main}
CRITICAL - 2022-08-16 17:12:08 --> 22 : The requested URL returned error: 400 
#0 /var/www/html/vendor/codeigniter4/framework/system/HTTP/CURLRequest.php(656): CodeIgniter\HTTP\Exceptions\HTTPException::forCurlError('22', 'The requested U...')
#1 /var/www/html/vendor/codeigniter4/framework/system/HTTP/CURLRequest.php(364): CodeIgniter\HTTP\CURLRequest->sendRequest(Array)
#2 /var/www/html/vendor/codeigniter4/framework/system/HTTP/CURLRequest.php(140): CodeIgniter\HTTP\CURLRequest->send('POST', 'https://fcm.goo...')
#3 /var/www/html/app/Models/Push.php(99): CodeIgniter\HTTP\CURLRequest->request('POST', 'https://fcm.goo...', Array)
#4 /var/www/html/app/Controllers/Admin/Config/AppConfigController.php(20): App\Models\Push->send()
#5 /var/www/html/vendor/codeigniter4/framework/system/CodeIgniter.php(832): App\Controllers\Admin\Config\AppConfigController->config()
#6 /var/www/html/vendor/codeigniter4/framework/system/CodeIgniter.php(419): CodeIgniter\CodeIgniter->runController(Object(App\Controllers\Admin\Config\AppConfigController))
#7 /var/www/html/vendor/codeigniter4/framework/system/CodeIgniter.php(326): CodeIgniter\CodeIgniter->handleRequest(NULL, Object(Config\Cache), false)
#8 /var/www/html/public/index.php(9): CodeIgniter\CodeIgniter->run()
#9 {main}
CRITICAL - 2022-08-16 17:21:55 --> file "/uploads/2022/08/16/1660626355_bb731e56d8522ccf0e47.json" does not exist
#0 /var/www/html/app/Models/Push.php(26): Google\Client->setAuthConfig('/uploads/2022/0...')
#1 /var/www/html/app/Controllers/Admin/Config/AppConfigController.php(13): App\Models\Push->__construct()
#2 /var/www/html/vendor/codeigniter4/framework/system/CodeIgniter.php(832): App\Controllers\Admin\Config\AppConfigController->config()
#3 /var/www/html/vendor/codeigniter4/framework/system/CodeIgniter.php(419): CodeIgniter\CodeIgniter->runController(Object(App\Controllers\Admin\Config\AppConfigController))
#4 /var/www/html/vendor/codeigniter4/framework/system/CodeIgniter.php(326): CodeIgniter\CodeIgniter->handleRequest(NULL, Object(Config\Cache), false)
#5 /var/www/html/public/index.php(9): CodeIgniter\CodeIgniter->run()
#6 {main}
CRITICAL - 2022-08-16 17:35:04 --> 22 : The requested URL returned error: 401 
#0 /var/www/html/vendor/codeigniter4/framework/system/HTTP/CURLRequest.php(656): CodeIgniter\HTTP\Exceptions\HTTPException::forCurlError('22', 'The requested U...')
#1 /var/www/html/vendor/codeigniter4/framework/system/HTTP/CURLRequest.php(364): CodeIgniter\HTTP\CURLRequest->sendRequest(Array)
#2 /var/www/html/vendor/codeigniter4/framework/system/HTTP/CURLRequest.php(140): CodeIgniter\HTTP\CURLRequest->send('POST', 'https://fcm.goo...')
#3 /var/www/html/app/Models/Push.php(113): CodeIgniter\HTTP\CURLRequest->request('POST', 'https://fcm.goo...', Array)
#4 /var/www/html/app/Controllers/Admin/Config/AppConfigController.php(20): App\Models\Push->send()
#5 /var/www/html/vendor/codeigniter4/framework/system/CodeIgniter.php(832): App\Controllers\Admin\Config\AppConfigController->config()
#6 /var/www/html/vendor/codeigniter4/framework/system/CodeIgniter.php(419): CodeIgniter\CodeIgniter->runController(Object(App\Controllers\Admin\Config\AppConfigController))
#7 /var/www/html/vendor/codeigniter4/framework/system/CodeIgniter.php(326): CodeIgniter\CodeIgniter->handleRequest(NULL, Object(Config\Cache), false)
#8 /var/www/html/public/index.php(9): CodeIgniter\CodeIgniter->run()
#9 {main}
