CRITICAL - 2022-10-28 13:23:11 --> App\Models\Social\ValidatMemberInfo::validateFilde(): Return value must be of type bool, none returned
#0 /var/www/html/app/Controllers/Admin/Main/IndexController.php(17): App\Models\Social\ValidatMemberInfo::validateFilde()
#1 /var/www/html/vendor/codeigniter4/framework/system/CodeIgniter.php(832): App\Controllers\Admin\Main\IndexController->index()
#2 /var/www/html/vendor/codeigniter4/framework/system/CodeIgniter.php(419): CodeIgniter\CodeIgniter->runController(Object(App\Controllers\Admin\Main\IndexController))
#3 /var/www/html/vendor/codeigniter4/framework/system/CodeIgniter.php(326): CodeIgniter\CodeIgniter->handleRequest(NULL, Object(Config\Cache), false)
#4 /var/www/html/public/index.php(9): CodeIgniter\CodeIgniter->run()
#5 {main}
CRITICAL - 2022-10-28 13:23:28 --> App\Models\Social\ValidatMemberInfo::validateFilde(): Return value must be of type bool, none returned
#0 /var/www/html/app/Controllers/Admin/Main/IndexController.php(17): App\Models\Social\ValidatMemberInfo::validateFilde()
#1 /var/www/html/vendor/codeigniter4/framework/system/CodeIgniter.php(832): App\Controllers\Admin\Main\IndexController->index()
#2 /var/www/html/vendor/codeigniter4/framework/system/CodeIgniter.php(419): CodeIgniter\CodeIgniter->runController(Object(App\Controllers\Admin\Main\IndexController))
#3 /var/www/html/vendor/codeigniter4/framework/system/CodeIgniter.php(326): CodeIgniter\CodeIgniter->handleRequest(NULL, Object(Config\Cache), false)
#4 /var/www/html/public/index.php(9): CodeIgniter\CodeIgniter->run()
#5 {main}
CRITICAL - 2022-10-28 13:23:41 --> App\Models\Social\ValidatMemberInfo::validateFilde(): Return value must be of type bool, none returned
#0 /var/www/html/app/Controllers/Admin/Main/IndexController.php(17): App\Models\Social\ValidatMemberInfo::validateFilde()
#1 /var/www/html/vendor/codeigniter4/framework/system/CodeIgniter.php(832): App\Controllers\Admin\Main\IndexController->index()
#2 /var/www/html/vendor/codeigniter4/framework/system/CodeIgniter.php(419): CodeIgniter\CodeIgniter->runController(Object(App\Controllers\Admin\Main\IndexController))
#3 /var/www/html/vendor/codeigniter4/framework/system/CodeIgniter.php(326): CodeIgniter\CodeIgniter->handleRequest(NULL, Object(Config\Cache), false)
#4 /var/www/html/public/index.php(9): CodeIgniter\CodeIgniter->run()
#5 {main}
CRITICAL - 2022-10-28 13:47:57 --> syntax error, unexpected identifier "info"
#0 /var/www/html/vendor/codeigniter4/framework/system/Autoloader/Autoloader.php(241): CodeIgniter\Autoloader\Autoloader->includeFile('/var/www/html/v...')
#1 /var/www/html/vendor/codeigniter4/framework/system/Autoloader/Autoloader.php(219): CodeIgniter\Autoloader\Autoloader->loadInNamespace('App\\Models\\Soci...')
#2 /var/www/html/app/Controllers/Admin/Main/IndexController.php(21): CodeIgniter\Autoloader\Autoloader->loadClass('App\\Models\\Soci...')
#3 /var/www/html/vendor/codeigniter4/framework/system/CodeIgniter.php(832): App\Controllers\Admin\Main\IndexController->index()
#4 /var/www/html/vendor/codeigniter4/framework/system/CodeIgniter.php(419): CodeIgniter\CodeIgniter->runController(Object(App\Controllers\Admin\Main\IndexController))
#5 /var/www/html/vendor/codeigniter4/framework/system/CodeIgniter.php(326): CodeIgniter\CodeIgniter->handleRequest(NULL, Object(Config\Cache), false)
#6 /var/www/html/public/index.php(9): CodeIgniter\CodeIgniter->run()
#7 {main}
CRITICAL - 2022-10-28 13:51:42 --> Undefined variable $filed_
#0 /var/www/html/app/Models/Social/ValidatMemberInfo.php(24): CodeIgniter\Debug\Exceptions->errorHandler(2, 'Undefined varia...', '/var/www/html/a...', 24)
#1 /var/www/html/app/Controllers/Admin/Main/IndexController.php(21): App\Models\Social\ValidatMemberInfo::validateFilde(Array, 'info.name')
#2 /var/www/html/vendor/codeigniter4/framework/system/CodeIgniter.php(832): App\Controllers\Admin\Main\IndexController->index()
#3 /var/www/html/vendor/codeigniter4/framework/system/CodeIgniter.php(419): CodeIgniter\CodeIgniter->runController(Object(App\Controllers\Admin\Main\IndexController))
#4 /var/www/html/vendor/codeigniter4/framework/system/CodeIgniter.php(326): CodeIgniter\CodeIgniter->handleRequest(NULL, Object(Config\Cache), false)
#5 /var/www/html/public/index.php(9): CodeIgniter\CodeIgniter->run()
#6 {main}
CRITICAL - 2022-10-28 14:06:24 --> Undefined constant App\Models\Social\ValidatMemberInfo::validateMemberInfo
#0 /var/www/html/app/Models/Social/Kakao.php(118): App\Models\Social\Kakao->loginAlert(2)
#1 /var/www/html/app/Models/Social/Kakao.php(86): App\Models\Social\Kakao->loginComplete(2)
#2 /var/www/html/app/Models/Social/Kakao.php(61): App\Models\Social\Kakao->validateId(Array)
#3 /var/www/html/app/Models/Social/Kakao.php(43): App\Models\Social\Kakao->getKakaoInfo(Array)
#4 /var/www/html/app/Models/Social/Kakao.php(25): App\Models\Social\Kakao->getToken('67OyHqBxGZ4EAMf...')
#5 /var/www/html/vendor/codeigniter4/framework/system/CodeIgniter.php(832): App\Models\Social\Kakao->login()
#6 /var/www/html/vendor/codeigniter4/framework/system/CodeIgniter.php(419): CodeIgniter\CodeIgniter->runController(Object(App\Models\Social\Kakao))
#7 /var/www/html/vendor/codeigniter4/framework/system/CodeIgniter.php(326): CodeIgniter\CodeIgniter->handleRequest(NULL, Object(Config\Cache), false)
#8 /var/www/html/public/index.php(9): CodeIgniter\CodeIgniter->run()
#9 {main}
CRITICAL - 2022-10-28 14:06:57 --> Undefined array key "biz"
#0 /var/www/html/app/Models/Social/ValidatMemberInfo.php(46): CodeIgniter\Debug\Exceptions->errorHandler(2, 'Undefined array...', '/var/www/html/a...', 46)
#1 /var/www/html/app/Models/Social/Kakao.php(125): App\Models\Social\ValidatMemberInfo::validateMemberInfo(2)
#2 /var/www/html/app/Models/Social/Kakao.php(118): App\Models\Social\Kakao->loginAlert(2)
#3 /var/www/html/app/Models/Social/Kakao.php(86): App\Models\Social\Kakao->loginComplete(2)
#4 /var/www/html/app/Models/Social/Kakao.php(61): App\Models\Social\Kakao->validateId(Array)
#5 /var/www/html/app/Models/Social/Kakao.php(43): App\Models\Social\Kakao->getKakaoInfo(Array)
#6 /var/www/html/app/Models/Social/Kakao.php(25): App\Models\Social\Kakao->getToken('yK8iun2aDAnpK6q...')
#7 /var/www/html/vendor/codeigniter4/framework/system/CodeIgniter.php(832): App\Models\Social\Kakao->login()
#8 /var/www/html/vendor/codeigniter4/framework/system/CodeIgniter.php(419): CodeIgniter\CodeIgniter->runController(Object(App\Models\Social\Kakao))
#9 /var/www/html/vendor/codeigniter4/framework/system/CodeIgniter.php(326): CodeIgniter\CodeIgniter->handleRequest(NULL, Object(Config\Cache), false)
#10 /var/www/html/public/index.php(9): CodeIgniter\CodeIgniter->run()
#11 {main}
