CRITICAL - 2022-12-06 14:21:53 --> Trying to access array offset on value of type null
#0 /var/www/html/app/Models/Menu/FrontMenu.php(136): CodeIgniter\Debug\Exceptions->errorHandler(2, 'Trying to acces...', '/var/www/html/a...', 136)
#1 /var/www/html/app/Models/Menu/FrontMenu.php(129): App\Models\Menu\FrontMenu->getFinalParentNo(0)
#2 /var/www/html/app/Models/Menu/FrontMenu.php(120): App\Models\Menu\FrontMenu->getNomalPageNm()
#3 /var/www/html/Views/Front/outline/menu.html(37): App\Models\Menu\FrontMenu->getSubVisualNm()
#4 /var/www/html/vendor/codeigniter4/framework/system/View/View.php(210): include('/var/www/html/V...')
#5 /var/www/html/vendor/codeigniter4/framework/system/View/View.php(213): CodeIgniter\View\View->CodeIgniter\View\{closure}()
#6 /var/www/html/vendor/codeigniter4/framework/system/Common.php(1089): CodeIgniter\View\View->render('Front/outline/m...', Array, true)
#7 /var/www/html/app/Controllers/Front/Controller.php(87): view('Front/outline/m...', Array)
#8 /var/www/html/vendor/codeigniter4/framework/system/CodeIgniter.php(326): App\Controllers\Front\Controller->__destruct()
#9 /var/www/html/public/index.php(9): CodeIgniter\CodeIgniter->run()
#10 {main}
CRITICAL - 2022-12-06 14:23:23 --> Trying to access array offset on value of type null
#0 /var/www/html/app/Models/Menu/FrontMenu.php(137): CodeIgniter\Debug\Exceptions->errorHandler(2, 'Trying to acces...', '/var/www/html/a...', 137)
#1 /var/www/html/app/Models/Menu/FrontMenu.php(129): App\Models\Menu\FrontMenu->getFinalParentNo(0)
#2 /var/www/html/app/Models/Menu/FrontMenu.php(120): App\Models\Menu\FrontMenu->getNomalPageNm()
#3 /var/www/html/Views/Front/outline/menu.html(37): App\Models\Menu\FrontMenu->getSubVisualNm()
#4 /var/www/html/vendor/codeigniter4/framework/system/View/View.php(210): include('/var/www/html/V...')
#5 /var/www/html/vendor/codeigniter4/framework/system/View/View.php(213): CodeIgniter\View\View->CodeIgniter\View\{closure}()
#6 /var/www/html/vendor/codeigniter4/framework/system/Common.php(1089): CodeIgniter\View\View->render('Front/outline/m...', Array, true)
#7 /var/www/html/app/Controllers/Front/Controller.php(87): view('Front/outline/m...', Array)
#8 /var/www/html/vendor/codeigniter4/framework/system/CodeIgniter.php(326): App\Controllers\Front\Controller->__destruct()
#9 /var/www/html/public/index.php(9): CodeIgniter\CodeIgniter->run()
#10 {main}
