CRITICAL - 2022-10-19 14:23:17 --> syntax error, unexpected token "{"
#0 /var/www/html/vendor/codeigniter4/framework/system/Autoloader/Autoloader.php(241): CodeIgniter\Autoloader\Autoloader->includeFile('/var/www/html/v...')
#1 /var/www/html/vendor/codeigniter4/framework/system/Autoloader/Autoloader.php(219): CodeIgniter\Autoloader\Autoloader->loadInNamespace('App\\Controllers...')
#2 /var/www/html/app/Controllers/Front/Main/IndexController.php(4): CodeIgniter\Autoloader\Autoloader->loadClass('App\\Controllers...')
#3 /var/www/html/vendor/codeigniter4/framework/system/Autoloader/Autoloader.php(264): include_once('/var/www/html/a...')
#4 /var/www/html/vendor/codeigniter4/framework/system/Autoloader/Autoloader.php(241): CodeIgniter\Autoloader\Autoloader->includeFile('/var/www/html/v...')
#5 /var/www/html/vendor/codeigniter4/framework/system/Autoloader/Autoloader.php(219): CodeIgniter\Autoloader\Autoloader->loadInNamespace('App\\Controllers...')
#6 [internal function]: CodeIgniter\Autoloader\Autoloader->loadClass('App\\Controllers...')
#7 /var/www/html/vendor/codeigniter4/framework/system/CodeIgniter.php(797): class_exists('\\App\\Controller...', true)
#8 /var/www/html/vendor/codeigniter4/framework/system/CodeIgniter.php(406): CodeIgniter\CodeIgniter->startController()
#9 /var/www/html/vendor/codeigniter4/framework/system/CodeIgniter.php(326): CodeIgniter\CodeIgniter->handleRequest(NULL, Object(Config\Cache), false)
#10 /var/www/html/public/index.php(9): CodeIgniter\CodeIgniter->run()
#11 {main}
CRITICAL - 2022-10-19 14:23:27 --> syntax error, unexpected token "{"
#0 /var/www/html/vendor/codeigniter4/framework/system/Autoloader/Autoloader.php(241): CodeIgniter\Autoloader\Autoloader->includeFile('/var/www/html/v...')
#1 /var/www/html/vendor/codeigniter4/framework/system/Autoloader/Autoloader.php(219): CodeIgniter\Autoloader\Autoloader->loadInNamespace('App\\Controllers...')
#2 /var/www/html/app/Controllers/Front/Main/IndexController.php(4): CodeIgniter\Autoloader\Autoloader->loadClass('App\\Controllers...')
#3 /var/www/html/vendor/codeigniter4/framework/system/Autoloader/Autoloader.php(264): include_once('/var/www/html/a...')
#4 /var/www/html/vendor/codeigniter4/framework/system/Autoloader/Autoloader.php(241): CodeIgniter\Autoloader\Autoloader->includeFile('/var/www/html/v...')
#5 /var/www/html/vendor/codeigniter4/framework/system/Autoloader/Autoloader.php(219): CodeIgniter\Autoloader\Autoloader->loadInNamespace('App\\Controllers...')
#6 [internal function]: CodeIgniter\Autoloader\Autoloader->loadClass('App\\Controllers...')
#7 /var/www/html/vendor/codeigniter4/framework/system/CodeIgniter.php(797): class_exists('\\App\\Controller...', true)
#8 /var/www/html/vendor/codeigniter4/framework/system/CodeIgniter.php(406): CodeIgniter\CodeIgniter->startController()
#9 /var/www/html/vendor/codeigniter4/framework/system/CodeIgniter.php(326): CodeIgniter\CodeIgniter->handleRequest(NULL, Object(Config\Cache), false)
#10 /var/www/html/public/index.php(9): CodeIgniter\CodeIgniter->run()
#11 {main}
CRITICAL - 2022-10-19 14:23:45 --> syntax error, unexpected token "{"
#0 /var/www/html/vendor/codeigniter4/framework/system/Autoloader/Autoloader.php(241): CodeIgniter\Autoloader\Autoloader->includeFile('/var/www/html/v...')
#1 /var/www/html/vendor/codeigniter4/framework/system/Autoloader/Autoloader.php(219): CodeIgniter\Autoloader\Autoloader->loadInNamespace('App\\Controllers...')
#2 /var/www/html/app/Controllers/Front/Main/IndexController.php(4): CodeIgniter\Autoloader\Autoloader->loadClass('App\\Controllers...')
#3 /var/www/html/vendor/codeigniter4/framework/system/Autoloader/Autoloader.php(264): include_once('/var/www/html/a...')
#4 /var/www/html/vendor/codeigniter4/framework/system/Autoloader/Autoloader.php(241): CodeIgniter\Autoloader\Autoloader->includeFile('/var/www/html/v...')
#5 /var/www/html/vendor/codeigniter4/framework/system/Autoloader/Autoloader.php(219): CodeIgniter\Autoloader\Autoloader->loadInNamespace('App\\Controllers...')
#6 [internal function]: CodeIgniter\Autoloader\Autoloader->loadClass('App\\Controllers...')
#7 /var/www/html/vendor/codeigniter4/framework/system/CodeIgniter.php(797): class_exists('\\App\\Controller...', true)
#8 /var/www/html/vendor/codeigniter4/framework/system/CodeIgniter.php(406): CodeIgniter\CodeIgniter->startController()
#9 /var/www/html/vendor/codeigniter4/framework/system/CodeIgniter.php(326): CodeIgniter\CodeIgniter->handleRequest(NULL, Object(Config\Cache), false)
#10 /var/www/html/public/index.php(9): CodeIgniter\CodeIgniter->run()
#11 {main}
CRITICAL - 2022-10-19 14:23:46 --> syntax error, unexpected token "{"
#0 /var/www/html/vendor/codeigniter4/framework/system/Autoloader/Autoloader.php(241): CodeIgniter\Autoloader\Autoloader->includeFile('/var/www/html/v...')
#1 /var/www/html/vendor/codeigniter4/framework/system/Autoloader/Autoloader.php(219): CodeIgniter\Autoloader\Autoloader->loadInNamespace('App\\Controllers...')
#2 /var/www/html/app/Controllers/Front/Main/IndexController.php(4): CodeIgniter\Autoloader\Autoloader->loadClass('App\\Controllers...')
#3 /var/www/html/vendor/codeigniter4/framework/system/Autoloader/Autoloader.php(264): include_once('/var/www/html/a...')
#4 /var/www/html/vendor/codeigniter4/framework/system/Autoloader/Autoloader.php(241): CodeIgniter\Autoloader\Autoloader->includeFile('/var/www/html/v...')
#5 /var/www/html/vendor/codeigniter4/framework/system/Autoloader/Autoloader.php(219): CodeIgniter\Autoloader\Autoloader->loadInNamespace('App\\Controllers...')
#6 [internal function]: CodeIgniter\Autoloader\Autoloader->loadClass('App\\Controllers...')
#7 /var/www/html/vendor/codeigniter4/framework/system/CodeIgniter.php(797): class_exists('\\App\\Controller...', true)
#8 /var/www/html/vendor/codeigniter4/framework/system/CodeIgniter.php(406): CodeIgniter\CodeIgniter->startController()
#9 /var/www/html/vendor/codeigniter4/framework/system/CodeIgniter.php(326): CodeIgniter\CodeIgniter->handleRequest(NULL, Object(Config\Cache), false)
#10 /var/www/html/public/index.php(9): CodeIgniter\CodeIgniter->run()
#11 {main}
CRITICAL - 2022-10-19 14:23:47 --> syntax error, unexpected token "{"
#0 /var/www/html/vendor/codeigniter4/framework/system/Autoloader/Autoloader.php(241): CodeIgniter\Autoloader\Autoloader->includeFile('/var/www/html/v...')
#1 /var/www/html/vendor/codeigniter4/framework/system/Autoloader/Autoloader.php(219): CodeIgniter\Autoloader\Autoloader->loadInNamespace('App\\Controllers...')
#2 /var/www/html/app/Controllers/Front/Main/IndexController.php(4): CodeIgniter\Autoloader\Autoloader->loadClass('App\\Controllers...')
#3 /var/www/html/vendor/codeigniter4/framework/system/Autoloader/Autoloader.php(264): include_once('/var/www/html/a...')
#4 /var/www/html/vendor/codeigniter4/framework/system/Autoloader/Autoloader.php(241): CodeIgniter\Autoloader\Autoloader->includeFile('/var/www/html/v...')
#5 /var/www/html/vendor/codeigniter4/framework/system/Autoloader/Autoloader.php(219): CodeIgniter\Autoloader\Autoloader->loadInNamespace('App\\Controllers...')
#6 [internal function]: CodeIgniter\Autoloader\Autoloader->loadClass('App\\Controllers...')
#7 /var/www/html/vendor/codeigniter4/framework/system/CodeIgniter.php(797): class_exists('\\App\\Controller...', true)
#8 /var/www/html/vendor/codeigniter4/framework/system/CodeIgniter.php(406): CodeIgniter\CodeIgniter->startController()
#9 /var/www/html/vendor/codeigniter4/framework/system/CodeIgniter.php(326): CodeIgniter\CodeIgniter->handleRequest(NULL, Object(Config\Cache), false)
#10 /var/www/html/public/index.php(9): CodeIgniter\CodeIgniter->run()
#11 {main}
CRITICAL - 2022-10-19 15:27:54 --> Call to a member function getGnbMenu() on string
#0 /var/www/html/vendor/codeigniter4/framework/system/View/View.php(210): include()
#1 /var/www/html/vendor/codeigniter4/framework/system/View/View.php(213): CodeIgniter\View\View->CodeIgniter\View\{closure}()
#2 /var/www/html/vendor/codeigniter4/framework/system/Common.php(1089): CodeIgniter\View\View->render('Front/outline/m...', Array, true)
#3 /var/www/html/app/Controllers/Front/Controller.php(55): view('Front/outline/m...', Array)
#4 /var/www/html/vendor/codeigniter4/framework/system/CodeIgniter.php(326): App\Controllers\Front\Controller->__destruct()
#5 /var/www/html/public/index.php(9): CodeIgniter\CodeIgniter->run()
#6 {main}
CRITICAL - 2022-10-19 15:49:21 --> Trying to access array offset on value of type null
#0 /var/www/html/Views/Front/board/list/gallery.html(13): CodeIgniter\Debug\Exceptions->errorHandler(2, 'Trying to acces...', '/var/www/html/V...', 13)
#1 /var/www/html/vendor/codeigniter4/framework/system/View/View.php(210): include('/var/www/html/V...')
#2 /var/www/html/vendor/codeigniter4/framework/system/View/View.php(213): CodeIgniter\View\View->CodeIgniter\View\{closure}()
#3 /var/www/html/vendor/codeigniter4/framework/system/Common.php(1089): CodeIgniter\View\View->render('Front/board/lis...', Array, true)
#4 /var/www/html/Views/Front/board/list.html(16): view('Front/board/lis...')
#5 /var/www/html/vendor/codeigniter4/framework/system/View/View.php(210): include('/var/www/html/V...')
#6 /var/www/html/vendor/codeigniter4/framework/system/View/View.php(213): CodeIgniter\View\View->CodeIgniter\View\{closure}()
#7 /var/www/html/vendor/codeigniter4/framework/system/Common.php(1089): CodeIgniter\View\View->render('Front/board/lis...', Array, true)
#8 /var/www/html/app/Controllers/Front/Controller.php(56): view('Front/board/lis...', Array)
#9 /var/www/html/vendor/codeigniter4/framework/system/CodeIgniter.php(326): App\Controllers\Front\Controller->__destruct()
#10 /var/www/html/public/index.php(9): CodeIgniter\CodeIgniter->run()
#11 {main}
CRITICAL - 2022-10-19 16:00:32 --> Undefined variable $is_index
#0 /var/www/html/Views/Front/outline/header.html(22): CodeIgniter\Debug\Exceptions->errorHandler(2, 'Undefined varia...', '/var/www/html/V...', 22)
#1 /var/www/html/vendor/codeigniter4/framework/system/View/View.php(210): include('/var/www/html/V...')
#2 /var/www/html/vendor/codeigniter4/framework/system/View/View.php(213): CodeIgniter\View\View->CodeIgniter\View\{closure}()
#3 /var/www/html/vendor/codeigniter4/framework/system/Common.php(1089): CodeIgniter\View\View->render('Front/outline/h...', Array, true)
#4 /var/www/html/app/Controllers/Front/Controller.php(46): view('Front/outline/h...', Array)
#5 /var/www/html/vendor/codeigniter4/framework/system/CodeIgniter.php(326): App\Controllers\Front\Controller->__destruct()
#6 /var/www/html/public/index.php(9): CodeIgniter\CodeIgniter->run()
#7 {main}
CRITICAL - 2022-10-19 16:00:56 --> Undefined variable $menu
#0 /var/www/html/Views/Front/outline/menu.html(9): CodeIgniter\Debug\Exceptions->errorHandler(2, 'Undefined varia...', '/var/www/html/V...', 9)
#1 /var/www/html/vendor/codeigniter4/framework/system/View/View.php(210): include('/var/www/html/V...')
#2 /var/www/html/vendor/codeigniter4/framework/system/View/View.php(213): CodeIgniter\View\View->CodeIgniter\View\{closure}()
#3 /var/www/html/vendor/codeigniter4/framework/system/Common.php(1089): CodeIgniter\View\View->render('Front/outline/m...', Array, true)
#4 /var/www/html/app/Controllers/Front/Controller.php(47): view('Front/outline/m...', Array)
#5 /var/www/html/vendor/codeigniter4/framework/system/CodeIgniter.php(326): App\Controllers\Front\Controller->__destruct()
#6 /var/www/html/public/index.php(9): CodeIgniter\CodeIgniter->run()
#7 {main}
CRITICAL - 2022-10-19 16:00:57 --> Undefined variable $menu
#0 /var/www/html/Views/Front/outline/menu.html(9): CodeIgniter\Debug\Exceptions->errorHandler(2, 'Undefined varia...', '/var/www/html/V...', 9)
#1 /var/www/html/vendor/codeigniter4/framework/system/View/View.php(210): include('/var/www/html/V...')
#2 /var/www/html/vendor/codeigniter4/framework/system/View/View.php(213): CodeIgniter\View\View->CodeIgniter\View\{closure}()
#3 /var/www/html/vendor/codeigniter4/framework/system/Common.php(1089): CodeIgniter\View\View->render('Front/outline/m...', Array, true)
#4 /var/www/html/app/Controllers/Front/Controller.php(47): view('Front/outline/m...', Array)
#5 /var/www/html/vendor/codeigniter4/framework/system/CodeIgniter.php(326): App\Controllers\Front\Controller->__destruct()
#6 /var/www/html/public/index.php(9): CodeIgniter\CodeIgniter->run()
#7 {main}
