CRITICAL - 2022-09-02 09:13:42 --> Invalid file: Front/test/index.html
#0 /var/www/html/vendor/codeigniter4/framework/system/View/View.php(198): CodeIgniter\Exceptions\FrameworkException::forInvalidFile('Front/test/inde...')
#1 /var/www/html/vendor/codeigniter4/framework/system/Common.php(1089): CodeIgniter\View\View->render('Front/test/inde...', Array, true)
#2 /var/www/html/app/Controllers/Front/Controller.php(42): view('Front/test/inde...', Array)
#3 /var/www/html/vendor/codeigniter4/framework/system/CodeIgniter.php(326): App\Controllers\Front\Controller->__destruct()
#4 /var/www/html/public/index.php(9): CodeIgniter\CodeIgniter->run()
#5 {main}
CRITICAL - 2022-09-02 09:31:04 --> character_limiter(): Argument #1 ($str) must be of type string, null given, called in /var/www/html/Views/Front/board/list/youtube.html on line 26
#0 /var/www/html/Views/Front/board/list/youtube.html(26): character_limiter(NULL, 100000)
#1 /var/www/html/vendor/codeigniter4/framework/system/View/View.php(210): include('/var/www/html/V...')
#2 /var/www/html/vendor/codeigniter4/framework/system/View/View.php(213): CodeIgniter\View\View->CodeIgniter\View\{closure}()
#3 /var/www/html/vendor/codeigniter4/framework/system/Common.php(1089): CodeIgniter\View\View->render('Front/board/lis...', Array, true)
#4 /var/www/html/Views/Front/board/list.html(15): view('Front/board/lis...')
#5 /var/www/html/vendor/codeigniter4/framework/system/View/View.php(210): include('/var/www/html/V...')
#6 /var/www/html/vendor/codeigniter4/framework/system/View/View.php(213): CodeIgniter\View\View->CodeIgniter\View\{closure}()
#7 /var/www/html/vendor/codeigniter4/framework/system/Common.php(1089): CodeIgniter\View\View->render('Front/board/lis...', Array, true)
#8 /var/www/html/app/Controllers/Front/Controller.php(42): view('Front/board/lis...', Array)
#9 /var/www/html/vendor/codeigniter4/framework/system/CodeIgniter.php(326): App\Controllers\Front\Controller->__destruct()
#10 /var/www/html/public/index.php(9): CodeIgniter\CodeIgniter->run()
#11 {main}
CRITICAL - 2022-09-02 09:34:52 --> Call to undefined function character_limiter()
#0 /var/www/html/vendor/codeigniter4/framework/system/View/View.php(210): include()
#1 /var/www/html/vendor/codeigniter4/framework/system/View/View.php(213): CodeIgniter\View\View->CodeIgniter\View\{closure}()
#2 /var/www/html/vendor/codeigniter4/framework/system/Common.php(1089): CodeIgniter\View\View->render('Front/widget/bo...', Array, true)
#3 /var/www/html/app/Controllers/Front/Widget/Widget.php(11): view('Front/widget/bo...', Array)
#4 /var/www/html/Views/Front/main/index.html(34): App\Controllers\Front\Widget\Widget::getBoradSome('youtube', 5, 'youtube')
#5 /var/www/html/vendor/codeigniter4/framework/system/View/View.php(210): include('/var/www/html/V...')
#6 /var/www/html/vendor/codeigniter4/framework/system/View/View.php(213): CodeIgniter\View\View->CodeIgniter\View\{closure}()
#7 /var/www/html/vendor/codeigniter4/framework/system/Common.php(1089): CodeIgniter\View\View->render('Front/main/inde...', Array, true)
#8 /var/www/html/app/Controllers/Front/Controller.php(42): view('Front/main/inde...', Array)
#9 /var/www/html/vendor/codeigniter4/framework/system/CodeIgniter.php(326): App\Controllers\Front\Controller->__destruct()
#10 /var/www/html/public/index.php(9): CodeIgniter\CodeIgniter->run()
#11 {main}
CRITICAL - 2022-09-02 09:36:35 --> Call to undefined function character_limiter()
#0 /var/www/html/vendor/codeigniter4/framework/system/View/View.php(210): include()
#1 /var/www/html/vendor/codeigniter4/framework/system/View/View.php(213): CodeIgniter\View\View->CodeIgniter\View\{closure}()
#2 /var/www/html/vendor/codeigniter4/framework/system/Common.php(1089): CodeIgniter\View\View->render('Front/widget/bo...', Array, true)
#3 /var/www/html/app/Controllers/Front/Widget/Widget.php(11): view('Front/widget/bo...', Array)
#4 /var/www/html/Views/Front/main/index.html(34): App\Controllers\Front\Widget\Widget::getBoradSome('youtube', 5, 'youtube')
#5 /var/www/html/vendor/codeigniter4/framework/system/View/View.php(210): include('/var/www/html/V...')
#6 /var/www/html/vendor/codeigniter4/framework/system/View/View.php(213): CodeIgniter\View\View->CodeIgniter\View\{closure}()
#7 /var/www/html/vendor/codeigniter4/framework/system/Common.php(1089): CodeIgniter\View\View->render('Front/main/inde...', Array, true)
#8 /var/www/html/app/Controllers/Front/Controller.php(42): view('Front/main/inde...', Array)
#9 /var/www/html/vendor/codeigniter4/framework/system/CodeIgniter.php(326): App\Controllers\Front\Controller->__destruct()
#10 /var/www/html/public/index.php(9): CodeIgniter\CodeIgniter->run()
#11 {main}
CRITICAL - 2022-09-02 09:40:33 --> Call to undefined function character_limiter()
#0 /var/www/html/vendor/codeigniter4/framework/system/View/View.php(210): include()
#1 /var/www/html/vendor/codeigniter4/framework/system/View/View.php(213): CodeIgniter\View\View->CodeIgniter\View\{closure}()
#2 /var/www/html/vendor/codeigniter4/framework/system/Common.php(1089): CodeIgniter\View\View->render('Front/widget/bo...', Array, true)
#3 /var/www/html/app/Controllers/Front/Widget/Widget.php(11): view('Front/widget/bo...', Array)
#4 /var/www/html/Views/Front/main/index.html(34): App\Controllers\Front\Widget\Widget::getBoradSome('youtube', 5, 'youtube')
#5 /var/www/html/vendor/codeigniter4/framework/system/View/View.php(210): include('/var/www/html/V...')
#6 /var/www/html/vendor/codeigniter4/framework/system/View/View.php(213): CodeIgniter\View\View->CodeIgniter\View\{closure}()
#7 /var/www/html/vendor/codeigniter4/framework/system/Common.php(1089): CodeIgniter\View\View->render('Front/main/inde...', Array, true)
#8 /var/www/html/app/Controllers/Front/Controller.php(42): view('Front/main/inde...', Array)
#9 /var/www/html/vendor/codeigniter4/framework/system/CodeIgniter.php(326): App\Controllers\Front\Controller->__destruct()
#10 /var/www/html/public/index.php(9): CodeIgniter\CodeIgniter->run()
#11 {main}
CRITICAL - 2022-09-02 23:08:39 --> Call to undefined function character_limiter()
#0 /var/www/html/vendor/codeigniter4/framework/system/View/View.php(210): include()
#1 /var/www/html/vendor/codeigniter4/framework/system/View/View.php(213): CodeIgniter\View\View->CodeIgniter\View\{closure}()
#2 /var/www/html/vendor/codeigniter4/framework/system/Common.php(1089): CodeIgniter\View\View->render('Front/widget/bo...', Array, true)
#3 /var/www/html/app/Controllers/Front/Widget/Widget.php(11): view('Front/widget/bo...', Array)
#4 /var/www/html/Views/Front/main/index.html(34): App\Controllers\Front\Widget\Widget::getBoradSome('youtube', 5, 'youtube')
#5 /var/www/html/vendor/codeigniter4/framework/system/View/View.php(210): include('/var/www/html/V...')
#6 /var/www/html/vendor/codeigniter4/framework/system/View/View.php(213): CodeIgniter\View\View->CodeIgniter\View\{closure}()
#7 /var/www/html/vendor/codeigniter4/framework/system/Common.php(1089): CodeIgniter\View\View->render('Front/main/inde...', Array, true)
#8 /var/www/html/app/Controllers/Front/Controller.php(42): view('Front/main/inde...', Array)
#9 /var/www/html/vendor/codeigniter4/framework/system/CodeIgniter.php(326): App\Controllers\Front\Controller->__destruct()
#10 /var/www/html/public/index.php(9): CodeIgniter\CodeIgniter->run()
#11 {main}
